{"D:\\webproject\\some_news_project\\front-end\\__tests__\\utils\\utils.helper.js": {"path":"D:\\webproject\\some_news_project\\front-end\\__tests__\\utils\\utils.helper.js","statementMap":{"0":{"start":{"line":11,"column":4},"end":{"line":21,"column":6}},"1":{"start":{"line":16,"column":24},"end":{"line":16,"column":87}},"2":{"start":{"line":25,"column":4},"end":{"line":25,"column":84}},"3":{"start":{"line":26,"column":4},"end":{"line":26,"column":78}},"4":{"start":{"line":27,"column":4},"end":{"line":27,"column":84}},"5":{"start":{"line":28,"column":4},"end":{"line":28,"column":92}},"6":{"start":{"line":30,"column":4},"end":{"line":30,"column":61}},"7":{"start":{"line":32,"column":4},"end":{"line":34,"column":7}},"8":{"start":{"line":33,"column":8},"end":{"line":33,"column":68}},"9":{"start":{"line":38,"column":4},"end":{"line":38,"column":74}},"10":{"start":{"line":39,"column":4},"end":{"line":39,"column":80}},"11":{"start":{"line":41,"column":4},"end":{"line":41,"column":61}},"12":{"start":{"line":45,"column":4},"end":{"line":51,"column":6}},"13":{"start":{"line":53,"column":4},"end":{"line":53,"column":37}},"14":{"start":{"line":55,"column":4},"end":{"line":57,"column":7}},"15":{"start":{"line":56,"column":8},"end":{"line":56,"column":68}}},"fnMap":{"0":{"name":"renderReusable","decl":{"start":{"line":10,"column":9},"end":{"line":10,"column":23}},"loc":{"start":{"line":10,"column":56},"end":{"line":22,"column":1}},"line":10},"1":{"name":"(anonymous_1)","decl":{"start":{"line":15,"column":32},"end":{"line":15,"column":33}},"loc":{"start":{"line":16,"column":24},"end":{"line":16,"column":87}},"line":16},"2":{"name":"registerAccount","decl":{"start":{"line":24,"column":15},"end":{"line":24,"column":30}},"loc":{"start":{"line":24,"column":58},"end":{"line":35,"column":1}},"line":24},"3":{"name":"(anonymous_3)","decl":{"start":{"line":32,"column":18},"end":{"line":32,"column":19}},"loc":{"start":{"line":32,"column":24},"end":{"line":34,"column":5}},"line":32},"4":{"name":"loginUser","decl":{"start":{"line":37,"column":15},"end":{"line":37,"column":24}},"loc":{"start":{"line":37,"column":42},"end":{"line":42,"column":1}},"line":37},"5":{"name":"setupAuthedUser","decl":{"start":{"line":44,"column":15},"end":{"line":44,"column":30}},"loc":{"start":{"line":44,"column":48},"end":{"line":58,"column":1}},"line":44},"6":{"name":"(anonymous_6)","decl":{"start":{"line":55,"column":18},"end":{"line":55,"column":19}},"loc":{"start":{"line":55,"column":24},"end":{"line":57,"column":5}},"line":55}},"branchMap":{"0":{"loc":{"start":{"line":10,"column":24},"end":{"line":10,"column":46}},"type":"default-arg","locations":[{"start":{"line":10,"column":41},"end":{"line":10,"column":46}}],"line":10}},"s":{"0":18,"1":32,"2":1,"3":1,"4":1,"5":1,"6":1,"7":1,"8":13,"9":3,"10":3,"11":3,"12":2,"13":2,"14":2,"15":25},"f":{"0":18,"1":32,"2":1,"3":13,"4":3,"5":2,"6":25},"b":{"0":[0]},"_coverageSchema":"1a1c01bbd47fc00a2c39e90264f33305004495a9","hash":"fa0b51f95daeca870c67c6017b01decde59ea339"}
,"D:\\webproject\\some_news_project\\front-end\\src\\Providers.js": {"path":"D:\\webproject\\some_news_project\\front-end\\src\\Providers.js","statementMap":{"0":{"start":{"line":12,"column":4},"end":{"line":24,"column":6}},"1":{"start":{"line":27,"column":0},"end":{"line":29,"column":2}}},"fnMap":{"0":{"name":"Providers","decl":{"start":{"line":11,"column":16},"end":{"line":11,"column":25}},"loc":{"start":{"line":11,"column":40},"end":{"line":25,"column":1}},"line":11}},"branchMap":{},"s":{"0":18,"1":3},"f":{"0":18},"b":{},"_coverageSchema":"1a1c01bbd47fc00a2c39e90264f33305004495a9","hash":"92e8ea595fad3a51c35db626f60ddfca45679270"}
,"D:\\webproject\\some_news_project\\front-end\\src\\components\\index.js": {"path":"D:\\webproject\\some_news_project\\front-end\\src\\components\\index.js","statementMap":{},"fnMap":{},"branchMap":{},"s":{},"f":{},"b":{},"_coverageSchema":"1a1c01bbd47fc00a2c39e90264f33305004495a9","hash":"b8321529a9d0638760979ef471ec0d0419ff5c57"}
,"D:\\webproject\\some_news_project\\front-end\\src\\components\\footer\\Footer.jsx": {"path":"D:\\webproject\\some_news_project\\front-end\\src\\components\\footer\\Footer.jsx","statementMap":{"0":{"start":{"line":7,"column":4},"end":{"line":31,"column":6}}},"fnMap":{"0":{"name":"Footer","decl":{"start":{"line":6,"column":9},"end":{"line":6,"column":15}},"loc":{"start":{"line":6,"column":18},"end":{"line":32,"column":1}},"line":6}},"branchMap":{},"s":{"0":25},"f":{"0":25},"b":{},"_coverageSchema":"1a1c01bbd47fc00a2c39e90264f33305004495a9","hash":"dac2a6ae32f24b2ffae2fb584cc204a1ee906a9d"}
,"D:\\webproject\\some_news_project\\front-end\\src\\components\\header\\Header.jsx": {"path":"D:\\webproject\\some_news_project\\front-end\\src\\components\\header\\Header.jsx","statementMap":{"0":{"start":{"line":10,"column":4},"end":{"line":21,"column":6}}},"fnMap":{"0":{"name":"Header","decl":{"start":{"line":9,"column":9},"end":{"line":9,"column":15}},"loc":{"start":{"line":9,"column":18},"end":{"line":22,"column":1}},"line":9}},"branchMap":{},"s":{"0":25},"f":{"0":25},"b":{},"_coverageSchema":"1a1c01bbd47fc00a2c39e90264f33305004495a9","hash":"40bf5fed4fe59e5514edddf2f3a0b231b731f1d9"}
,"D:\\webproject\\some_news_project\\front-end\\src\\components\\navbar\\Navbar.jsx": {"path":"D:\\webproject\\some_news_project\\front-end\\src\\components\\navbar\\Navbar.jsx","statementMap":{"0":{"start":{"line":14,"column":33},"end":{"line":14,"column":49}},"1":{"start":{"line":15,"column":31},"end":{"line":15,"column":55}},"2":{"start":{"line":16,"column":30},"end":{"line":16,"column":53}},"3":{"start":{"line":17,"column":28},"end":{"line":17,"column":49}},"4":{"start":{"line":19,"column":44},"end":{"line":19,"column":59}},"5":{"start":{"line":21,"column":21},"end":{"line":21,"column":34}},"6":{"start":{"line":22,"column":24},"end":{"line":22,"column":41}},"7":{"start":{"line":23,"column":21},"end":{"line":23,"column":34}},"8":{"start":{"line":25,"column":27},"end":{"line":27,"column":5}},"9":{"start":{"line":26,"column":8},"end":{"line":26,"column":39}},"10":{"start":{"line":29,"column":23},"end":{"line":36,"column":5}},"11":{"start":{"line":30,"column":8},"end":{"line":30,"column":17}},"12":{"start":{"line":31,"column":8},"end":{"line":31,"column":21}},"13":{"start":{"line":32,"column":8},"end":{"line":32,"column":25}},"14":{"start":{"line":33,"column":8},"end":{"line":33,"column":24}},"15":{"start":{"line":34,"column":8},"end":{"line":34,"column":22}},"16":{"start":{"line":35,"column":8},"end":{"line":35,"column":27}},"17":{"start":{"line":39,"column":8},"end":{"line":65,"column":9}},"18":{"start":{"line":40,"column":12},"end":{"line":64,"column":14}},"19":{"start":{"line":68,"column":4},"end":{"line":106,"column":6}}},"fnMap":{"0":{"name":"Navbar","decl":{"start":{"line":13,"column":9},"end":{"line":13,"column":15}},"loc":{"start":{"line":13,"column":18},"end":{"line":107,"column":1}},"line":13},"1":{"name":"(anonymous_1)","decl":{"start":{"line":25,"column":27},"end":{"line":25,"column":28}},"loc":{"start":{"line":25,"column":33},"end":{"line":27,"column":5}},"line":25},"2":{"name":"(anonymous_2)","decl":{"start":{"line":29,"column":23},"end":{"line":29,"column":24}},"loc":{"start":{"line":29,"column":29},"end":{"line":36,"column":5}},"line":29},"3":{"name":"checkpath","decl":{"start":{"line":38,"column":13},"end":{"line":38,"column":22}},"loc":{"start":{"line":38,"column":25},"end":{"line":66,"column":5}},"line":38}},"branchMap":{"0":{"loc":{"start":{"line":39,"column":8},"end":{"line":65,"column":9}},"type":"if","locations":[{"start":{"line":39,"column":8},"end":{"line":65,"column":9}},{"start":{},"end":{}}],"line":39},"1":{"loc":{"start":{"line":47,"column":60},"end":{"line":47,"column":97}},"type":"binary-expr","locations":[{"start":{"line":47,"column":60},"end":{"line":47,"column":76}},{"start":{"line":47,"column":80},"end":{"line":47,"column":97}}],"line":47},"2":{"loc":{"start":{"line":49,"column":21},"end":{"line":62,"column":21}},"type":"binary-expr","locations":[{"start":{"line":49,"column":21},"end":{"line":49,"column":33}},{"start":{"line":50,"column":24},"end":{"line":61,"column":29}}],"line":49},"3":{"loc":{"start":{"line":71,"column":35},"end":{"line":71,"column":103}},"type":"cond-expr","locations":[{"start":{"line":71,"column":84},"end":{"line":71,"column":98}},{"start":{"line":71,"column":101},"end":{"line":71,"column":103}}],"line":71},"4":{"loc":{"start":{"line":71,"column":35},"end":{"line":71,"column":81}},"type":"binary-expr","locations":[{"start":{"line":71,"column":35},"end":{"line":71,"column":54}},{"start":{"line":71,"column":58},"end":{"line":71,"column":81}}],"line":71},"5":{"loc":{"start":{"line":77,"column":35},"end":{"line":77,"column":80}},"type":"cond-expr","locations":[{"start":{"line":77,"column":61},"end":{"line":77,"column":75}},{"start":{"line":77,"column":78},"end":{"line":77,"column":80}}],"line":77},"6":{"loc":{"start":{"line":84,"column":35},"end":{"line":84,"column":81}},"type":"cond-expr","locations":[{"start":{"line":84,"column":62},"end":{"line":84,"column":76}},{"start":{"line":84,"column":79},"end":{"line":84,"column":81}}],"line":84},"7":{"loc":{"start":{"line":91,"column":35},"end":{"line":91,"column":83}},"type":"cond-expr","locations":[{"start":{"line":91,"column":64},"end":{"line":91,"column":78}},{"start":{"line":91,"column":81},"end":{"line":91,"column":83}}],"line":91},"8":{"loc":{"start":{"line":98,"column":35},"end":{"line":98,"column":85}},"type":"cond-expr","locations":[{"start":{"line":98,"column":66},"end":{"line":98,"column":80}},{"start":{"line":98,"column":83},"end":{"line":98,"column":85}}],"line":98}},"s":{"0":25,"1":25,"2":25,"3":25,"4":25,"5":25,"6":25,"7":25,"8":25,"9":0,"10":25,"11":0,"12":0,"13":0,"14":0,"15":0,"16":0,"17":25,"18":15,"19":25},"f":{"0":25,"1":0,"2":0,"3":25},"b":{"0":[15,10],"1":[15,15],"2":[15,0],"3":[8,17],"4":[25,25],"5":[1,24],"6":[1,24],"7":[1,24],"8":[2,23]},"_coverageSchema":"1a1c01bbd47fc00a2c39e90264f33305004495a9","hash":"a589966e65797f98318ae8cd62f63483aa257f43"}
,"D:\\webproject\\some_news_project\\front-end\\src\\components\\newsPages\\NewsPages.jsx": {"path":"D:\\webproject\\some_news_project\\front-end\\src\\components\\newsPages\\NewsPages.jsx","statementMap":{"0":{"start":{"line":14,"column":0},"end":{"line":16,"column":2}},"1":{"start":{"line":19,"column":4},"end":{"line":19,"column":24}},"2":{"start":{"line":21,"column":4},"end":{"line":21,"column":31}},"3":{"start":{"line":23,"column":37},"end":{"line":23,"column":56}},"4":{"start":{"line":25,"column":4},"end":{"line":25,"column":96}},"5":{"start":{"line":25,"column":17},"end":{"line":25,"column":96}},"6":{"start":{"line":26,"column":4},"end":{"line":26,"column":65}},"7":{"start":{"line":26,"column":15},"end":{"line":26,"column":65}},"8":{"start":{"line":28,"column":4},"end":{"line":93,"column":6}},"9":{"start":{"line":34,"column":42},"end":{"line":34,"column":80}},"10":{"start":{"line":36,"column":24},"end":{"line":87,"column":26}}},"fnMap":{"0":{"name":"NewsPages","decl":{"start":{"line":18,"column":9},"end":{"line":18,"column":18}},"loc":{"start":{"line":18,"column":33},"end":{"line":94,"column":1}},"line":18},"1":{"name":"(anonymous_1)","decl":{"start":{"line":33,"column":30},"end":{"line":33,"column":31}},"loc":{"start":{"line":33,"column":50},"end":{"line":88,"column":21}},"line":33}},"branchMap":{"0":{"loc":{"start":{"line":25,"column":4},"end":{"line":25,"column":96}},"type":"if","locations":[{"start":{"line":25,"column":4},"end":{"line":25,"column":96}},{"start":{},"end":{}}],"line":25},"1":{"loc":{"start":{"line":26,"column":4},"end":{"line":26,"column":65}},"type":"if","locations":[{"start":{"line":26,"column":4},"end":{"line":26,"column":65}},{"start":{},"end":{}}],"line":26},"2":{"loc":{"start":{"line":34,"column":42},"end":{"line":34,"column":80}},"type":"cond-expr","locations":[{"start":{"line":34,"column":56},"end":{"line":34,"column":67}},{"start":{"line":34,"column":70},"end":{"line":34,"column":80}}],"line":34},"3":{"loc":{"start":{"line":36,"column":31},"end":{"line":87,"column":25}},"type":"cond-expr","locations":[{"start":{"line":37,"column":28},"end":{"line":62,"column":33}},{"start":{"line":64,"column":28},"end":{"line":86,"column":33}}],"line":36},"4":{"loc":{"start":{"line":40,"column":68},"end":{"line":40,"column":119}},"type":"cond-expr","locations":[{"start":{"line":40,"column":95},"end":{"line":40,"column":114}},{"start":{"line":40,"column":117},"end":{"line":40,"column":119}}],"line":40},"5":{"loc":{"start":{"line":81,"column":64},"end":{"line":81,"column":115}},"type":"cond-expr","locations":[{"start":{"line":81,"column":91},"end":{"line":81,"column":110}},{"start":{"line":81,"column":113},"end":{"line":81,"column":115}}],"line":81}},"s":{"0":3,"1":33,"2":33,"3":33,"4":33,"5":22,"6":11,"7":0,"8":11,"9":176,"10":176},"f":{"0":33,"1":176},"b":{"0":[22,11],"1":[0,11],"2":[165,11],"3":[11,165],"4":[0,11],"5":[11,154]},"_coverageSchema":"1a1c01bbd47fc00a2c39e90264f33305004495a9","hash":"46d0c8bdccafcf3d151b31ea607a6a3b36011eb6"}
,"D:\\webproject\\some_news_project\\front-end\\src\\components\\repostsAndLikes\\RepostsAndLikes.jsx": {"path":"D:\\webproject\\some_news_project\\front-end\\src\\components\\repostsAndLikes\\RepostsAndLikes.jsx","statementMap":{"0":{"start":{"line":10,"column":4},"end":{"line":39,"column":6}},"1":{"start":{"line":15,"column":42},"end":{"line":15,"column":96}},"2":{"start":{"line":16,"column":24},"end":{"line":32,"column":26}},"3":{"start":{"line":42,"column":0},"end":{"line":44,"column":2}}},"fnMap":{"0":{"name":"RepostsAndLikes","decl":{"start":{"line":9,"column":24},"end":{"line":9,"column":39}},"loc":{"start":{"line":9,"column":54},"end":{"line":40,"column":1}},"line":9},"1":{"name":"(anonymous_1)","decl":{"start":{"line":14,"column":34},"end":{"line":14,"column":35}},"loc":{"start":{"line":14,"column":47},"end":{"line":33,"column":21}},"line":14}},"branchMap":{"0":{"loc":{"start":{"line":12,"column":13},"end":{"line":37,"column":13}},"type":"cond-expr","locations":[{"start":{"line":13,"column":16},"end":{"line":34,"column":21}},{"start":{"line":36,"column":16},"end":{"line":36,"column":41}}],"line":12},"1":{"loc":{"start":{"line":12,"column":13},"end":{"line":12,"column":44}},"type":"binary-expr","locations":[{"start":{"line":12,"column":13},"end":{"line":12,"column":21}},{"start":{"line":12,"column":25},"end":{"line":12,"column":44}}],"line":12},"2":{"loc":{"start":{"line":15,"column":42},"end":{"line":15,"column":96}},"type":"cond-expr","locations":[{"start":{"line":15,"column":64},"end":{"line":15,"column":83}},{"start":{"line":15,"column":86},"end":{"line":15,"column":96}}],"line":15},"3":{"loc":{"start":{"line":21,"column":83},"end":{"line":21,"column":137}},"type":"cond-expr","locations":[{"start":{"line":21,"column":110},"end":{"line":21,"column":132}},{"start":{"line":21,"column":135},"end":{"line":21,"column":137}}],"line":21},"4":{"loc":{"start":{"line":23,"column":49},"end":{"line":23,"column":81}},"type":"binary-expr","locations":[{"start":{"line":23,"column":49},"end":{"line":23,"column":62}},{"start":{"line":23,"column":66},"end":{"line":23,"column":81}}],"line":23}},"s":{"0":0,"1":0,"2":0,"3":3},"f":{"0":0,"1":0},"b":{"0":[0,0],"1":[0,0],"2":[0,0],"3":[0,0],"4":[0,0]},"_coverageSchema":"1a1c01bbd47fc00a2c39e90264f33305004495a9","hash":"2e240ffb6c494c7e31921842547ec6738cfbb80b"}
,"D:\\webproject\\some_news_project\\front-end\\src\\contexts\\AuthContext.js": {"path":"D:\\webproject\\some_news_project\\front-end\\src\\contexts\\AuthContext.js","statementMap":{"0":{"start":{"line":4,"column":20},"end":{"line":4,"column":35}},"1":{"start":{"line":6,"column":30},"end":{"line":8,"column":1}},"2":{"start":{"line":7,"column":4},"end":{"line":7,"column":35}},"3":{"start":{"line":10,"column":28},"end":{"line":31,"column":1}},"4":{"start":{"line":11,"column":28},"end":{"line":16,"column":6}},"5":{"start":{"line":17,"column":34},"end":{"line":17,"column":48}},"6":{"start":{"line":18,"column":30},"end":{"line":18,"column":42}},"7":{"start":{"line":20,"column":23},"end":{"line":24,"column":5}},"8":{"start":{"line":21,"column":8},"end":{"line":21,"column":22}},"9":{"start":{"line":22,"column":8},"end":{"line":22,"column":25}},"10":{"start":{"line":23,"column":8},"end":{"line":23,"column":21}},"11":{"start":{"line":26,"column":4},"end":{"line":30,"column":6}},"12":{"start":{"line":33,"column":0},"end":{"line":35,"column":2}}},"fnMap":{"0":{"name":"(anonymous_0)","decl":{"start":{"line":6,"column":30},"end":{"line":6,"column":31}},"loc":{"start":{"line":6,"column":36},"end":{"line":8,"column":1}},"line":6},"1":{"name":"(anonymous_1)","decl":{"start":{"line":10,"column":28},"end":{"line":10,"column":29}},"loc":{"start":{"line":10,"column":46},"end":{"line":31,"column":1}},"line":10},"2":{"name":"(anonymous_2)","decl":{"start":{"line":20,"column":23},"end":{"line":20,"column":24}},"loc":{"start":{"line":20,"column":29},"end":{"line":24,"column":5}},"line":20}},"branchMap":{},"s":{"0":3,"1":3,"2":204,"3":3,"4":29,"5":29,"6":29,"7":29,"8":1,"9":1,"10":1,"11":29,"12":3},"f":{"0":204,"1":29,"2":1},"b":{},"_coverageSchema":"1a1c01bbd47fc00a2c39e90264f33305004495a9","hash":"5f2df1b9e10d045ac6ab878bab32a2502f57c0ad"}
,"D:\\webproject\\some_news_project\\front-end\\src\\contexts\\CommunityContext.js": {"path":"D:\\webproject\\some_news_project\\front-end\\src\\contexts\\CommunityContext.js","statementMap":{"0":{"start":{"line":6,"column":25},"end":{"line":6,"column":40}},"1":{"start":{"line":8,"column":35},"end":{"line":10,"column":1}},"2":{"start":{"line":9,"column":4},"end":{"line":9,"column":40}},"3":{"start":{"line":12,"column":33},"end":{"line":34,"column":1}},"4":{"start":{"line":13,"column":54},"end":{"line":13,"column":66}},"5":{"start":{"line":14,"column":34},"end":{"line":14,"column":49}},"6":{"start":{"line":15,"column":50},"end":{"line":15,"column":65}},"7":{"start":{"line":16,"column":32},"end":{"line":16,"column":48}},"8":{"start":{"line":18,"column":4},"end":{"line":33,"column":6}},"9":{"start":{"line":36,"column":0},"end":{"line":38,"column":2}}},"fnMap":{"0":{"name":"(anonymous_0)","decl":{"start":{"line":8,"column":35},"end":{"line":8,"column":36}},"loc":{"start":{"line":8,"column":41},"end":{"line":10,"column":1}},"line":8},"1":{"name":"(anonymous_1)","decl":{"start":{"line":12,"column":33},"end":{"line":12,"column":34}},"loc":{"start":{"line":12,"column":51},"end":{"line":34,"column":1}},"line":12}},"branchMap":{},"s":{"0":3,"1":3,"2":6,"3":3,"4":31,"5":31,"6":31,"7":31,"8":31,"9":3},"f":{"0":6,"1":31},"b":{},"_coverageSchema":"1a1c01bbd47fc00a2c39e90264f33305004495a9","hash":"7c832abbe10f19a2e8efafe9e87cbe541b5daa0e"}
,"D:\\webproject\\some_news_project\\front-end\\src\\contexts\\NewsApiContext.js": {"path":"D:\\webproject\\some_news_project\\front-end\\src\\contexts\\NewsApiContext.js","statementMap":{"0":{"start":{"line":4,"column":23},"end":{"line":4,"column":38}},"1":{"start":{"line":6,"column":33},"end":{"line":8,"column":1}},"2":{"start":{"line":7,"column":4},"end":{"line":7,"column":38}},"3":{"start":{"line":10,"column":31},"end":{"line":21,"column":1}},"4":{"start":{"line":11,"column":30},"end":{"line":11,"column":46}},"5":{"start":{"line":12,"column":28},"end":{"line":12,"column":40}},"6":{"start":{"line":13,"column":34},"end":{"line":13,"column":48}},"7":{"start":{"line":14,"column":30},"end":{"line":14,"column":44}},"8":{"start":{"line":16,"column":4},"end":{"line":20,"column":6}},"9":{"start":{"line":23,"column":0},"end":{"line":25,"column":2}}},"fnMap":{"0":{"name":"(anonymous_0)","decl":{"start":{"line":6,"column":33},"end":{"line":6,"column":34}},"loc":{"start":{"line":6,"column":39},"end":{"line":8,"column":1}},"line":6},"1":{"name":"(anonymous_1)","decl":{"start":{"line":10,"column":31},"end":{"line":10,"column":32}},"loc":{"start":{"line":10,"column":49},"end":{"line":21,"column":1}},"line":10}},"branchMap":{},"s":{"0":3,"1":3,"2":66,"3":3,"4":29,"5":29,"6":29,"7":29,"8":29,"9":3},"f":{"0":66,"1":29},"b":{},"_coverageSchema":"1a1c01bbd47fc00a2c39e90264f33305004495a9","hash":"eae319042e89d6794657d227db03196a66a298d3"}
,"D:\\webproject\\some_news_project\\front-end\\src\\contexts\\UserArticlesContext.js": {"path":"D:\\webproject\\some_news_project\\front-end\\src\\contexts\\UserArticlesContext.js","statementMap":{"0":{"start":{"line":6,"column":28},"end":{"line":6,"column":43}},"1":{"start":{"line":8,"column":38},"end":{"line":10,"column":1}},"2":{"start":{"line":9,"column":4},"end":{"line":9,"column":43}},"3":{"start":{"line":12,"column":36},"end":{"line":40,"column":1}},"4":{"start":{"line":13,"column":44},"end":{"line":13,"column":56}},"5":{"start":{"line":14,"column":52},"end":{"line":14,"column":67}},"6":{"start":{"line":15,"column":36},"end":{"line":15,"column":52}},"7":{"start":{"line":16,"column":30},"end":{"line":16,"column":42}},"8":{"start":{"line":18,"column":27},"end":{"line":21,"column":5}},"9":{"start":{"line":19,"column":8},"end":{"line":19,"column":28}},"10":{"start":{"line":20,"column":8},"end":{"line":20,"column":21}},"11":{"start":{"line":23,"column":4},"end":{"line":39,"column":6}},"12":{"start":{"line":42,"column":0},"end":{"line":44,"column":2}}},"fnMap":{"0":{"name":"(anonymous_0)","decl":{"start":{"line":8,"column":38},"end":{"line":8,"column":39}},"loc":{"start":{"line":8,"column":44},"end":{"line":10,"column":1}},"line":8},"1":{"name":"(anonymous_1)","decl":{"start":{"line":12,"column":36},"end":{"line":12,"column":37}},"loc":{"start":{"line":12,"column":54},"end":{"line":40,"column":1}},"line":12},"2":{"name":"(anonymous_2)","decl":{"start":{"line":18,"column":27},"end":{"line":18,"column":28}},"loc":{"start":{"line":18,"column":33},"end":{"line":21,"column":5}},"line":18}},"branchMap":{},"s":{"0":3,"1":3,"2":36,"3":3,"4":29,"5":29,"6":29,"7":29,"8":29,"9":1,"10":1,"11":29,"12":3},"f":{"0":36,"1":29,"2":1},"b":{},"_coverageSchema":"1a1c01bbd47fc00a2c39e90264f33305004495a9","hash":"c8b82ef6aa959eb2040fbab61b117da410a8b192"}
,"D:\\webproject\\some_news_project\\front-end\\src\\contexts\\UserLikesContext.js": {"path":"D:\\webproject\\some_news_project\\front-end\\src\\contexts\\UserLikesContext.js","statementMap":{"0":{"start":{"line":6,"column":25},"end":{"line":6,"column":40}},"1":{"start":{"line":9,"column":4},"end":{"line":9,"column":40}},"2":{"start":{"line":12,"column":33},"end":{"line":40,"column":1}},"3":{"start":{"line":13,"column":38},"end":{"line":13,"column":50}},"4":{"start":{"line":14,"column":36},"end":{"line":14,"column":52}},"5":{"start":{"line":15,"column":30},"end":{"line":15,"column":42}},"6":{"start":{"line":16,"column":46},"end":{"line":16,"column":61}},"7":{"start":{"line":18,"column":24},"end":{"line":21,"column":5}},"8":{"start":{"line":19,"column":8},"end":{"line":19,"column":25}},"9":{"start":{"line":20,"column":8},"end":{"line":20,"column":21}},"10":{"start":{"line":23,"column":4},"end":{"line":39,"column":6}},"11":{"start":{"line":42,"column":0},"end":{"line":44,"column":2}}},"fnMap":{"0":{"name":"useUserLikesContext","decl":{"start":{"line":8,"column":24},"end":{"line":8,"column":43}},"loc":{"start":{"line":8,"column":46},"end":{"line":10,"column":1}},"line":8},"1":{"name":"(anonymous_1)","decl":{"start":{"line":12,"column":33},"end":{"line":12,"column":34}},"loc":{"start":{"line":12,"column":51},"end":{"line":40,"column":1}},"line":12},"2":{"name":"(anonymous_2)","decl":{"start":{"line":18,"column":24},"end":{"line":18,"column":25}},"loc":{"start":{"line":18,"column":30},"end":{"line":21,"column":5}},"line":18}},"branchMap":{},"s":{"0":3,"1":36,"2":3,"3":29,"4":29,"5":29,"6":29,"7":29,"8":1,"9":1,"10":29,"11":3},"f":{"0":36,"1":29,"2":1},"b":{},"_coverageSchema":"1a1c01bbd47fc00a2c39e90264f33305004495a9","hash":"de675d7de3e3ac0fa9a7f191780b168f6037e4c1"}
,"D:\\webproject\\some_news_project\\front-end\\src\\contexts\\UserRepostsContext.js": {"path":"D:\\webproject\\some_news_project\\front-end\\src\\contexts\\UserRepostsContext.js","statementMap":{"0":{"start":{"line":6,"column":27},"end":{"line":6,"column":42}},"1":{"start":{"line":9,"column":4},"end":{"line":9,"column":42}},"2":{"start":{"line":12,"column":42},"end":{"line":40,"column":1}},"3":{"start":{"line":13,"column":42},"end":{"line":13,"column":54}},"4":{"start":{"line":14,"column":36},"end":{"line":14,"column":52}},"5":{"start":{"line":15,"column":30},"end":{"line":15,"column":42}},"6":{"start":{"line":16,"column":50},"end":{"line":16,"column":65}},"7":{"start":{"line":18,"column":26},"end":{"line":21,"column":5}},"8":{"start":{"line":19,"column":8},"end":{"line":19,"column":27}},"9":{"start":{"line":20,"column":8},"end":{"line":20,"column":21}},"10":{"start":{"line":23,"column":4},"end":{"line":39,"column":6}},"11":{"start":{"line":42,"column":0},"end":{"line":44,"column":2}}},"fnMap":{"0":{"name":"useUserRepostsContext","decl":{"start":{"line":8,"column":24},"end":{"line":8,"column":45}},"loc":{"start":{"line":8,"column":48},"end":{"line":10,"column":1}},"line":8},"1":{"name":"(anonymous_1)","decl":{"start":{"line":12,"column":42},"end":{"line":12,"column":43}},"loc":{"start":{"line":12,"column":60},"end":{"line":40,"column":1}},"line":12},"2":{"name":"(anonymous_2)","decl":{"start":{"line":18,"column":26},"end":{"line":18,"column":27}},"loc":{"start":{"line":18,"column":32},"end":{"line":21,"column":5}},"line":18}},"branchMap":{},"s":{"0":3,"1":36,"2":3,"3":29,"4":29,"5":29,"6":29,"7":29,"8":1,"9":1,"10":29,"11":3},"f":{"0":36,"1":29,"2":1},"b":{},"_coverageSchema":"1a1c01bbd47fc00a2c39e90264f33305004495a9","hash":"c60131102023c2fbefad64d3f3658d3a893eeeaf"}
,"D:\\webproject\\some_news_project\\front-end\\src\\hooks\\useAuthentication.js": {"path":"D:\\webproject\\some_news_project\\front-end\\src\\hooks\\useAuthentication.js","statementMap":{"0":{"start":{"line":7,"column":33},"end":{"line":30,"column":1}},"1":{"start":{"line":8,"column":4},"end":{"line":8,"column":25}},"2":{"start":{"line":9,"column":42},"end":{"line":9,"column":58}},"3":{"start":{"line":11,"column":26},"end":{"line":24,"column":35}},"4":{"start":{"line":12,"column":8},"end":{"line":23,"column":9}},"5":{"start":{"line":13,"column":12},"end":{"line":13,"column":29}},"6":{"start":{"line":14,"column":12},"end":{"line":22,"column":13}},"7":{"start":{"line":15,"column":33},"end":{"line":15,"column":48}},"8":{"start":{"line":16,"column":16},"end":{"line":16,"column":34}},"9":{"start":{"line":17,"column":16},"end":{"line":17,"column":42}},"10":{"start":{"line":19,"column":16},"end":{"line":19,"column":74}},"11":{"start":{"line":21,"column":16},"end":{"line":21,"column":34}},"12":{"start":{"line":26,"column":4},"end":{"line":29,"column":24}},"13":{"start":{"line":27,"column":8},"end":{"line":27,"column":24}},"14":{"start":{"line":28,"column":8},"end":{"line":28,"column":30}}},"fnMap":{"0":{"name":"(anonymous_0)","decl":{"start":{"line":7,"column":33},"end":{"line":7,"column":34}},"loc":{"start":{"line":7,"column":39},"end":{"line":30,"column":1}},"line":7},"1":{"name":"(anonymous_1)","decl":{"start":{"line":11,"column":38},"end":{"line":11,"column":39}},"loc":{"start":{"line":11,"column":50},"end":{"line":24,"column":5}},"line":11},"2":{"name":"(anonymous_2)","decl":{"start":{"line":26,"column":14},"end":{"line":26,"column":15}},"loc":{"start":{"line":26,"column":20},"end":{"line":29,"column":5}},"line":26}},"branchMap":{"0":{"loc":{"start":{"line":12,"column":8},"end":{"line":23,"column":9}},"type":"if","locations":[{"start":{"line":12,"column":8},"end":{"line":23,"column":9}},{"start":{},"end":{}}],"line":12},"1":{"loc":{"start":{"line":12,"column":12},"end":{"line":12,"column":47}},"type":"binary-expr","locations":[{"start":{"line":12,"column":12},"end":{"line":12,"column":17}},{"start":{"line":12,"column":21},"end":{"line":12,"column":47}}],"line":12}},"s":{"0":3,"1":47,"2":47,"3":47,"4":25,"5":11,"6":11,"7":11,"8":11,"9":11,"10":0,"11":11,"12":47,"13":25,"14":25},"f":{"0":47,"1":25,"2":25},"b":{"0":[11,14],"1":[25,25]},"_coverageSchema":"1a1c01bbd47fc00a2c39e90264f33305004495a9","hash":"4f2d505f0fa28c41cb56c04285125153ef6f5f98"}
,"D:\\webproject\\some_news_project\\front-end\\src\\hooks\\useFetchCommunityArticles.js": {"path":"D:\\webproject\\some_news_project\\front-end\\src\\hooks\\useFetchCommunityArticles.js","statementMap":{"0":{"start":{"line":8,"column":8},"end":{"line":8,"column":29}},"1":{"start":{"line":9,"column":50},"end":{"line":9,"column":65}},"2":{"start":{"line":11,"column":35},"end":{"line":33,"column":72}},"3":{"start":{"line":12,"column":8},"end":{"line":12,"column":25}},"4":{"start":{"line":13,"column":8},"end":{"line":32,"column":9}},"5":{"start":{"line":14,"column":29},"end":{"line":14,"column":101}},"6":{"start":{"line":16,"column":12},"end":{"line":24,"column":13}},"7":{"start":{"line":17,"column":16},"end":{"line":17,"column":41}},"8":{"start":{"line":18,"column":16},"end":{"line":18,"column":41}},"9":{"start":{"line":19,"column":16},"end":{"line":19,"column":68}},"10":{"start":{"line":21,"column":16},"end":{"line":21,"column":61}},"11":{"start":{"line":22,"column":16},"end":{"line":22,"column":42}},"12":{"start":{"line":23,"column":16},"end":{"line":23,"column":46}},"13":{"start":{"line":25,"column":12},"end":{"line":25,"column":30}},"14":{"start":{"line":27,"column":12},"end":{"line":27,"column":71}},"15":{"start":{"line":28,"column":12},"end":{"line":28,"column":28}},"16":{"start":{"line":30,"column":12},"end":{"line":30,"column":30}},"17":{"start":{"line":31,"column":12},"end":{"line":31,"column":38}},"18":{"start":{"line":35,"column":4},"end":{"line":39,"column":86}},"19":{"start":{"line":36,"column":8},"end":{"line":38,"column":9}},"20":{"start":{"line":37,"column":12},"end":{"line":37,"column":37}}},"fnMap":{"0":{"name":"useFetchCommunityArticles","decl":{"start":{"line":6,"column":24},"end":{"line":6,"column":49}},"loc":{"start":{"line":6,"column":52},"end":{"line":40,"column":1}},"line":6},"1":{"name":"(anonymous_1)","decl":{"start":{"line":11,"column":47},"end":{"line":11,"column":48}},"loc":{"start":{"line":11,"column":59},"end":{"line":33,"column":5}},"line":11},"2":{"name":"(anonymous_2)","decl":{"start":{"line":35,"column":14},"end":{"line":35,"column":15}},"loc":{"start":{"line":35,"column":20},"end":{"line":39,"column":5}},"line":35}},"branchMap":{"0":{"loc":{"start":{"line":16,"column":12},"end":{"line":24,"column":13}},"type":"if","locations":[{"start":{"line":16,"column":12},"end":{"line":24,"column":13}},{"start":{"line":20,"column":19},"end":{"line":24,"column":13}}],"line":16},"1":{"loc":{"start":{"line":36,"column":8},"end":{"line":38,"column":9}},"type":"if","locations":[{"start":{"line":36,"column":8},"end":{"line":38,"column":9}},{"start":{},"end":{}}],"line":36},"2":{"loc":{"start":{"line":36,"column":12},"end":{"line":36,"column":83}},"type":"binary-expr","locations":[{"start":{"line":36,"column":13},"end":{"line":36,"column":43}},{"start":{"line":36,"column":47},"end":{"line":36,"column":62}},{"start":{"line":36,"column":67},"end":{"line":36,"column":83}}],"line":36}},"s":{"0":3,"1":3,"2":3,"3":1,"4":1,"5":1,"6":1,"7":1,"8":1,"9":1,"10":0,"11":0,"12":0,"13":1,"14":0,"15":0,"16":1,"17":1,"18":3,"19":2,"20":1},"f":{"0":3,"1":1,"2":2},"b":{"0":[1,0],"1":[1,1],"2":[2,0,2]},"_coverageSchema":"1a1c01bbd47fc00a2c39e90264f33305004495a9","hash":"5e74f155296c7b47b06a52b5f2d45232226aa932"}
,"D:\\webproject\\some_news_project\\front-end\\src\\hooks\\useFetchNews.js": {"path":"D:\\webproject\\some_news_project\\front-end\\src\\hooks\\useFetchNews.js","statementMap":{"0":{"start":{"line":7,"column":69},"end":{"line":7,"column":88}},"1":{"start":{"line":9,"column":22},"end":{"line":24,"column":72}},"2":{"start":{"line":10,"column":8},"end":{"line":23,"column":9}},"3":{"start":{"line":11,"column":12},"end":{"line":11,"column":29}},"4":{"start":{"line":12,"column":12},"end":{"line":22,"column":13}},"5":{"start":{"line":13,"column":33},"end":{"line":13,"column":58}},"6":{"start":{"line":15,"column":16},"end":{"line":15,"column":39}},"7":{"start":{"line":16,"column":16},"end":{"line":16,"column":35}},"8":{"start":{"line":17,"column":16},"end":{"line":17,"column":34}},"9":{"start":{"line":19,"column":16},"end":{"line":19,"column":61}},"10":{"start":{"line":20,"column":16},"end":{"line":20,"column":32}},"11":{"start":{"line":21,"column":16},"end":{"line":21,"column":34}},"12":{"start":{"line":26,"column":4},"end":{"line":28,"column":30}},"13":{"start":{"line":27,"column":8},"end":{"line":27,"column":20}}},"fnMap":{"0":{"name":"useFetchNews","decl":{"start":{"line":6,"column":24},"end":{"line":6,"column":36}},"loc":{"start":{"line":6,"column":51},"end":{"line":29,"column":1}},"line":6},"1":{"name":"(anonymous_1)","decl":{"start":{"line":9,"column":34},"end":{"line":9,"column":35}},"loc":{"start":{"line":9,"column":46},"end":{"line":24,"column":5}},"line":9},"2":{"name":"(anonymous_2)","decl":{"start":{"line":26,"column":14},"end":{"line":26,"column":15}},"loc":{"start":{"line":26,"column":20},"end":{"line":28,"column":5}},"line":26}},"branchMap":{"0":{"loc":{"start":{"line":10,"column":8},"end":{"line":23,"column":9}},"type":"if","locations":[{"start":{"line":10,"column":8},"end":{"line":23,"column":9}},{"start":{},"end":{}}],"line":10},"1":{"loc":{"start":{"line":10,"column":12},"end":{"line":10,"column":58}},"type":"binary-expr","locations":[{"start":{"line":10,"column":12},"end":{"line":10,"column":29}},{"start":{"line":10,"column":33},"end":{"line":10,"column":58}}],"line":10}},"s":{"0":33,"1":33,"2":21,"3":13,"4":13,"5":13,"6":13,"7":13,"8":13,"9":0,"10":0,"11":0,"12":33,"13":21},"f":{"0":33,"1":21,"2":21},"b":{"0":[13,8],"1":[21,11]},"_coverageSchema":"1a1c01bbd47fc00a2c39e90264f33305004495a9","hash":"d6b2bd1943746d8852e3546e390d08bb6969141f"}
,"D:\\webproject\\some_news_project\\front-end\\src\\hooks\\useIsAuthenticated.js": {"path":"D:\\webproject\\some_news_project\\front-end\\src\\hooks\\useIsAuthenticated.js","statementMap":{"0":{"start":{"line":7,"column":21},"end":{"line":7,"column":34}},"1":{"start":{"line":9,"column":4},"end":{"line":13,"column":19}},"2":{"start":{"line":10,"column":8},"end":{"line":12,"column":9}},"3":{"start":{"line":11,"column":12},"end":{"line":11,"column":31}}},"fnMap":{"0":{"name":"useIsAuthenticated","decl":{"start":{"line":6,"column":24},"end":{"line":6,"column":42}},"loc":{"start":{"line":6,"column":45},"end":{"line":14,"column":1}},"line":6},"1":{"name":"(anonymous_1)","decl":{"start":{"line":9,"column":14},"end":{"line":9,"column":15}},"loc":{"start":{"line":9,"column":20},"end":{"line":13,"column":5}},"line":9}},"branchMap":{"0":{"loc":{"start":{"line":10,"column":8},"end":{"line":12,"column":9}},"type":"if","locations":[{"start":{"line":10,"column":8},"end":{"line":12,"column":9}},{"start":{},"end":{}}],"line":10}},"s":{"0":49,"1":49,"2":17,"3":0},"f":{"0":49,"1":17},"b":{"0":[0,17]},"_coverageSchema":"1a1c01bbd47fc00a2c39e90264f33305004495a9","hash":"127adeb51f540ac5f7162f99d0c62f76c7211082"}
,"D:\\webproject\\some_news_project\\front-end\\src\\pages\\article\\Article.jsx": {"path":"D:\\webproject\\some_news_project\\front-end\\src\\pages\\article\\Article.jsx","statementMap":{"0":{"start":{"line":9,"column":16},"end":{"line":64,"column":1}},"1":{"start":{"line":10,"column":4},"end":{"line":10,"column":25}},"2":{"start":{"line":11,"column":21},"end":{"line":11,"column":34}},"3":{"start":{"line":12,"column":20},"end":{"line":12,"column":34}},"4":{"start":{"line":14,"column":4},"end":{"line":22,"column":18}},"5":{"start":{"line":15,"column":8},"end":{"line":15,"column":30}},"6":{"start":{"line":17,"column":8},"end":{"line":21,"column":9}},"7":{"start":{"line":18,"column":12},"end":{"line":18,"column":55}},"8":{"start":{"line":20,"column":12},"end":{"line":20,"column":61}},"9":{"start":{"line":24,"column":4},"end":{"line":26,"column":5}},"10":{"start":{"line":25,"column":8},"end":{"line":25,"column":44}},"11":{"start":{"line":28,"column":26},"end":{"line":40,"column":5}},"12":{"start":{"line":29,"column":8},"end":{"line":38,"column":9}},"13":{"start":{"line":30,"column":12},"end":{"line":37,"column":14}},"14":{"start":{"line":39,"column":8},"end":{"line":39,"column":40}},"15":{"start":{"line":41,"column":4},"end":{"line":63,"column":6}}},"fnMap":{"0":{"name":"(anonymous_0)","decl":{"start":{"line":9,"column":16},"end":{"line":9,"column":17}},"loc":{"start":{"line":9,"column":22},"end":{"line":64,"column":1}},"line":9},"1":{"name":"(anonymous_1)","decl":{"start":{"line":14,"column":14},"end":{"line":14,"column":15}},"loc":{"start":{"line":14,"column":20},"end":{"line":22,"column":5}},"line":14},"2":{"name":"(anonymous_2)","decl":{"start":{"line":28,"column":26},"end":{"line":28,"column":27}},"loc":{"start":{"line":28,"column":39},"end":{"line":40,"column":5}},"line":28}},"branchMap":{"0":{"loc":{"start":{"line":17,"column":8},"end":{"line":21,"column":9}},"type":"if","locations":[{"start":{"line":17,"column":8},"end":{"line":21,"column":9}},{"start":{"line":19,"column":15},"end":{"line":21,"column":9}}],"line":17},"1":{"loc":{"start":{"line":24,"column":4},"end":{"line":26,"column":5}},"type":"if","locations":[{"start":{"line":24,"column":4},"end":{"line":26,"column":5}},{"start":{},"end":{}}],"line":24},"2":{"loc":{"start":{"line":29,"column":8},"end":{"line":38,"column":9}},"type":"if","locations":[{"start":{"line":29,"column":8},"end":{"line":38,"column":9}},{"start":{},"end":{}}],"line":29},"3":{"loc":{"start":{"line":29,"column":12},"end":{"line":29,"column":61}},"type":"binary-expr","locations":[{"start":{"line":29,"column":12},"end":{"line":29,"column":27}},{"start":{"line":29,"column":31},"end":{"line":29,"column":61}}],"line":29}},"s":{"0":1,"1":2,"2":2,"3":2,"4":2,"5":2,"6":2,"7":2,"8":0,"9":2,"10":0,"11":2,"12":2,"13":2,"14":0,"15":2},"f":{"0":2,"1":2,"2":2},"b":{"0":[2,0],"1":[0,2],"2":[2,0],"3":[2,2]},"_coverageSchema":"1a1c01bbd47fc00a2c39e90264f33305004495a9","hash":"4daf0dd9748baaa3a1ae74a9ca492a819d07fe96"}
,"D:\\webproject\\some_news_project\\front-end\\src\\pages\\community\\Community.jsx": {"path":"D:\\webproject\\some_news_project\\front-end\\src\\pages\\community\\Community.jsx","statementMap":{"0":{"start":{"line":15,"column":4},"end":{"line":15,"column":24}},"1":{"start":{"line":16,"column":4},"end":{"line":16,"column":32}},"2":{"start":{"line":17,"column":22},"end":{"line":17,"column":38}},"3":{"start":{"line":18,"column":43},"end":{"line":18,"column":64}},"4":{"start":{"line":20,"column":4},"end":{"line":20,"column":96}},"5":{"start":{"line":20,"column":17},"end":{"line":20,"column":96}},"6":{"start":{"line":21,"column":4},"end":{"line":21,"column":65}},"7":{"start":{"line":21,"column":15},"end":{"line":21,"column":65}},"8":{"start":{"line":23,"column":4},"end":{"line":84,"column":6}},"9":{"start":{"line":30,"column":46},"end":{"line":30,"column":92}},"10":{"start":{"line":32,"column":28},"end":{"line":75,"column":30}}},"fnMap":{"0":{"name":"Community","decl":{"start":{"line":14,"column":9},"end":{"line":14,"column":18}},"loc":{"start":{"line":14,"column":21},"end":{"line":85,"column":1}},"line":14},"1":{"name":"(anonymous_1)","decl":{"start":{"line":29,"column":46},"end":{"line":29,"column":47}},"loc":{"start":{"line":29,"column":66},"end":{"line":76,"column":25}},"line":29}},"branchMap":{"0":{"loc":{"start":{"line":20,"column":4},"end":{"line":20,"column":96}},"type":"if","locations":[{"start":{"line":20,"column":4},"end":{"line":20,"column":96}},{"start":{},"end":{}}],"line":20},"1":{"loc":{"start":{"line":21,"column":4},"end":{"line":21,"column":65}},"type":"if","locations":[{"start":{"line":21,"column":4},"end":{"line":21,"column":65}},{"start":{},"end":{}}],"line":21},"2":{"loc":{"start":{"line":28,"column":21},"end":{"line":79,"column":21}},"type":"cond-expr","locations":[{"start":{"line":29,"column":24},"end":{"line":76,"column":26}},{"start":{"line":78,"column":24},"end":{"line":78,"column":58}}],"line":28},"3":{"loc":{"start":{"line":28,"column":21},"end":{"line":28,"column":70}},"type":"binary-expr","locations":[{"start":{"line":28,"column":21},"end":{"line":28,"column":38}},{"start":{"line":28,"column":42},"end":{"line":28,"column":70}}],"line":28},"4":{"loc":{"start":{"line":30,"column":46},"end":{"line":30,"column":92}},"type":"cond-expr","locations":[{"start":{"line":30,"column":64},"end":{"line":30,"column":79}},{"start":{"line":30,"column":82},"end":{"line":30,"column":92}}],"line":30},"5":{"loc":{"start":{"line":32,"column":35},"end":{"line":75,"column":29}},"type":"cond-expr","locations":[{"start":{"line":33,"column":32},"end":{"line":54,"column":37}},{"start":{"line":56,"column":32},"end":{"line":74,"column":37}}],"line":32},"6":{"loc":{"start":{"line":36,"column":72},"end":{"line":36,"column":123}},"type":"cond-expr","locations":[{"start":{"line":36,"column":99},"end":{"line":36,"column":118}},{"start":{"line":36,"column":121},"end":{"line":36,"column":123}}],"line":36},"7":{"loc":{"start":{"line":70,"column":71},"end":{"line":70,"column":125}},"type":"cond-expr","locations":[{"start":{"line":70,"column":98},"end":{"line":70,"column":120}},{"start":{"line":70,"column":123},"end":{"line":70,"column":125}}],"line":70},"8":{"loc":{"start":{"line":72,"column":45},"end":{"line":72,"column":77}},"type":"binary-expr","locations":[{"start":{"line":72,"column":45},"end":{"line":72,"column":58}},{"start":{"line":72,"column":62},"end":{"line":72,"column":77}}],"line":72}},"s":{"0":3,"1":3,"2":3,"3":3,"4":3,"5":1,"6":2,"7":0,"8":2,"9":0,"10":0},"f":{"0":3,"1":0},"b":{"0":[1,2],"1":[0,2],"2":[0,2],"3":[2,2],"4":[0,0],"5":[0,0],"6":[0,0],"7":[0,0],"8":[0,0]},"_coverageSchema":"1a1c01bbd47fc00a2c39e90264f33305004495a9","hash":"e964c34edf9621dcf8ad7d6bed95b780f94016ba"}
,"D:\\webproject\\some_news_project\\front-end\\src\\pages\\home\\Home.jsx": {"path":"D:\\webproject\\some_news_project\\front-end\\src\\pages\\home\\Home.jsx","statementMap":{"0":{"start":{"line":8,"column":21},"end":{"line":8,"column":71}},"1":{"start":{"line":10,"column":4},"end":{"line":14,"column":6}}},"fnMap":{"0":{"name":"Home","decl":{"start":{"line":7,"column":9},"end":{"line":7,"column":13}},"loc":{"start":{"line":7,"column":16},"end":{"line":15,"column":1}},"line":7}},"branchMap":{},"s":{"0":10,"1":10},"f":{"0":10},"b":{},"_coverageSchema":"1a1c01bbd47fc00a2c39e90264f33305004495a9","hash":"bda8d8aba12464325b4fcdb4b4c0e5eba9d5423d"}
,"D:\\webproject\\some_news_project\\front-end\\src\\pages\\login\\Login.jsx": {"path":"D:\\webproject\\some_news_project\\front-end\\src\\pages\\login\\Login.jsx","statementMap":{"0":{"start":{"line":9,"column":14},"end":{"line":84,"column":1}},"1":{"start":{"line":10,"column":30},"end":{"line":10,"column":42}},"2":{"start":{"line":11,"column":36},"end":{"line":11,"column":48}},"3":{"start":{"line":12,"column":30},"end":{"line":12,"column":42}},"4":{"start":{"line":14,"column":21},"end":{"line":14,"column":34}},"5":{"start":{"line":16,"column":4},"end":{"line":20,"column":19}},"6":{"start":{"line":17,"column":8},"end":{"line":19,"column":9}},"7":{"start":{"line":18,"column":12},"end":{"line":18,"column":30}},"8":{"start":{"line":22,"column":27},"end":{"line":36,"column":5}},"9":{"start":{"line":23,"column":8},"end":{"line":23,"column":27}},"10":{"start":{"line":24,"column":8},"end":{"line":35,"column":9}},"11":{"start":{"line":25,"column":24},"end":{"line":25,"column":101}},"12":{"start":{"line":26,"column":12},"end":{"line":26,"column":58}},"13":{"start":{"line":28,"column":12},"end":{"line":28,"column":30}},"14":{"start":{"line":30,"column":12},"end":{"line":30,"column":33}},"15":{"start":{"line":31,"column":12},"end":{"line":33,"column":13}},"16":{"start":{"line":32,"column":16},"end":{"line":32,"column":50}},"17":{"start":{"line":34,"column":12},"end":{"line":34,"column":63}},"18":{"start":{"line":38,"column":4},"end":{"line":83,"column":6}},"19":{"start":{"line":51,"column":41},"end":{"line":51,"column":65}},"20":{"start":{"line":62,"column":41},"end":{"line":62,"column":68}}},"fnMap":{"0":{"name":"(anonymous_0)","decl":{"start":{"line":9,"column":14},"end":{"line":9,"column":15}},"loc":{"start":{"line":9,"column":20},"end":{"line":84,"column":1}},"line":9},"1":{"name":"(anonymous_1)","decl":{"start":{"line":16,"column":14},"end":{"line":16,"column":15}},"loc":{"start":{"line":16,"column":20},"end":{"line":20,"column":5}},"line":16},"2":{"name":"(anonymous_2)","decl":{"start":{"line":22,"column":27},"end":{"line":22,"column":28}},"loc":{"start":{"line":22,"column":40},"end":{"line":36,"column":5}},"line":22},"3":{"name":"(anonymous_3)","decl":{"start":{"line":51,"column":34},"end":{"line":51,"column":35}},"loc":{"start":{"line":51,"column":41},"end":{"line":51,"column":65}},"line":51},"4":{"name":"(anonymous_4)","decl":{"start":{"line":62,"column":34},"end":{"line":62,"column":35}},"loc":{"start":{"line":62,"column":41},"end":{"line":62,"column":68}},"line":62}},"branchMap":{"0":{"loc":{"start":{"line":17,"column":8},"end":{"line":19,"column":9}},"type":"if","locations":[{"start":{"line":17,"column":8},"end":{"line":19,"column":9}},{"start":{},"end":{}}],"line":17},"1":{"loc":{"start":{"line":31,"column":12},"end":{"line":33,"column":13}},"type":"if","locations":[{"start":{"line":31,"column":12},"end":{"line":33,"column":13}},{"start":{},"end":{}}],"line":31},"2":{"loc":{"start":{"line":67,"column":21},"end":{"line":71,"column":21}},"type":"binary-expr","locations":[{"start":{"line":67,"column":21},"end":{"line":67,"column":26}},{"start":{"line":68,"column":24},"end":{"line":70,"column":28}}],"line":67}},"s":{"0":3,"1":128,"2":128,"3":128,"4":128,"5":128,"6":8,"7":0,"8":128,"9":4,"10":4,"11":4,"12":2,"13":2,"14":1,"15":1,"16":0,"17":1,"18":128,"19":80,"20":39},"f":{"0":128,"1":8,"2":4,"3":80,"4":39},"b":{"0":[0,8],"1":[0,1],"2":[128,1]},"_coverageSchema":"1a1c01bbd47fc00a2c39e90264f33305004495a9","hash":"90733708063b894e4af181dba0a38852fb051daa"}
,"D:\\webproject\\some_news_project\\front-end\\src\\pages\\profile\\Profile.jsx": {"path":"D:\\webproject\\some_news_project\\front-end\\src\\pages\\profile\\Profile.jsx","statementMap":{"0":{"start":{"line":19,"column":19},"end":{"line":31,"column":1}},"1":{"start":{"line":34,"column":4},"end":{"line":34,"column":24}},"2":{"start":{"line":36,"column":80},"end":{"line":36,"column":96}},"3":{"start":{"line":37,"column":31},"end":{"line":37,"column":55}},"4":{"start":{"line":38,"column":30},"end":{"line":38,"column":53}},"5":{"start":{"line":39,"column":28},"end":{"line":39,"column":49}},"6":{"start":{"line":41,"column":21},"end":{"line":41,"column":34}},"7":{"start":{"line":43,"column":66},"end":{"line":43,"column":87}},"8":{"start":{"line":45,"column":42},"end":{"line":45,"column":54}},"9":{"start":{"line":46,"column":42},"end":{"line":46,"column":54}},"10":{"start":{"line":47,"column":50},"end":{"line":47,"column":62}},"11":{"start":{"line":48,"column":34},"end":{"line":48,"column":92}},"12":{"start":{"line":48,"column":40},"end":{"line":48,"column":92}},"13":{"start":{"line":50,"column":30},"end":{"line":50,"column":75}},"14":{"start":{"line":50,"column":41},"end":{"line":50,"column":75}},"15":{"start":{"line":51,"column":30},"end":{"line":51,"column":75}},"16":{"start":{"line":51,"column":41},"end":{"line":51,"column":75}},"17":{"start":{"line":52,"column":34},"end":{"line":52,"column":83}},"18":{"start":{"line":52,"column":45},"end":{"line":52,"column":83}},"19":{"start":{"line":55,"column":64},"end":{"line":55,"column":85}},"20":{"start":{"line":57,"column":66},"end":{"line":57,"column":78}},"21":{"start":{"line":58,"column":37},"end":{"line":58,"column":93}},"22":{"start":{"line":58,"column":43},"end":{"line":58,"column":93}},"23":{"start":{"line":60,"column":42},"end":{"line":60,"column":99}},"24":{"start":{"line":60,"column":53},"end":{"line":60,"column":99}},"25":{"start":{"line":63,"column":38},"end":{"line":63,"column":50}},"26":{"start":{"line":64,"column":36},"end":{"line":64,"column":51}},"27":{"start":{"line":65,"column":27},"end":{"line":65,"column":55}},"28":{"start":{"line":65,"column":33},"end":{"line":65,"column":55}},"29":{"start":{"line":66,"column":22},"end":{"line":70,"column":5}},"30":{"start":{"line":67,"column":8},"end":{"line":67,"column":41}},"31":{"start":{"line":68,"column":8},"end":{"line":68,"column":43}},"32":{"start":{"line":69,"column":8},"end":{"line":69,"column":69}},"33":{"start":{"line":72,"column":23},"end":{"line":79,"column":5}},"34":{"start":{"line":73,"column":8},"end":{"line":73,"column":17}},"35":{"start":{"line":74,"column":8},"end":{"line":74,"column":21}},"36":{"start":{"line":75,"column":8},"end":{"line":75,"column":25}},"37":{"start":{"line":76,"column":8},"end":{"line":76,"column":24}},"38":{"start":{"line":77,"column":8},"end":{"line":77,"column":22}},"39":{"start":{"line":78,"column":8},"end":{"line":78,"column":27}},"40":{"start":{"line":81,"column":29},"end":{"line":106,"column":5}},"41":{"start":{"line":82,"column":8},"end":{"line":82,"column":31}},"42":{"start":{"line":83,"column":8},"end":{"line":101,"column":9}},"43":{"start":{"line":84,"column":25},"end":{"line":84,"column":46}},"44":{"start":{"line":85,"column":27},"end":{"line":85,"column":43}},"45":{"start":{"line":87,"column":12},"end":{"line":93,"column":14}},"46":{"start":{"line":88,"column":37},"end":{"line":88,"column":50}},"47":{"start":{"line":89,"column":16},"end":{"line":92,"column":19}},"48":{"start":{"line":95,"column":12},"end":{"line":97,"column":13}},"49":{"start":{"line":96,"column":16},"end":{"line":96,"column":43}},"50":{"start":{"line":99,"column":12},"end":{"line":99,"column":31}},"51":{"start":{"line":100,"column":12},"end":{"line":100,"column":30}},"52":{"start":{"line":102,"column":22},"end":{"line":104,"column":15}},"53":{"start":{"line":103,"column":12},"end":{"line":103,"column":37}},"54":{"start":{"line":105,"column":8},"end":{"line":105,"column":41}},"55":{"start":{"line":105,"column":21},"end":{"line":105,"column":40}},"56":{"start":{"line":108,"column":22},"end":{"line":127,"column":5}},"57":{"start":{"line":109,"column":8},"end":{"line":109,"column":31}},"58":{"start":{"line":110,"column":8},"end":{"line":125,"column":9}},"59":{"start":{"line":111,"column":12},"end":{"line":114,"column":15}},"60":{"start":{"line":116,"column":12},"end":{"line":119,"column":16}},"61":{"start":{"line":116,"column":31},"end":{"line":119,"column":13}},"62":{"start":{"line":121,"column":12},"end":{"line":121,"column":31}},"63":{"start":{"line":123,"column":12},"end":{"line":123,"column":31}},"64":{"start":{"line":124,"column":12},"end":{"line":124,"column":30}},"65":{"start":{"line":126,"column":8},"end":{"line":126,"column":41}},"66":{"start":{"line":126,"column":21},"end":{"line":126,"column":40}},"67":{"start":{"line":129,"column":27},"end":{"line":170,"column":5}},"68":{"start":{"line":130,"column":8},"end":{"line":130,"column":31}},"69":{"start":{"line":132,"column":8},"end":{"line":135,"column":9}},"70":{"start":{"line":133,"column":12},"end":{"line":133,"column":75}},"71":{"start":{"line":134,"column":12},"end":{"line":134,"column":19}},"72":{"start":{"line":136,"column":8},"end":{"line":139,"column":9}},"73":{"start":{"line":137,"column":12},"end":{"line":137,"column":63}},"74":{"start":{"line":138,"column":12},"end":{"line":138,"column":19}},"75":{"start":{"line":141,"column":8},"end":{"line":169,"column":9}},"76":{"start":{"line":142,"column":29},"end":{"line":153,"column":13}},"77":{"start":{"line":155,"column":12},"end":{"line":161,"column":13}},"78":{"start":{"line":156,"column":16},"end":{"line":156,"column":29}},"79":{"start":{"line":157,"column":16},"end":{"line":157,"column":35}},"80":{"start":{"line":158,"column":16},"end":{"line":158,"column":35}},"81":{"start":{"line":159,"column":16},"end":{"line":159,"column":39}},"82":{"start":{"line":160,"column":16},"end":{"line":160,"column":40}},"83":{"start":{"line":163,"column":12},"end":{"line":168,"column":13}},"84":{"start":{"line":164,"column":16},"end":{"line":164,"column":55}},"85":{"start":{"line":166,"column":16},"end":{"line":166,"column":41}},"86":{"start":{"line":167,"column":16},"end":{"line":167,"column":56}},"87":{"start":{"line":172,"column":26},"end":{"line":203,"column":5}},"88":{"start":{"line":173,"column":8},"end":{"line":173,"column":31}},"89":{"start":{"line":175,"column":8},"end":{"line":178,"column":9}},"90":{"start":{"line":176,"column":12},"end":{"line":176,"column":63}},"91":{"start":{"line":177,"column":12},"end":{"line":177,"column":19}},"92":{"start":{"line":180,"column":8},"end":{"line":202,"column":9}},"93":{"start":{"line":181,"column":12},"end":{"line":194,"column":19}},"94":{"start":{"line":191,"column":20},"end":{"line":193,"column":21}},"95":{"start":{"line":192,"column":24},"end":{"line":192,"column":37}},"96":{"start":{"line":196,"column":12},"end":{"line":201,"column":13}},"97":{"start":{"line":197,"column":16},"end":{"line":197,"column":55}},"98":{"start":{"line":199,"column":16},"end":{"line":199,"column":41}},"99":{"start":{"line":200,"column":16},"end":{"line":200,"column":56}},"100":{"start":{"line":205,"column":4},"end":{"line":206,"column":116}},"101":{"start":{"line":206,"column":8},"end":{"line":206,"column":116}},"102":{"start":{"line":208,"column":4},"end":{"line":210,"column":5}},"103":{"start":{"line":209,"column":8},"end":{"line":209,"column":51}},"104":{"start":{"line":212,"column":4},"end":{"line":457,"column":6}},"105":{"start":{"line":298,"column":32},"end":{"line":298,"column":56}},"106":{"start":{"line":313,"column":32},"end":{"line":313,"column":59}}},"fnMap":{"0":{"name":"Profile","decl":{"start":{"line":33,"column":9},"end":{"line":33,"column":16}},"loc":{"start":{"line":33,"column":19},"end":{"line":458,"column":1}},"line":33},"1":{"name":"(anonymous_1)","decl":{"start":{"line":48,"column":34},"end":{"line":48,"column":35}},"loc":{"start":{"line":48,"column":40},"end":{"line":48,"column":92}},"line":48},"2":{"name":"(anonymous_2)","decl":{"start":{"line":50,"column":30},"end":{"line":50,"column":31}},"loc":{"start":{"line":50,"column":41},"end":{"line":50,"column":75}},"line":50},"3":{"name":"(anonymous_3)","decl":{"start":{"line":51,"column":30},"end":{"line":51,"column":31}},"loc":{"start":{"line":51,"column":41},"end":{"line":51,"column":75}},"line":51},"4":{"name":"(anonymous_4)","decl":{"start":{"line":52,"column":34},"end":{"line":52,"column":35}},"loc":{"start":{"line":52,"column":45},"end":{"line":52,"column":83}},"line":52},"5":{"name":"(anonymous_5)","decl":{"start":{"line":58,"column":37},"end":{"line":58,"column":38}},"loc":{"start":{"line":58,"column":43},"end":{"line":58,"column":93}},"line":58},"6":{"name":"(anonymous_6)","decl":{"start":{"line":60,"column":42},"end":{"line":60,"column":43}},"loc":{"start":{"line":60,"column":53},"end":{"line":60,"column":99}},"line":60},"7":{"name":"(anonymous_7)","decl":{"start":{"line":65,"column":27},"end":{"line":65,"column":28}},"loc":{"start":{"line":65,"column":33},"end":{"line":65,"column":55}},"line":65},"8":{"name":"(anonymous_8)","decl":{"start":{"line":66,"column":22},"end":{"line":66,"column":23}},"loc":{"start":{"line":66,"column":33},"end":{"line":70,"column":5}},"line":66},"9":{"name":"(anonymous_9)","decl":{"start":{"line":72,"column":23},"end":{"line":72,"column":24}},"loc":{"start":{"line":72,"column":29},"end":{"line":79,"column":5}},"line":72},"10":{"name":"(anonymous_10)","decl":{"start":{"line":81,"column":29},"end":{"line":81,"column":30}},"loc":{"start":{"line":81,"column":40},"end":{"line":106,"column":5}},"line":81},"11":{"name":"(anonymous_11)","decl":{"start":{"line":87,"column":31},"end":{"line":87,"column":32}},"loc":{"start":{"line":87,"column":43},"end":{"line":93,"column":13}},"line":87},"12":{"name":"(anonymous_12)","decl":{"start":{"line":102,"column":33},"end":{"line":102,"column":34}},"loc":{"start":{"line":102,"column":39},"end":{"line":104,"column":9}},"line":102},"13":{"name":"(anonymous_13)","decl":{"start":{"line":105,"column":15},"end":{"line":105,"column":16}},"loc":{"start":{"line":105,"column":21},"end":{"line":105,"column":40}},"line":105},"14":{"name":"(anonymous_14)","decl":{"start":{"line":108,"column":22},"end":{"line":108,"column":23}},"loc":{"start":{"line":108,"column":39},"end":{"line":127,"column":5}},"line":108},"15":{"name":"(anonymous_15)","decl":{"start":{"line":116,"column":20},"end":{"line":116,"column":21}},"loc":{"start":{"line":116,"column":31},"end":{"line":119,"column":13}},"line":116},"16":{"name":"(anonymous_16)","decl":{"start":{"line":126,"column":15},"end":{"line":126,"column":16}},"loc":{"start":{"line":126,"column":21},"end":{"line":126,"column":40}},"line":126},"17":{"name":"(anonymous_17)","decl":{"start":{"line":129,"column":27},"end":{"line":129,"column":28}},"loc":{"start":{"line":129,"column":44},"end":{"line":170,"column":5}},"line":129},"18":{"name":"(anonymous_18)","decl":{"start":{"line":172,"column":26},"end":{"line":172,"column":27}},"loc":{"start":{"line":172,"column":43},"end":{"line":203,"column":5}},"line":172},"19":{"name":"(anonymous_19)","decl":{"start":{"line":190,"column":22},"end":{"line":190,"column":23}},"loc":{"start":{"line":190,"column":36},"end":{"line":194,"column":17}},"line":190},"20":{"name":"(anonymous_20)","decl":{"start":{"line":297,"column":37},"end":{"line":297,"column":38}},"loc":{"start":{"line":297,"column":43},"end":{"line":299,"column":29}},"line":297},"21":{"name":"(anonymous_21)","decl":{"start":{"line":312,"column":37},"end":{"line":312,"column":38}},"loc":{"start":{"line":312,"column":43},"end":{"line":314,"column":29}},"line":312}},"branchMap":{"0":{"loc":{"start":{"line":95,"column":12},"end":{"line":97,"column":13}},"type":"if","locations":[{"start":{"line":95,"column":12},"end":{"line":97,"column":13}},{"start":{},"end":{}}],"line":95},"1":{"loc":{"start":{"line":132,"column":8},"end":{"line":135,"column":9}},"type":"if","locations":[{"start":{"line":132,"column":8},"end":{"line":135,"column":9}},{"start":{},"end":{}}],"line":132},"2":{"loc":{"start":{"line":136,"column":8},"end":{"line":139,"column":9}},"type":"if","locations":[{"start":{"line":136,"column":8},"end":{"line":139,"column":9}},{"start":{},"end":{}}],"line":136},"3":{"loc":{"start":{"line":155,"column":12},"end":{"line":161,"column":13}},"type":"if","locations":[{"start":{"line":155,"column":12},"end":{"line":161,"column":13}},{"start":{},"end":{}}],"line":155},"4":{"loc":{"start":{"line":163,"column":12},"end":{"line":168,"column":13}},"type":"if","locations":[{"start":{"line":163,"column":12},"end":{"line":168,"column":13}},{"start":{"line":165,"column":19},"end":{"line":168,"column":13}}],"line":163},"5":{"loc":{"start":{"line":175,"column":8},"end":{"line":178,"column":9}},"type":"if","locations":[{"start":{"line":175,"column":8},"end":{"line":178,"column":9}},{"start":{},"end":{}}],"line":175},"6":{"loc":{"start":{"line":191,"column":20},"end":{"line":193,"column":21}},"type":"if","locations":[{"start":{"line":191,"column":20},"end":{"line":193,"column":21}},{"start":{},"end":{}}],"line":191},"7":{"loc":{"start":{"line":196,"column":12},"end":{"line":201,"column":13}},"type":"if","locations":[{"start":{"line":196,"column":12},"end":{"line":201,"column":13}},{"start":{"line":198,"column":19},"end":{"line":201,"column":13}}],"line":196},"8":{"loc":{"start":{"line":205,"column":4},"end":{"line":206,"column":116}},"type":"if","locations":[{"start":{"line":205,"column":4},"end":{"line":206,"column":116}},{"start":{},"end":{}}],"line":205},"9":{"loc":{"start":{"line":208,"column":4},"end":{"line":210,"column":5}},"type":"if","locations":[{"start":{"line":208,"column":4},"end":{"line":210,"column":5}},{"start":{},"end":{}}],"line":208},"10":{"loc":{"start":{"line":218,"column":62},"end":{"line":218,"column":98}},"type":"binary-expr","locations":[{"start":{"line":218,"column":62},"end":{"line":218,"column":77}},{"start":{"line":218,"column":81},"end":{"line":218,"column":98}}],"line":218},"11":{"loc":{"start":{"line":256,"column":65},"end":{"line":256,"column":105}},"type":"cond-expr","locations":[{"start":{"line":256,"column":76},"end":{"line":256,"column":100}},{"start":{"line":256,"column":103},"end":{"line":256,"column":105}}],"line":256},"12":{"loc":{"start":{"line":260,"column":29},"end":{"line":260,"column":61}},"type":"cond-expr","locations":[{"start":{"line":260,"column":40},"end":{"line":260,"column":48}},{"start":{"line":260,"column":51},"end":{"line":260,"column":61}}],"line":260},"13":{"loc":{"start":{"line":263,"column":21},"end":{"line":280,"column":21}},"type":"cond-expr","locations":[{"start":{"line":264,"column":24},"end":{"line":275,"column":30}},{"start":{"line":277,"column":24},"end":{"line":279,"column":28}}],"line":263},"14":{"loc":{"start":{"line":374,"column":29},"end":{"line":382,"column":29}},"type":"binary-expr","locations":[{"start":{"line":374,"column":29},"end":{"line":374,"column":34}},{"start":{"line":375,"column":32},"end":{"line":381,"column":36}}],"line":374},"15":{"loc":{"start":{"line":427,"column":29},"end":{"line":435,"column":29}},"type":"binary-expr","locations":[{"start":{"line":427,"column":29},"end":{"line":427,"column":34}},{"start":{"line":428,"column":32},"end":{"line":434,"column":36}}],"line":427}},"s":{"0":1,"1":11,"2":11,"3":11,"4":11,"5":11,"6":11,"7":11,"8":11,"9":11,"10":11,"11":11,"12":0,"13":11,"14":0,"15":11,"16":0,"17":11,"18":0,"19":11,"20":11,"21":11,"22":1,"23":11,"24":8,"25":11,"26":11,"27":11,"28":0,"29":11,"30":0,"31":0,"32":0,"33":11,"34":1,"35":1,"36":1,"37":1,"38":1,"39":1,"40":11,"41":0,"42":0,"43":0,"44":0,"45":0,"46":0,"47":0,"48":0,"49":0,"50":0,"51":0,"52":0,"53":0,"54":0,"55":0,"56":11,"57":0,"58":0,"59":0,"60":0,"61":0,"62":0,"63":0,"64":0,"65":0,"66":0,"67":11,"68":0,"69":0,"70":0,"71":0,"72":0,"73":0,"74":0,"75":0,"76":0,"77":0,"78":0,"79":0,"80":0,"81":0,"82":0,"83":0,"84":0,"85":0,"86":0,"87":11,"88":1,"89":1,"90":0,"91":0,"92":1,"93":1,"94":1,"95":1,"96":0,"97":0,"98":0,"99":0,"100":11,"101":1,"102":10,"103":0,"104":10,"105":0,"106":1},"f":{"0":11,"1":0,"2":0,"3":0,"4":0,"5":1,"6":8,"7":0,"8":0,"9":1,"10":0,"11":0,"12":0,"13":0,"14":0,"15":0,"16":0,"17":0,"18":1,"19":1,"20":0,"21":1},"b":{"0":[0,0],"1":[0,0],"2":[0,0],"3":[0,0],"4":[0,0],"5":[0,1],"6":[1,0],"7":[0,0],"8":[1,10],"9":[0,10],"10":[10,10],"11":[0,10],"12":[0,10],"13":[0,10],"14":[10,0],"15":[10,0]},"_coverageSchema":"1a1c01bbd47fc00a2c39e90264f33305004495a9","hash":"99fadaf4d3b03bea5560b0d89b3ddcb3d8644974"}
,"D:\\webproject\\some_news_project\\front-end\\src\\pages\\register\\Register.jsx": {"path":"D:\\webproject\\some_news_project\\front-end\\src\\pages\\register\\Register.jsx","statementMap":{"0":{"start":{"line":9,"column":17},"end":{"line":125,"column":1}},"1":{"start":{"line":10,"column":36},"end":{"line":10,"column":48}},"2":{"start":{"line":11,"column":30},"end":{"line":11,"column":42}},"3":{"start":{"line":12,"column":36},"end":{"line":12,"column":48}},"4":{"start":{"line":13,"column":50},"end":{"line":13,"column":62}},"5":{"start":{"line":14,"column":30},"end":{"line":14,"column":42}},"6":{"start":{"line":16,"column":21},"end":{"line":16,"column":34}},"7":{"start":{"line":18,"column":4},"end":{"line":22,"column":19}},"8":{"start":{"line":19,"column":8},"end":{"line":21,"column":9}},"9":{"start":{"line":20,"column":12},"end":{"line":20,"column":30}},"10":{"start":{"line":24,"column":30},"end":{"line":52,"column":5}},"11":{"start":{"line":25,"column":8},"end":{"line":25,"column":31}},"12":{"start":{"line":26,"column":8},"end":{"line":51,"column":9}},"13":{"start":{"line":27,"column":24},"end":{"line":32,"column":14}},"14":{"start":{"line":33,"column":12},"end":{"line":33,"column":58}},"15":{"start":{"line":35,"column":12},"end":{"line":35,"column":30}},"16":{"start":{"line":37,"column":12},"end":{"line":37,"column":33}},"17":{"start":{"line":39,"column":12},"end":{"line":50,"column":13}},"18":{"start":{"line":40,"column":16},"end":{"line":45,"column":17}},"19":{"start":{"line":41,"column":42},"end":{"line":41,"column":90}},"20":{"start":{"line":41,"column":82},"end":{"line":41,"column":89}},"21":{"start":{"line":42,"column":20},"end":{"line":42,"column":44}},"22":{"start":{"line":44,"column":20},"end":{"line":44,"column":60}},"23":{"start":{"line":46,"column":19},"end":{"line":50,"column":13}},"24":{"start":{"line":47,"column":16},"end":{"line":47,"column":66}},"25":{"start":{"line":49,"column":16},"end":{"line":49,"column":59}},"26":{"start":{"line":54,"column":4},"end":{"line":124,"column":6}},"27":{"start":{"line":67,"column":41},"end":{"line":67,"column":68}},"28":{"start":{"line":77,"column":41},"end":{"line":77,"column":65}},"29":{"start":{"line":88,"column":41},"end":{"line":88,"column":68}},"30":{"start":{"line":99,"column":41},"end":{"line":99,"column":75}},"31":{"start":{"line":107,"column":32},"end":{"line":109,"column":37}}},"fnMap":{"0":{"name":"(anonymous_0)","decl":{"start":{"line":9,"column":17},"end":{"line":9,"column":18}},"loc":{"start":{"line":9,"column":23},"end":{"line":125,"column":1}},"line":9},"1":{"name":"(anonymous_1)","decl":{"start":{"line":18,"column":14},"end":{"line":18,"column":15}},"loc":{"start":{"line":18,"column":20},"end":{"line":22,"column":5}},"line":18},"2":{"name":"(anonymous_2)","decl":{"start":{"line":24,"column":30},"end":{"line":24,"column":31}},"loc":{"start":{"line":24,"column":47},"end":{"line":52,"column":5}},"line":24},"3":{"name":"(anonymous_3)","decl":{"start":{"line":41,"column":73},"end":{"line":41,"column":74}},"loc":{"start":{"line":41,"column":82},"end":{"line":41,"column":89}},"line":41},"4":{"name":"(anonymous_4)","decl":{"start":{"line":67,"column":34},"end":{"line":67,"column":35}},"loc":{"start":{"line":67,"column":41},"end":{"line":67,"column":68}},"line":67},"5":{"name":"(anonymous_5)","decl":{"start":{"line":77,"column":34},"end":{"line":77,"column":35}},"loc":{"start":{"line":77,"column":41},"end":{"line":77,"column":65}},"line":77},"6":{"name":"(anonymous_6)","decl":{"start":{"line":88,"column":34},"end":{"line":88,"column":35}},"loc":{"start":{"line":88,"column":41},"end":{"line":88,"column":68}},"line":88},"7":{"name":"(anonymous_7)","decl":{"start":{"line":99,"column":34},"end":{"line":99,"column":35}},"loc":{"start":{"line":99,"column":41},"end":{"line":99,"column":75}},"line":99},"8":{"name":"(anonymous_8)","decl":{"start":{"line":106,"column":39},"end":{"line":106,"column":40}},"loc":{"start":{"line":107,"column":32},"end":{"line":109,"column":37}},"line":107}},"branchMap":{"0":{"loc":{"start":{"line":19,"column":8},"end":{"line":21,"column":9}},"type":"if","locations":[{"start":{"line":19,"column":8},"end":{"line":21,"column":9}},{"start":{},"end":{}}],"line":19},"1":{"loc":{"start":{"line":39,"column":12},"end":{"line":50,"column":13}},"type":"if","locations":[{"start":{"line":39,"column":12},"end":{"line":50,"column":13}},{"start":{"line":46,"column":19},"end":{"line":50,"column":13}}],"line":39},"2":{"loc":{"start":{"line":39,"column":16},"end":{"line":39,"column":63}},"type":"binary-expr","locations":[{"start":{"line":39,"column":16},"end":{"line":39,"column":30}},{"start":{"line":39,"column":34},"end":{"line":39,"column":63}}],"line":39},"3":{"loc":{"start":{"line":40,"column":16},"end":{"line":45,"column":17}},"type":"if","locations":[{"start":{"line":40,"column":16},"end":{"line":45,"column":17}},{"start":{"line":43,"column":23},"end":{"line":45,"column":17}}],"line":40},"4":{"loc":{"start":{"line":46,"column":19},"end":{"line":50,"column":13}},"type":"if","locations":[{"start":{"line":46,"column":19},"end":{"line":50,"column":13}},{"start":{"line":48,"column":19},"end":{"line":50,"column":13}}],"line":46},"5":{"loc":{"start":{"line":46,"column":23},"end":{"line":46,"column":70}},"type":"binary-expr","locations":[{"start":{"line":46,"column":23},"end":{"line":46,"column":37}},{"start":{"line":46,"column":41},"end":{"line":46,"column":70}}],"line":46},"6":{"loc":{"start":{"line":59,"column":75},"end":{"line":59,"column":111}},"type":"cond-expr","locations":[{"start":{"line":59,"column":94},"end":{"line":59,"column":106}},{"start":{"line":59,"column":109},"end":{"line":59,"column":111}}],"line":59},"7":{"loc":{"start":{"line":104,"column":21},"end":{"line":112,"column":21}},"type":"binary-expr","locations":[{"start":{"line":104,"column":21},"end":{"line":104,"column":37}},{"start":{"line":105,"column":24},"end":{"line":111,"column":29}}],"line":104}},"s":{"0":2,"1":114,"2":114,"3":114,"4":114,"5":114,"6":114,"7":114,"8":5,"9":0,"10":114,"11":2,"12":2,"13":2,"14":1,"15":1,"16":1,"17":1,"18":1,"19":1,"20":2,"21":1,"22":0,"23":0,"24":0,"25":0,"26":114,"27":27,"28":52,"29":16,"30":13,"31":2},"f":{"0":114,"1":5,"2":2,"3":2,"4":27,"5":52,"6":16,"7":13,"8":2},"b":{"0":[0,5],"1":[1,0],"2":[1,1],"3":[1,0],"4":[0,0],"5":[0,0],"6":[1,113],"7":[114,1]},"_coverageSchema":"1a1c01bbd47fc00a2c39e90264f33305004495a9","hash":"445ce3335e39e823545bdbd4acae3fc70370123a"}
,"D:\\webproject\\some_news_project\\front-end\\src\\pages\\science\\Science.jsx": {"path":"D:\\webproject\\some_news_project\\front-end\\src\\pages\\science\\Science.jsx","statementMap":{"0":{"start":{"line":8,"column":21},"end":{"line":8,"column":71}},"1":{"start":{"line":10,"column":4},"end":{"line":14,"column":6}}},"fnMap":{"0":{"name":"Science","decl":{"start":{"line":7,"column":9},"end":{"line":7,"column":16}},"loc":{"start":{"line":7,"column":19},"end":{"line":15,"column":1}},"line":7}},"branchMap":{},"s":{"0":1,"1":1},"f":{"0":1},"b":{},"_coverageSchema":"1a1c01bbd47fc00a2c39e90264f33305004495a9","hash":"e0093c1d34f54a2c22741a0604ead8b19abbe9f9"}
,"D:\\webproject\\some_news_project\\front-end\\src\\pages\\sport\\Sport.jsx": {"path":"D:\\webproject\\some_news_project\\front-end\\src\\pages\\sport\\Sport.jsx","statementMap":{"0":{"start":{"line":8,"column":21},"end":{"line":8,"column":69}},"1":{"start":{"line":10,"column":4},"end":{"line":14,"column":6}}},"fnMap":{"0":{"name":"Sport","decl":{"start":{"line":7,"column":9},"end":{"line":7,"column":14}},"loc":{"start":{"line":7,"column":17},"end":{"line":15,"column":1}},"line":7}},"branchMap":{},"s":{"0":1,"1":1},"f":{"0":1},"b":{},"_coverageSchema":"1a1c01bbd47fc00a2c39e90264f33305004495a9","hash":"2f59b6e54eac4fdb2ccaea09cda42ffc70661307"}
,"D:\\webproject\\some_news_project\\front-end\\src\\pages\\technology\\Technology.jsx": {"path":"D:\\webproject\\some_news_project\\front-end\\src\\pages\\technology\\Technology.jsx","statementMap":{"0":{"start":{"line":8,"column":21},"end":{"line":8,"column":74}},"1":{"start":{"line":10,"column":4},"end":{"line":14,"column":6}}},"fnMap":{"0":{"name":"Technology","decl":{"start":{"line":7,"column":9},"end":{"line":7,"column":19}},"loc":{"start":{"line":7,"column":22},"end":{"line":15,"column":1}},"line":7}},"branchMap":{},"s":{"0":1,"1":1},"f":{"0":1},"b":{},"_coverageSchema":"1a1c01bbd47fc00a2c39e90264f33305004495a9","hash":"dfc08e07b528fe3324a89b5ad5c700f771ca96e8"}
,"D:\\webproject\\some_news_project\\front-end\\src\\utils\\auth.js": {"path":"D:\\webproject\\some_news_project\\front-end\\src\\utils\\auth.js","statementMap":{"0":{"start":{"line":3,"column":31},"end":{"line":23,"column":1}},"1":{"start":{"line":4,"column":18},"end":{"line":4,"column":47}},"2":{"start":{"line":5,"column":4},"end":{"line":7,"column":5}},"3":{"start":{"line":6,"column":8},"end":{"line":6,"column":21}},"4":{"start":{"line":9,"column":4},"end":{"line":22,"column":5}},"5":{"start":{"line":10,"column":29},"end":{"line":10,"column":45}},"6":{"start":{"line":11,"column":28},"end":{"line":11,"column":45}},"7":{"start":{"line":13,"column":8},"end":{"line":16,"column":9}},"8":{"start":{"line":14,"column":12},"end":{"line":14,"column":45}},"9":{"start":{"line":15,"column":12},"end":{"line":15,"column":25}},"10":{"start":{"line":18,"column":8},"end":{"line":18,"column":20}},"11":{"start":{"line":20,"column":8},"end":{"line":20,"column":47}},"12":{"start":{"line":21,"column":8},"end":{"line":21,"column":21}},"13":{"start":{"line":25,"column":22},"end":{"line":27,"column":1}},"14":{"start":{"line":26,"column":4},"end":{"line":26,"column":25}}},"fnMap":{"0":{"name":"(anonymous_0)","decl":{"start":{"line":3,"column":31},"end":{"line":3,"column":32}},"loc":{"start":{"line":3,"column":37},"end":{"line":23,"column":1}},"line":3},"1":{"name":"(anonymous_1)","decl":{"start":{"line":25,"column":22},"end":{"line":25,"column":23}},"loc":{"start":{"line":25,"column":28},"end":{"line":27,"column":1}},"line":25}},"branchMap":{"0":{"loc":{"start":{"line":5,"column":4},"end":{"line":7,"column":5}},"type":"if","locations":[{"start":{"line":5,"column":4},"end":{"line":7,"column":5}},{"start":{},"end":{}}],"line":5},"1":{"loc":{"start":{"line":13,"column":8},"end":{"line":16,"column":9}},"type":"if","locations":[{"start":{"line":13,"column":8},"end":{"line":16,"column":9}},{"start":{},"end":{}}],"line":13}},"s":{"0":3,"1":30,"2":30,"3":13,"4":17,"5":17,"6":17,"7":17,"8":0,"9":0,"10":17,"11":0,"12":0,"13":3,"14":1},"f":{"0":30,"1":1},"b":{"0":[13,17],"1":[0,17]},"_coverageSchema":"1a1c01bbd47fc00a2c39e90264f33305004495a9","hash":"a1671c5ec73be0291776a7308731fb993d490d62"}
,"D:\\webproject\\some_news_project\\front-end\\src\\utils\\userService.js": {"path":"D:\\webproject\\some_news_project\\front-end\\src\\utils\\userService.js","statementMap":{"0":{"start":{"line":3,"column":23},"end":{"line":15,"column":1}},"1":{"start":{"line":4,"column":4},"end":{"line":14,"column":5}},"2":{"start":{"line":5,"column":25},"end":{"line":9,"column":10}},"3":{"start":{"line":10,"column":8},"end":{"line":10,"column":34}},"4":{"start":{"line":12,"column":8},"end":{"line":12,"column":56}},"5":{"start":{"line":13,"column":8},"end":{"line":13,"column":20}}},"fnMap":{"0":{"name":"(anonymous_0)","decl":{"start":{"line":3,"column":23},"end":{"line":3,"column":24}},"loc":{"start":{"line":3,"column":35},"end":{"line":15,"column":1}},"line":3}},"branchMap":{},"s":{"0":3,"1":11,"2":11,"3":11,"4":0,"5":0},"f":{"0":11},"b":{},"_coverageSchema":"1a1c01bbd47fc00a2c39e90264f33305004495a9","hash":"7ead0b75eb19f6a916126c1d091e55b9e95471c0"}
}
