TN:
SF:__tests__\utils\utils.helper.js
FN:10,renderReusable
FN:15,(anonymous_1)
FN:24,registerAccount
FN:32,(anonymous_3)
FN:37,loginUser
FN:44,setupAuthedUser
FN:55,(anonymous_6)
FNF:7
FNH:7
FNDA:18,renderReusable
FNDA:32,(anonymous_1)
FNDA:1,registerAccount
FNDA:11,(anonymous_3)
FNDA:3,loginUser
FNDA:2,setupAuthedUser
FNDA:19,(anonymous_6)
DA:11,18
DA:16,32
DA:25,1
DA:26,1
DA:27,1
DA:28,1
DA:30,1
DA:32,1
DA:33,11
DA:38,3
DA:39,3
DA:41,3
DA:45,2
DA:53,2
DA:55,2
DA:56,19
LF:16
LH:16
BRDA:10,0,0,0
BRF:1
BRH:0
end_of_record
TN:
SF:src\Providers.js
FN:11,Providers
FNF:1
FNH:1
FNDA:18,Providers
DA:12,18
DA:27,3
LF:2
LH:2
BRF:0
BRH:0
end_of_record
TN:
SF:src\components\index.js
FNF:0
FNH:0
LF:0
LH:0
BRF:0
BRH:0
end_of_record
TN:
SF:src\components\footer\Footer.jsx
FN:6,Footer
FNF:1
FNH:1
FNDA:26,Footer
DA:7,26
LF:1
LH:1
BRF:0
BRH:0
end_of_record
TN:
SF:src\components\header\Header.jsx
FN:9,Header
FNF:1
FNH:1
FNDA:26,Header
DA:10,26
LF:1
LH:1
BRF:0
BRH:0
end_of_record
TN:
SF:src\components\navbar\Navbar.jsx
FN:13,Navbar
FN:25,(anonymous_1)
FN:29,(anonymous_2)
FN:38,checkpath
FNF:4
FNH:2
FNDA:26,Navbar
FNDA:0,(anonymous_1)
FNDA:0,(anonymous_2)
FNDA:26,checkpath
DA:14,26
DA:15,26
DA:16,26
DA:17,26
DA:19,26
DA:21,26
DA:22,26
DA:23,26
DA:25,26
DA:26,0
DA:29,26
DA:30,0
DA:31,0
DA:32,0
DA:33,0
DA:34,0
DA:35,0
DA:39,26
DA:40,16
DA:68,26
LF:20
LH:13
BRDA:39,0,0,16
BRDA:39,0,1,10
BRDA:47,1,0,16
BRDA:47,1,1,16
BRDA:49,2,0,16
BRDA:49,2,1,0
BRDA:71,3,0,9
BRDA:71,3,1,17
BRDA:71,4,0,26
BRDA:71,4,1,26
BRDA:77,5,0,1
BRDA:77,5,1,25
BRDA:84,6,0,1
BRDA:84,6,1,25
BRDA:91,7,0,1
BRDA:91,7,1,25
BRDA:98,8,0,2
BRDA:98,8,1,24
BRF:18
BRH:17
end_of_record
TN:
SF:src\components\newsPages\NewsPages.jsx
FN:18,NewsPages
FN:33,(anonymous_1)
FNF:2
FNH:2
FNDA:34,NewsPages
FNDA:216,(anonymous_1)
DA:14,3
DA:19,34
DA:21,34
DA:23,34
DA:25,34
DA:26,12
DA:28,12
DA:34,216
DA:36,216
LF:9
LH:9
BRDA:25,0,0,22
BRDA:25,0,1,12
BRDA:26,1,0,0
BRDA:26,1,1,12
BRDA:34,2,0,216
BRDA:34,2,1,0
BRDA:36,3,0,12
BRDA:36,3,1,204
BRDA:40,4,0,0
BRDA:40,4,1,12
BRDA:81,5,0,0
BRDA:81,5,1,204
BRF:12
BRH:8
end_of_record
TN:
SF:src\components\repostsAndLikes\RepostsAndLikes.jsx
FN:9,RepostsAndLikes
FN:14,(anonymous_1)
FNF:2
FNH:0
FNDA:0,RepostsAndLikes
FNDA:0,(anonymous_1)
DA:10,0
DA:15,0
DA:16,0
DA:42,3
LF:4
LH:1
BRDA:12,0,0,0
BRDA:12,0,1,0
BRDA:12,1,0,0
BRDA:12,1,1,0
BRDA:15,2,0,0
BRDA:15,2,1,0
BRDA:21,3,0,0
BRDA:21,3,1,0
BRDA:23,4,0,0
BRDA:23,4,1,0
BRF:10
BRH:0
end_of_record
TN:
SF:src\contexts\AuthContext.js
FN:6,(anonymous_0)
FN:10,(anonymous_1)
FN:20,(anonymous_2)
FNF:3
FNH:3
FNDA:206,(anonymous_0)
FNDA:29,(anonymous_1)
FNDA:1,(anonymous_2)
DA:4,3
DA:6,3
DA:7,206
DA:10,3
DA:11,29
DA:17,29
DA:18,29
DA:20,29
DA:21,1
DA:22,1
DA:23,1
DA:26,29
DA:33,3
LF:13
LH:13
BRF:0
BRH:0
end_of_record
TN:
SF:src\contexts\CommunityContext.js
FN:8,(anonymous_0)
FN:12,(anonymous_1)
FNF:2
FNH:2
FNDA:6,(anonymous_0)
FNDA:31,(anonymous_1)
DA:6,3
DA:8,3
DA:9,6
DA:12,3
DA:13,31
DA:14,31
DA:15,31
DA:16,31
DA:18,31
DA:36,3
LF:10
LH:10
BRF:0
BRH:0
end_of_record
TN:
SF:src\contexts\NewsApiContext.js
FN:6,(anonymous_0)
FN:10,(anonymous_1)
FNF:2
FNH:2
FNDA:68,(anonymous_0)
FNDA:30,(anonymous_1)
DA:4,3
DA:6,3
DA:7,68
DA:10,3
DA:11,30
DA:12,30
DA:13,30
DA:14,30
DA:16,30
DA:23,3
LF:10
LH:10
BRF:0
BRH:0
end_of_record
TN:
SF:src\contexts\UserArticlesContext.js
FN:8,(anonymous_0)
FN:12,(anonymous_1)
FN:18,(anonymous_2)
FNF:3
FNH:3
FNDA:37,(anonymous_0)
FNDA:29,(anonymous_1)
FNDA:1,(anonymous_2)
DA:6,3
DA:8,3
DA:9,37
DA:12,3
DA:13,29
DA:14,29
DA:15,29
DA:16,29
DA:18,29
DA:19,1
DA:20,1
DA:23,29
DA:42,3
LF:13
LH:13
BRF:0
BRH:0
end_of_record
TN:
SF:src\contexts\UserLikesContext.js
FN:8,useUserLikesContext
FN:12,(anonymous_1)
FN:18,(anonymous_2)
FNF:3
FNH:3
FNDA:37,useUserLikesContext
FNDA:29,(anonymous_1)
FNDA:1,(anonymous_2)
DA:6,3
DA:9,37
DA:12,3
DA:13,29
DA:14,29
DA:15,29
DA:16,29
DA:18,29
DA:19,1
DA:20,1
DA:23,29
DA:42,3
LF:12
LH:12
BRF:0
BRH:0
end_of_record
TN:
SF:src\contexts\UserRepostsContext.js
FN:8,useUserRepostsContext
FN:12,(anonymous_1)
FN:18,(anonymous_2)
FNF:3
FNH:3
FNDA:37,useUserRepostsContext
FNDA:29,(anonymous_1)
FNDA:1,(anonymous_2)
DA:6,3
DA:9,37
DA:12,3
DA:13,29
DA:14,29
DA:15,29
DA:16,29
DA:18,29
DA:19,1
DA:20,1
DA:23,29
DA:42,3
LF:12
LH:12
BRF:0
BRH:0
end_of_record
TN:
SF:src\hooks\useAuthentication.js
FN:7,(anonymous_0)
FN:11,(anonymous_1)
FN:26,(anonymous_2)
FNF:3
FNH:3
FNDA:48,(anonymous_0)
FNDA:25,(anonymous_1)
FNDA:25,(anonymous_2)
DA:7,3
DA:8,48
DA:9,48
DA:11,48
DA:12,25
DA:13,11
DA:14,11
DA:15,11
DA:16,11
DA:17,11
DA:19,0
DA:21,11
DA:26,48
DA:27,25
DA:28,25
LF:15
LH:14
BRDA:12,0,0,11
BRDA:12,0,1,14
BRDA:12,1,0,25
BRDA:12,1,1,25
BRF:4
BRH:4
end_of_record
TN:
SF:src\hooks\useFetchCommunityArticles.js
FN:6,useFetchCommunityArticles
FN:11,(anonymous_1)
FN:35,(anonymous_2)
FNF:3
FNH:3
FNDA:3,useFetchCommunityArticles
FNDA:1,(anonymous_1)
FNDA:2,(anonymous_2)
DA:8,3
DA:9,3
DA:11,3
DA:12,1
DA:13,1
DA:14,1
DA:16,1
DA:17,1
DA:18,1
DA:19,1
DA:21,0
DA:22,0
DA:23,0
DA:25,1
DA:27,0
DA:28,0
DA:30,1
DA:31,1
DA:35,3
DA:36,2
DA:37,1
LF:21
LH:16
BRDA:16,0,0,1
BRDA:16,0,1,0
BRDA:36,1,0,1
BRDA:36,1,1,1
BRDA:36,2,0,2
BRDA:36,2,1,0
BRDA:36,2,2,2
BRF:7
BRH:5
end_of_record
TN:
SF:src\hooks\useFetchNews.js
FN:6,useFetchNews
FN:9,(anonymous_1)
FN:26,(anonymous_2)
FNF:3
FNH:3
FNDA:34,useFetchNews
FNDA:22,(anonymous_1)
FNDA:22,(anonymous_2)
DA:7,34
DA:9,34
DA:10,22
DA:11,13
DA:12,13
DA:13,13
DA:15,13
DA:16,13
DA:17,13
DA:19,0
DA:20,0
DA:21,0
DA:26,34
DA:27,22
LF:14
LH:11
BRDA:10,0,0,13
BRDA:10,0,1,9
BRDA:10,1,0,22
BRDA:10,1,1,12
BRF:4
BRH:4
end_of_record
TN:
SF:src\hooks\useIsAuthenticated.js
FN:6,useIsAuthenticated
FN:9,(anonymous_1)
FNF:2
FNH:2
FNDA:50,useIsAuthenticated
FNDA:17,(anonymous_1)
DA:7,50
DA:9,50
DA:10,17
DA:11,0
LF:4
LH:3
BRDA:10,0,0,0
BRDA:10,0,1,17
BRF:2
BRH:1
end_of_record
TN:
SF:src\pages\article\Article.jsx
FN:9,(anonymous_0)
FN:14,(anonymous_1)
FN:28,(anonymous_2)
FNF:3
FNH:3
FNDA:2,(anonymous_0)
FNDA:2,(anonymous_1)
FNDA:2,(anonymous_2)
DA:9,1
DA:10,2
DA:11,2
DA:12,2
DA:14,2
DA:15,2
DA:17,2
DA:18,2
DA:20,0
DA:24,2
DA:25,0
DA:28,2
DA:29,2
DA:30,2
DA:39,0
DA:41,2
LF:16
LH:13
BRDA:17,0,0,2
BRDA:17,0,1,0
BRDA:24,1,0,0
BRDA:24,1,1,2
BRDA:29,2,0,2
BRDA:29,2,1,0
BRDA:29,3,0,2
BRDA:29,3,1,2
BRF:8
BRH:5
end_of_record
TN:
SF:src\pages\community\Community.jsx
FN:14,Community
FN:29,(anonymous_1)
FNF:2
FNH:1
FNDA:3,Community
FNDA:0,(anonymous_1)
DA:15,3
DA:16,3
DA:17,3
DA:18,3
DA:20,3
DA:21,2
DA:23,2
DA:30,0
DA:32,0
LF:9
LH:7
BRDA:20,0,0,1
BRDA:20,0,1,2
BRDA:21,1,0,0
BRDA:21,1,1,2
BRDA:28,2,0,0
BRDA:28,2,1,2
BRDA:28,3,0,2
BRDA:28,3,1,2
BRDA:30,4,0,0
BRDA:30,4,1,0
BRDA:32,5,0,0
BRDA:32,5,1,0
BRDA:36,6,0,0
BRDA:36,6,1,0
BRDA:70,7,0,0
BRDA:70,7,1,0
BRDA:72,8,0,0
BRDA:72,8,1,0
BRF:18
BRH:6
end_of_record
TN:
SF:src\pages\home\Home.jsx
FN:7,Home
FNF:1
FNH:1
FNDA:10,Home
DA:8,10
DA:10,10
LF:2
LH:2
BRF:0
BRH:0
end_of_record
TN:
SF:src\pages\login\Login.jsx
FN:9,(anonymous_0)
FN:16,(anonymous_1)
FN:22,(anonymous_2)
FN:51,(anonymous_3)
FN:62,(anonymous_4)
FNF:5
FNH:5
FNDA:128,(anonymous_0)
FNDA:8,(anonymous_1)
FNDA:4,(anonymous_2)
FNDA:80,(anonymous_3)
FNDA:39,(anonymous_4)
DA:9,3
DA:10,128
DA:11,128
DA:12,128
DA:14,128
DA:16,128
DA:17,8
DA:18,0
DA:22,128
DA:23,4
DA:24,4
DA:25,4
DA:26,2
DA:28,2
DA:30,1
DA:31,1
DA:32,0
DA:34,1
DA:38,128
DA:51,80
DA:62,39
LF:21
LH:19
BRDA:17,0,0,0
BRDA:17,0,1,8
BRDA:31,1,0,0
BRDA:31,1,1,1
BRDA:67,2,0,128
BRDA:67,2,1,1
BRF:6
BRH:4
end_of_record
TN:
SF:src\pages\profile\Profile.jsx
FN:33,Profile
FN:48,(anonymous_1)
FN:50,(anonymous_2)
FN:51,(anonymous_3)
FN:52,(anonymous_4)
FN:58,(anonymous_5)
FN:60,(anonymous_6)
FN:65,(anonymous_7)
FN:66,(anonymous_8)
FN:72,(anonymous_9)
FN:81,(anonymous_10)
FN:87,(anonymous_11)
FN:102,(anonymous_12)
FN:105,(anonymous_13)
FN:108,(anonymous_14)
FN:116,(anonymous_15)
FN:126,(anonymous_16)
FN:129,(anonymous_17)
FN:172,(anonymous_18)
FN:190,(anonymous_19)
FN:297,(anonymous_20)
FN:312,(anonymous_21)
FNF:22
FNH:7
FNDA:11,Profile
FNDA:0,(anonymous_1)
FNDA:0,(anonymous_2)
FNDA:0,(anonymous_3)
FNDA:0,(anonymous_4)
FNDA:1,(anonymous_5)
FNDA:8,(anonymous_6)
FNDA:0,(anonymous_7)
FNDA:0,(anonymous_8)
FNDA:1,(anonymous_9)
FNDA:0,(anonymous_10)
FNDA:0,(anonymous_11)
FNDA:0,(anonymous_12)
FNDA:0,(anonymous_13)
FNDA:0,(anonymous_14)
FNDA:0,(anonymous_15)
FNDA:0,(anonymous_16)
FNDA:0,(anonymous_17)
FNDA:1,(anonymous_18)
FNDA:1,(anonymous_19)
FNDA:0,(anonymous_20)
FNDA:1,(anonymous_21)
DA:19,1
DA:34,11
DA:36,11
DA:37,11
DA:38,11
DA:39,11
DA:41,11
DA:43,11
DA:45,11
DA:46,11
DA:47,11
DA:48,11
DA:50,11
DA:51,11
DA:52,11
DA:55,11
DA:57,11
DA:58,11
DA:60,11
DA:63,11
DA:64,11
DA:65,11
DA:66,11
DA:67,0
DA:68,0
DA:69,0
DA:72,11
DA:73,1
DA:74,1
DA:75,1
DA:76,1
DA:77,1
DA:78,1
DA:81,11
DA:82,0
DA:83,0
DA:84,0
DA:85,0
DA:87,0
DA:88,0
DA:89,0
DA:95,0
DA:96,0
DA:99,0
DA:100,0
DA:102,0
DA:103,0
DA:105,0
DA:108,11
DA:109,0
DA:110,0
DA:111,0
DA:116,0
DA:121,0
DA:123,0
DA:124,0
DA:126,0
DA:129,11
DA:130,0
DA:132,0
DA:133,0
DA:134,0
DA:136,0
DA:137,0
DA:138,0
DA:141,0
DA:142,0
DA:155,0
DA:156,0
DA:157,0
DA:158,0
DA:159,0
DA:160,0
DA:163,0
DA:164,0
DA:166,0
DA:167,0
DA:172,11
DA:173,1
DA:175,1
DA:176,0
DA:177,0
DA:180,1
DA:181,1
DA:191,1
DA:192,1
DA:196,0
DA:197,0
DA:199,0
DA:200,0
DA:205,11
DA:206,1
DA:208,10
DA:209,0
DA:212,10
DA:298,0
DA:313,1
LF:97
LH:45
BRDA:95,0,0,0
BRDA:95,0,1,0
BRDA:132,1,0,0
BRDA:132,1,1,0
BRDA:136,2,0,0
BRDA:136,2,1,0
BRDA:155,3,0,0
BRDA:155,3,1,0
BRDA:163,4,0,0
BRDA:163,4,1,0
BRDA:175,5,0,0
BRDA:175,5,1,1
BRDA:191,6,0,1
BRDA:191,6,1,0
BRDA:196,7,0,0
BRDA:196,7,1,0
BRDA:205,8,0,1
BRDA:205,8,1,10
BRDA:208,9,0,0
BRDA:208,9,1,10
BRDA:218,10,0,10
BRDA:218,10,1,10
BRDA:256,11,0,0
BRDA:256,11,1,10
BRDA:260,12,0,0
BRDA:260,12,1,10
BRDA:263,13,0,0
BRDA:263,13,1,10
BRDA:374,14,0,10
BRDA:374,14,1,0
BRDA:427,15,0,10
BRDA:427,15,1,0
BRF:32
BRH:12
end_of_record
TN:
SF:src\pages\register\Register.jsx
FN:9,(anonymous_0)
FN:18,(anonymous_1)
FN:24,(anonymous_2)
FN:41,(anonymous_3)
FN:67,(anonymous_4)
FN:77,(anonymous_5)
FN:88,(anonymous_6)
FN:99,(anonymous_7)
FN:106,(anonymous_8)
FNF:9
FNH:9
FNDA:114,(anonymous_0)
FNDA:5,(anonymous_1)
FNDA:2,(anonymous_2)
FNDA:2,(anonymous_3)
FNDA:27,(anonymous_4)
FNDA:52,(anonymous_5)
FNDA:16,(anonymous_6)
FNDA:13,(anonymous_7)
FNDA:2,(anonymous_8)
DA:9,2
DA:10,114
DA:11,114
DA:12,114
DA:13,114
DA:14,114
DA:16,114
DA:18,114
DA:19,5
DA:20,0
DA:24,114
DA:25,2
DA:26,2
DA:27,2
DA:33,1
DA:35,1
DA:37,1
DA:39,1
DA:40,1
DA:41,2
DA:42,1
DA:44,0
DA:46,0
DA:47,0
DA:49,0
DA:54,114
DA:67,27
DA:77,52
DA:88,16
DA:99,13
DA:107,2
LF:31
LH:26
BRDA:19,0,0,0
BRDA:19,0,1,5
BRDA:39,1,0,1
BRDA:39,1,1,0
BRDA:39,2,0,1
BRDA:39,2,1,1
BRDA:40,3,0,1
BRDA:40,3,1,0
BRDA:46,4,0,0
BRDA:46,4,1,0
BRDA:46,5,0,0
BRDA:46,5,1,0
BRDA:59,6,0,1
BRDA:59,6,1,113
BRDA:104,7,0,114
BRDA:104,7,1,1
BRF:16
BRH:9
end_of_record
TN:
SF:src\pages\science\Science.jsx
FN:7,Science
FNF:1
FNH:1
FNDA:1,Science
DA:8,1
DA:10,1
LF:2
LH:2
BRF:0
BRH:0
end_of_record
TN:
SF:src\pages\sport\Sport.jsx
FN:7,Sport
FNF:1
FNH:1
FNDA:1,Sport
DA:8,1
DA:10,1
LF:2
LH:2
BRF:0
BRH:0
end_of_record
TN:
SF:src\pages\technology\Technology.jsx
FN:7,Technology
FNF:1
FNH:1
FNDA:1,Technology
DA:8,1
DA:10,1
LF:2
LH:2
BRF:0
BRH:0
end_of_record
TN:
SF:src\utils\auth.js
FN:3,(anonymous_0)
FN:25,(anonymous_1)
FNF:2
FNH:2
FNDA:30,(anonymous_0)
FNDA:1,(anonymous_1)
DA:3,3
DA:4,30
DA:5,30
DA:6,13
DA:9,17
DA:10,17
DA:11,17
DA:13,17
DA:14,0
DA:15,0
DA:18,17
DA:20,0
DA:21,0
DA:25,3
DA:26,1
LF:15
LH:11
BRDA:5,0,0,13
BRDA:5,0,1,17
BRDA:13,1,0,0
BRDA:13,1,1,17
BRF:4
BRH:3
end_of_record
TN:
SF:src\utils\userService.js
FN:3,(anonymous_0)
FNF:1
FNH:1
FNDA:11,(anonymous_0)
DA:3,3
DA:4,11
DA:5,11
DA:10,11
DA:12,0
DA:13,0
LF:6
LH:4
BRF:0
BRH:0
end_of_record
