{
    "D:\\webproject\\some_news_project\\src\\components\\footer\\Footer.jsx": {
        "path": "D:\\webproject\\some_news_project\\src\\components\\footer\\Footer.jsx",
        "statementMap": {
            "0": {
                "start": {
                    "line": 7,
                    "column": 4
                },
                "end": {
                    "line": 31,
                    "column": 6
                }
            }
        },
        "fnMap": {
            "0": {
                "name": "Footer",
                "decl": {
                    "start": {
                        "line": 6,
                        "column": 9
                    },
                    "end": {
                        "line": 6,
                        "column": 15
                    }
                },
                "loc": {
                    "start": {
                        "line": 6,
                        "column": 18
                    },
                    "end": {
                        "line": 32,
                        "column": 1
                    }
                },
                "line": 6
            }
        },
        "branchMap": {},
        "s": {
            "0": 28
        },
        "f": {
            "0": 28
        },
        "b": {},
        "_coverageSchema": "1a1c01bbd47fc00a2c39e90264f33305004495a9",
        "hash": "73defe4d694f7c530b59455f6215b32116e9b06a"
    },
    "D:\\webproject\\some_news_project\\src\\components\\header\\Header.jsx": {
        "path": "D:\\webproject\\some_news_project\\src\\components\\header\\Header.jsx",
        "statementMap": {
            "0": {
                "start": {
                    "line": 10,
                    "column": 4
                },
                "end": {
                    "line": 21,
                    "column": 6
                }
            }
        },
        "fnMap": {
            "0": {
                "name": "Header",
                "decl": {
                    "start": {
                        "line": 9,
                        "column": 9
                    },
                    "end": {
                        "line": 9,
                        "column": 15
                    }
                },
                "loc": {
                    "start": {
                        "line": 9,
                        "column": 18
                    },
                    "end": {
                        "line": 22,
                        "column": 1
                    }
                },
                "line": 9
            }
        },
        "branchMap": {},
        "s": {
            "0": 28
        },
        "f": {
            "0": 28
        },
        "b": {},
        "_coverageSchema": "1a1c01bbd47fc00a2c39e90264f33305004495a9",
        "hash": "4ed4470f936e55a7a3fd4c70f7443a9a6ecd23e8"
    },
    "D:\\webproject\\some_news_project\\src\\contexts\\AuthContext.js": {
        "path": "D:\\webproject\\some_news_project\\src\\contexts\\AuthContext.js",
        "statementMap": {
            "0": {
                "start": {
                    "line": 4,
                    "column": 20
                },
                "end": {
                    "line": 4,
                    "column": 35
                }
            },
            "1": {
                "start": {
                    "line": 6,
                    "column": 30
                },
                "end": {
                    "line": 8,
                    "column": 1
                }
            },
            "2": {
                "start": {
                    "line": 7,
                    "column": 4
                },
                "end": {
                    "line": 7,
                    "column": 35
                }
            },
            "3": {
                "start": {
                    "line": 10,
                    "column": 28
                },
                "end": {
                    "line": 31,
                    "column": 1
                }
            },
            "4": {
                "start": {
                    "line": 11,
                    "column": 28
                },
                "end": {
                    "line": 16,
                    "column": 6
                }
            },
            "5": {
                "start": {
                    "line": 17,
                    "column": 34
                },
                "end": {
                    "line": 17,
                    "column": 48
                }
            },
            "6": {
                "start": {
                    "line": 18,
                    "column": 30
                },
                "end": {
                    "line": 18,
                    "column": 42
                }
            },
            "7": {
                "start": {
                    "line": 20,
                    "column": 23
                },
                "end": {
                    "line": 24,
                    "column": 5
                }
            },
            "8": {
                "start": {
                    "line": 21,
                    "column": 8
                },
                "end": {
                    "line": 21,
                    "column": 22
                }
            },
            "9": {
                "start": {
                    "line": 22,
                    "column": 8
                },
                "end": {
                    "line": 22,
                    "column": 25
                }
            },
            "10": {
                "start": {
                    "line": 23,
                    "column": 8
                },
                "end": {
                    "line": 23,
                    "column": 21
                }
            },
            "11": {
                "start": {
                    "line": 26,
                    "column": 4
                },
                "end": {
                    "line": 30,
                    "column": 6
                }
            },
            "12": {
                "start": {
                    "line": 33,
                    "column": 0
                },
                "end": {
                    "line": 35,
                    "column": 2
                }
            }
        },
        "fnMap": {
            "0": {
                "name": "(anonymous_0)",
                "decl": {
                    "start": {
                        "line": 6,
                        "column": 30
                    },
                    "end": {
                        "line": 6,
                        "column": 31
                    }
                },
                "loc": {
                    "start": {
                        "line": 6,
                        "column": 36
                    },
                    "end": {
                        "line": 8,
                        "column": 1
                    }
                },
                "line": 6
            },
            "1": {
                "name": "(anonymous_1)",
                "decl": {
                    "start": {
                        "line": 10,
                        "column": 28
                    },
                    "end": {
                        "line": 10,
                        "column": 29
                    }
                },
                "loc": {
                    "start": {
                        "line": 10,
                        "column": 46
                    },
                    "end": {
                        "line": 31,
                        "column": 1
                    }
                },
                "line": 10
            },
            "2": {
                "name": "(anonymous_2)",
                "decl": {
                    "start": {
                        "line": 20,
                        "column": 23
                    },
                    "end": {
                        "line": 20,
                        "column": 24
                    }
                },
                "loc": {
                    "start": {
                        "line": 20,
                        "column": 29
                    },
                    "end": {
                        "line": 24,
                        "column": 5
                    }
                },
                "line": 20
            }
        },
        "branchMap": {},
        "s": {
            "0": 10,
            "1": 10,
            "2": 238,
            "3": 10,
            "4": 50,
            "5": 50,
            "6": 50,
            "7": 50,
            "8": 0,
            "9": 0,
            "10": 0,
            "11": 50,
            "12": 10
        },
        "f": {
            "0": 238,
            "1": 50,
            "2": 0
        },
        "b": {},
        "_coverageSchema": "1a1c01bbd47fc00a2c39e90264f33305004495a9",
        "hash": "2b038a1b17554337f5247bc8551442f4f0cccdba"
    },
    "D:\\webproject\\some_news_project\\src\\contexts\\UserArticlesContext.js": {
        "path": "D:\\webproject\\some_news_project\\src\\contexts\\UserArticlesContext.js",
        "statementMap": {
            "0": {
                "start": {
                    "line": 6,
                    "column": 28
                },
                "end": {
                    "line": 6,
                    "column": 43
                }
            },
            "1": {
                "start": {
                    "line": 8,
                    "column": 38
                },
                "end": {
                    "line": 10,
                    "column": 1
                }
            },
            "2": {
                "start": {
                    "line": 9,
                    "column": 4
                },
                "end": {
                    "line": 9,
                    "column": 43
                }
            },
            "3": {
                "start": {
                    "line": 12,
                    "column": 36
                },
                "end": {
                    "line": 40,
                    "column": 1
                }
            },
            "4": {
                "start": {
                    "line": 13,
                    "column": 44
                },
                "end": {
                    "line": 13,
                    "column": 56
                }
            },
            "5": {
                "start": {
                    "line": 14,
                    "column": 52
                },
                "end": {
                    "line": 14,
                    "column": 67
                }
            },
            "6": {
                "start": {
                    "line": 15,
                    "column": 36
                },
                "end": {
                    "line": 15,
                    "column": 52
                }
            },
            "7": {
                "start": {
                    "line": 16,
                    "column": 30
                },
                "end": {
                    "line": 16,
                    "column": 42
                }
            },
            "8": {
                "start": {
                    "line": 18,
                    "column": 27
                },
                "end": {
                    "line": 21,
                    "column": 5
                }
            },
            "9": {
                "start": {
                    "line": 19,
                    "column": 8
                },
                "end": {
                    "line": 19,
                    "column": 28
                }
            },
            "10": {
                "start": {
                    "line": 20,
                    "column": 8
                },
                "end": {
                    "line": 20,
                    "column": 21
                }
            },
            "11": {
                "start": {
                    "line": 23,
                    "column": 4
                },
                "end": {
                    "line": 39,
                    "column": 6
                }
            },
            "12": {
                "start": {
                    "line": 42,
                    "column": 0
                },
                "end": {
                    "line": 44,
                    "column": 2
                }
            }
        },
        "fnMap": {
            "0": {
                "name": "(anonymous_0)",
                "decl": {
                    "start": {
                        "line": 8,
                        "column": 38
                    },
                    "end": {
                        "line": 8,
                        "column": 39
                    }
                },
                "loc": {
                    "start": {
                        "line": 8,
                        "column": 44
                    },
                    "end": {
                        "line": 10,
                        "column": 1
                    }
                },
                "line": 8
            },
            "1": {
                "name": "(anonymous_1)",
                "decl": {
                    "start": {
                        "line": 12,
                        "column": 36
                    },
                    "end": {
                        "line": 12,
                        "column": 37
                    }
                },
                "loc": {
                    "start": {
                        "line": 12,
                        "column": 54
                    },
                    "end": {
                        "line": 40,
                        "column": 1
                    }
                },
                "line": 12
            },
            "2": {
                "name": "(anonymous_2)",
                "decl": {
                    "start": {
                        "line": 18,
                        "column": 27
                    },
                    "end": {
                        "line": 18,
                        "column": 28
                    }
                },
                "loc": {
                    "start": {
                        "line": 18,
                        "column": 33
                    },
                    "end": {
                        "line": 21,
                        "column": 5
                    }
                },
                "line": 18
            }
        },
        "branchMap": {},
        "s": {
            "0": 10,
            "1": 10,
            "2": 30,
            "3": 10,
            "4": 50,
            "5": 50,
            "6": 50,
            "7": 50,
            "8": 50,
            "9": 0,
            "10": 0,
            "11": 50,
            "12": 10
        },
        "f": {
            "0": 30,
            "1": 50,
            "2": 0
        },
        "b": {},
        "_coverageSchema": "1a1c01bbd47fc00a2c39e90264f33305004495a9",
        "hash": "6cb906df4e82f496c332d6245635fc81154d1667"
    },
    "D:\\webproject\\some_news_project\\src\\utils\\auth.js": {
        "path": "D:\\webproject\\some_news_project\\src\\utils\\auth.js",
        "statementMap": {
            "0": {
                "start": {
                    "line": 3,
                    "column": 31
                },
                "end": {
                    "line": 23,
                    "column": 1
                }
            },
            "1": {
                "start": {
                    "line": 4,
                    "column": 18
                },
                "end": {
                    "line": 4,
                    "column": 47
                }
            },
            "2": {
                "start": {
                    "line": 5,
                    "column": 4
                },
                "end": {
                    "line": 7,
                    "column": 5
                }
            },
            "3": {
                "start": {
                    "line": 6,
                    "column": 8
                },
                "end": {
                    "line": 6,
                    "column": 21
                }
            },
            "4": {
                "start": {
                    "line": 9,
                    "column": 4
                },
                "end": {
                    "line": 22,
                    "column": 5
                }
            },
            "5": {
                "start": {
                    "line": 10,
                    "column": 29
                },
                "end": {
                    "line": 10,
                    "column": 45
                }
            },
            "6": {
                "start": {
                    "line": 11,
                    "column": 28
                },
                "end": {
                    "line": 11,
                    "column": 45
                }
            },
            "7": {
                "start": {
                    "line": 13,
                    "column": 8
                },
                "end": {
                    "line": 16,
                    "column": 9
                }
            },
            "8": {
                "start": {
                    "line": 14,
                    "column": 12
                },
                "end": {
                    "line": 14,
                    "column": 45
                }
            },
            "9": {
                "start": {
                    "line": 15,
                    "column": 12
                },
                "end": {
                    "line": 15,
                    "column": 25
                }
            },
            "10": {
                "start": {
                    "line": 18,
                    "column": 8
                },
                "end": {
                    "line": 18,
                    "column": 20
                }
            },
            "11": {
                "start": {
                    "line": 20,
                    "column": 8
                },
                "end": {
                    "line": 20,
                    "column": 47
                }
            },
            "12": {
                "start": {
                    "line": 21,
                    "column": 8
                },
                "end": {
                    "line": 21,
                    "column": 21
                }
            },
            "13": {
                "start": {
                    "line": 25,
                    "column": 22
                },
                "end": {
                    "line": 27,
                    "column": 1
                }
            },
            "14": {
                "start": {
                    "line": 26,
                    "column": 4
                },
                "end": {
                    "line": 26,
                    "column": 25
                }
            }
        },
        "fnMap": {
            "0": {
                "name": "(anonymous_0)",
                "decl": {
                    "start": {
                        "line": 3,
                        "column": 31
                    },
                    "end": {
                        "line": 3,
                        "column": 32
                    }
                },
                "loc": {
                    "start": {
                        "line": 3,
                        "column": 37
                    },
                    "end": {
                        "line": 23,
                        "column": 1
                    }
                },
                "line": 3
            },
            "1": {
                "name": "(anonymous_1)",
                "decl": {
                    "start": {
                        "line": 25,
                        "column": 22
                    },
                    "end": {
                        "line": 25,
                        "column": 23
                    }
                },
                "loc": {
                    "start": {
                        "line": 25,
                        "column": 28
                    },
                    "end": {
                        "line": 27,
                        "column": 1
                    }
                },
                "line": 25
            }
        },
        "branchMap": {
            "0": {
                "loc": {
                    "start": {
                        "line": 5,
                        "column": 4
                    },
                    "end": {
                        "line": 7,
                        "column": 5
                    }
                },
                "type": "if",
                "locations": [
                    {
                        "start": {
                            "line": 5,
                            "column": 4
                        },
                        "end": {
                            "line": 7,
                            "column": 5
                        }
                    },
                    {
                        "start": {},
                        "end": {}
                    }
                ],
                "line": 5
            },
            "1": {
                "loc": {
                    "start": {
                        "line": 13,
                        "column": 8
                    },
                    "end": {
                        "line": 16,
                        "column": 9
                    }
                },
                "type": "if",
                "locations": [
                    {
                        "start": {
                            "line": 13,
                            "column": 8
                        },
                        "end": {
                            "line": 16,
                            "column": 9
                        }
                    },
                    {
                        "start": {},
                        "end": {}
                    }
                ],
                "line": 13
            }
        },
        "s": {
            "0": 10,
            "1": 38,
            "2": 38,
            "3": 10,
            "4": 28,
            "5": 28,
            "6": 28,
            "7": 28,
            "8": 0,
            "9": 0,
            "10": 28,
            "11": 0,
            "12": 0,
            "13": 10,
            "14": 0
        },
        "f": {
            "0": 38,
            "1": 0
        },
        "b": {
            "0": [10, 28],
            "1": [0, 28]
        },
        "_coverageSchema": "1a1c01bbd47fc00a2c39e90264f33305004495a9",
        "hash": "d79249309b4a6d8151eab31f9dd8d557b4d98439"
    },
    "D:\\webproject\\some_news_project\\src\\components\\navbar\\Navbar.jsx": {
        "path": "D:\\webproject\\some_news_project\\src\\components\\navbar\\Navbar.jsx",
        "statementMap": {
            "0": {
                "start": {
                    "line": 12,
                    "column": 33
                },
                "end": {
                    "line": 12,
                    "column": 49
                }
            },
            "1": {
                "start": {
                    "line": 13,
                    "column": 31
                },
                "end": {
                    "line": 13,
                    "column": 55
                }
            },
            "2": {
                "start": {
                    "line": 15,
                    "column": 44
                },
                "end": {
                    "line": 15,
                    "column": 59
                }
            },
            "3": {
                "start": {
                    "line": 17,
                    "column": 21
                },
                "end": {
                    "line": 17,
                    "column": 34
                }
            },
            "4": {
                "start": {
                    "line": 18,
                    "column": 24
                },
                "end": {
                    "line": 18,
                    "column": 41
                }
            },
            "5": {
                "start": {
                    "line": 19,
                    "column": 21
                },
                "end": {
                    "line": 19,
                    "column": 34
                }
            },
            "6": {
                "start": {
                    "line": 21,
                    "column": 27
                },
                "end": {
                    "line": 23,
                    "column": 5
                }
            },
            "7": {
                "start": {
                    "line": 22,
                    "column": 8
                },
                "end": {
                    "line": 22,
                    "column": 39
                }
            },
            "8": {
                "start": {
                    "line": 25,
                    "column": 23
                },
                "end": {
                    "line": 30,
                    "column": 5
                }
            },
            "9": {
                "start": {
                    "line": 26,
                    "column": 8
                },
                "end": {
                    "line": 26,
                    "column": 17
                }
            },
            "10": {
                "start": {
                    "line": 27,
                    "column": 8
                },
                "end": {
                    "line": 27,
                    "column": 21
                }
            },
            "11": {
                "start": {
                    "line": 28,
                    "column": 8
                },
                "end": {
                    "line": 28,
                    "column": 25
                }
            },
            "12": {
                "start": {
                    "line": 29,
                    "column": 8
                },
                "end": {
                    "line": 29,
                    "column": 27
                }
            },
            "13": {
                "start": {
                    "line": 33,
                    "column": 8
                },
                "end": {
                    "line": 55,
                    "column": 9
                }
            },
            "14": {
                "start": {
                    "line": 34,
                    "column": 12
                },
                "end": {
                    "line": 54,
                    "column": 14
                }
            },
            "15": {
                "start": {
                    "line": 58,
                    "column": 4
                },
                "end": {
                    "line": 80,
                    "column": 6
                }
            }
        },
        "fnMap": {
            "0": {
                "name": "Navbar",
                "decl": {
                    "start": {
                        "line": 11,
                        "column": 9
                    },
                    "end": {
                        "line": 11,
                        "column": 15
                    }
                },
                "loc": {
                    "start": {
                        "line": 11,
                        "column": 18
                    },
                    "end": {
                        "line": 81,
                        "column": 1
                    }
                },
                "line": 11
            },
            "1": {
                "name": "(anonymous_1)",
                "decl": {
                    "start": {
                        "line": 21,
                        "column": 27
                    },
                    "end": {
                        "line": 21,
                        "column": 28
                    }
                },
                "loc": {
                    "start": {
                        "line": 21,
                        "column": 33
                    },
                    "end": {
                        "line": 23,
                        "column": 5
                    }
                },
                "line": 21
            },
            "2": {
                "name": "(anonymous_2)",
                "decl": {
                    "start": {
                        "line": 25,
                        "column": 23
                    },
                    "end": {
                        "line": 25,
                        "column": 24
                    }
                },
                "loc": {
                    "start": {
                        "line": 25,
                        "column": 29
                    },
                    "end": {
                        "line": 30,
                        "column": 5
                    }
                },
                "line": 25
            },
            "3": {
                "name": "checkpath",
                "decl": {
                    "start": {
                        "line": 32,
                        "column": 13
                    },
                    "end": {
                        "line": 32,
                        "column": 22
                    }
                },
                "loc": {
                    "start": {
                        "line": 32,
                        "column": 25
                    },
                    "end": {
                        "line": 56,
                        "column": 5
                    }
                },
                "line": 32
            }
        },
        "branchMap": {
            "0": {
                "loc": {
                    "start": {
                        "line": 33,
                        "column": 8
                    },
                    "end": {
                        "line": 55,
                        "column": 9
                    }
                },
                "type": "if",
                "locations": [
                    {
                        "start": {
                            "line": 33,
                            "column": 8
                        },
                        "end": {
                            "line": 55,
                            "column": 9
                        }
                    },
                    {
                        "start": {},
                        "end": {}
                    }
                ],
                "line": 33
            },
            "1": {
                "loc": {
                    "start": {
                        "line": 37,
                        "column": 60
                    },
                    "end": {
                        "line": 37,
                        "column": 97
                    }
                },
                "type": "binary-expr",
                "locations": [
                    {
                        "start": {
                            "line": 37,
                            "column": 60
                        },
                        "end": {
                            "line": 37,
                            "column": 76
                        }
                    },
                    {
                        "start": {
                            "line": 37,
                            "column": 80
                        },
                        "end": {
                            "line": 37,
                            "column": 97
                        }
                    }
                ],
                "line": 37
            },
            "2": {
                "loc": {
                    "start": {
                        "line": 39,
                        "column": 21
                    },
                    "end": {
                        "line": 52,
                        "column": 21
                    }
                },
                "type": "binary-expr",
                "locations": [
                    {
                        "start": {
                            "line": 39,
                            "column": 21
                        },
                        "end": {
                            "line": 39,
                            "column": 33
                        }
                    },
                    {
                        "start": {
                            "line": 40,
                            "column": 24
                        },
                        "end": {
                            "line": 51,
                            "column": 29
                        }
                    }
                ],
                "line": 39
            },
            "3": {
                "loc": {
                    "start": {
                        "line": 61,
                        "column": 35
                    },
                    "end": {
                        "line": 61,
                        "column": 103
                    }
                },
                "type": "cond-expr",
                "locations": [
                    {
                        "start": {
                            "line": 61,
                            "column": 84
                        },
                        "end": {
                            "line": 61,
                            "column": 98
                        }
                    },
                    {
                        "start": {
                            "line": 61,
                            "column": 101
                        },
                        "end": {
                            "line": 61,
                            "column": 103
                        }
                    }
                ],
                "line": 61
            },
            "4": {
                "loc": {
                    "start": {
                        "line": 61,
                        "column": 35
                    },
                    "end": {
                        "line": 61,
                        "column": 81
                    }
                },
                "type": "binary-expr",
                "locations": [
                    {
                        "start": {
                            "line": 61,
                            "column": 35
                        },
                        "end": {
                            "line": 61,
                            "column": 54
                        }
                    },
                    {
                        "start": {
                            "line": 61,
                            "column": 58
                        },
                        "end": {
                            "line": 61,
                            "column": 81
                        }
                    }
                ],
                "line": 61
            },
            "5": {
                "loc": {
                    "start": {
                        "line": 66,
                        "column": 37
                    },
                    "end": {
                        "line": 66,
                        "column": 82
                    }
                },
                "type": "cond-expr",
                "locations": [
                    {
                        "start": {
                            "line": 66,
                            "column": 63
                        },
                        "end": {
                            "line": 66,
                            "column": 77
                        }
                    },
                    {
                        "start": {
                            "line": 66,
                            "column": 80
                        },
                        "end": {
                            "line": 66,
                            "column": 82
                        }
                    }
                ],
                "line": 66
            },
            "6": {
                "loc": {
                    "start": {
                        "line": 69,
                        "column": 37
                    },
                    "end": {
                        "line": 69,
                        "column": 83
                    }
                },
                "type": "cond-expr",
                "locations": [
                    {
                        "start": {
                            "line": 69,
                            "column": 64
                        },
                        "end": {
                            "line": 69,
                            "column": 78
                        }
                    },
                    {
                        "start": {
                            "line": 69,
                            "column": 81
                        },
                        "end": {
                            "line": 69,
                            "column": 83
                        }
                    }
                ],
                "line": 69
            },
            "7": {
                "loc": {
                    "start": {
                        "line": 72,
                        "column": 37
                    },
                    "end": {
                        "line": 72,
                        "column": 85
                    }
                },
                "type": "cond-expr",
                "locations": [
                    {
                        "start": {
                            "line": 72,
                            "column": 66
                        },
                        "end": {
                            "line": 72,
                            "column": 80
                        }
                    },
                    {
                        "start": {
                            "line": 72,
                            "column": 83
                        },
                        "end": {
                            "line": 72,
                            "column": 85
                        }
                    }
                ],
                "line": 72
            },
            "8": {
                "loc": {
                    "start": {
                        "line": 75,
                        "column": 37
                    },
                    "end": {
                        "line": 75,
                        "column": 87
                    }
                },
                "type": "cond-expr",
                "locations": [
                    {
                        "start": {
                            "line": 75,
                            "column": 68
                        },
                        "end": {
                            "line": 75,
                            "column": 82
                        }
                    },
                    {
                        "start": {
                            "line": 75,
                            "column": 85
                        },
                        "end": {
                            "line": 75,
                            "column": 87
                        }
                    }
                ],
                "line": 75
            }
        },
        "s": {
            "0": 30,
            "1": 30,
            "2": 30,
            "3": 30,
            "4": 30,
            "5": 30,
            "6": 30,
            "7": 0,
            "8": 30,
            "9": 0,
            "10": 0,
            "11": 0,
            "12": 0,
            "13": 30,
            "14": 30,
            "15": 30
        },
        "f": {
            "0": 30,
            "1": 0,
            "2": 0,
            "3": 30
        },
        "b": {
            "0": [30, 0],
            "1": [30, 30],
            "2": [30, 0],
            "3": [10, 20],
            "4": [30, 30],
            "5": [4, 26],
            "6": [2, 28],
            "7": [4, 26],
            "8": [0, 30]
        },
        "_coverageSchema": "1a1c01bbd47fc00a2c39e90264f33305004495a9",
        "hash": "64a81f322287784291819162d96bcb63f46ae780"
    },
    "D:\\webproject\\some_news_project\\src\\contexts\\NewsApiContext.js": {
        "path": "D:\\webproject\\some_news_project\\src\\contexts\\NewsApiContext.js",
        "statementMap": {
            "0": {
                "start": {
                    "line": 4,
                    "column": 23
                },
                "end": {
                    "line": 4,
                    "column": 38
                }
            },
            "1": {
                "start": {
                    "line": 6,
                    "column": 33
                },
                "end": {
                    "line": 8,
                    "column": 1
                }
            },
            "2": {
                "start": {
                    "line": 7,
                    "column": 4
                },
                "end": {
                    "line": 7,
                    "column": 38
                }
            },
            "3": {
                "start": {
                    "line": 10,
                    "column": 31
                },
                "end": {
                    "line": 21,
                    "column": 1
                }
            },
            "4": {
                "start": {
                    "line": 11,
                    "column": 30
                },
                "end": {
                    "line": 11,
                    "column": 46
                }
            },
            "5": {
                "start": {
                    "line": 12,
                    "column": 28
                },
                "end": {
                    "line": 12,
                    "column": 40
                }
            },
            "6": {
                "start": {
                    "line": 13,
                    "column": 34
                },
                "end": {
                    "line": 13,
                    "column": 48
                }
            },
            "7": {
                "start": {
                    "line": 14,
                    "column": 30
                },
                "end": {
                    "line": 14,
                    "column": 44
                }
            },
            "8": {
                "start": {
                    "line": 16,
                    "column": 4
                },
                "end": {
                    "line": 20,
                    "column": 6
                }
            },
            "9": {
                "start": {
                    "line": 23,
                    "column": 0
                },
                "end": {
                    "line": 25,
                    "column": 2
                }
            }
        },
        "fnMap": {
            "0": {
                "name": "(anonymous_0)",
                "decl": {
                    "start": {
                        "line": 6,
                        "column": 33
                    },
                    "end": {
                        "line": 6,
                        "column": 34
                    }
                },
                "loc": {
                    "start": {
                        "line": 6,
                        "column": 39
                    },
                    "end": {
                        "line": 8,
                        "column": 1
                    }
                },
                "line": 6
            },
            "1": {
                "name": "(anonymous_1)",
                "decl": {
                    "start": {
                        "line": 10,
                        "column": 31
                    },
                    "end": {
                        "line": 10,
                        "column": 32
                    }
                },
                "loc": {
                    "start": {
                        "line": 10,
                        "column": 49
                    },
                    "end": {
                        "line": 21,
                        "column": 1
                    }
                },
                "line": 10
            }
        },
        "branchMap": {},
        "s": {
            "0": 10,
            "1": 10,
            "2": 116,
            "3": 10,
            "4": 44,
            "5": 44,
            "6": 44,
            "7": 44,
            "8": 44,
            "9": 10
        },
        "f": {
            "0": 116,
            "1": 44
        },
        "b": {},
        "_coverageSchema": "1a1c01bbd47fc00a2c39e90264f33305004495a9",
        "hash": "9b7038dba8d79d0b5dce9623b635f792e29a5d1e"
    },
    "D:\\webproject\\some_news_project\\src\\utils\\userService.js": {
        "path": "D:\\webproject\\some_news_project\\src\\utils\\userService.js",
        "statementMap": {
            "0": {
                "start": {
                    "line": 3,
                    "column": 23
                },
                "end": {
                    "line": 15,
                    "column": 1
                }
            },
            "1": {
                "start": {
                    "line": 4,
                    "column": 4
                },
                "end": {
                    "line": 14,
                    "column": 5
                }
            },
            "2": {
                "start": {
                    "line": 5,
                    "column": 25
                },
                "end": {
                    "line": 9,
                    "column": 10
                }
            },
            "3": {
                "start": {
                    "line": 10,
                    "column": 8
                },
                "end": {
                    "line": 10,
                    "column": 34
                }
            },
            "4": {
                "start": {
                    "line": 12,
                    "column": 8
                },
                "end": {
                    "line": 12,
                    "column": 56
                }
            },
            "5": {
                "start": {
                    "line": 13,
                    "column": 8
                },
                "end": {
                    "line": 13,
                    "column": 20
                }
            }
        },
        "fnMap": {
            "0": {
                "name": "(anonymous_0)",
                "decl": {
                    "start": {
                        "line": 3,
                        "column": 23
                    },
                    "end": {
                        "line": 3,
                        "column": 24
                    }
                },
                "loc": {
                    "start": {
                        "line": 3,
                        "column": 35
                    },
                    "end": {
                        "line": 15,
                        "column": 1
                    }
                },
                "line": 3
            }
        },
        "branchMap": {},
        "s": {
            "0": 10,
            "1": 18,
            "2": 18,
            "3": 15,
            "4": 0,
            "5": 0
        },
        "f": {
            "0": 18
        },
        "b": {},
        "_coverageSchema": "1a1c01bbd47fc00a2c39e90264f33305004495a9",
        "hash": "85ba9f2ea5e9c5b29c8ce7052afd9a9355261f26"
    },
    "D:\\webproject\\some_news_project\\src\\hooks\\useIsAuthenticated.js": {
        "path": "D:\\webproject\\some_news_project\\src\\hooks\\useIsAuthenticated.js",
        "statementMap": {
            "0": {
                "start": {
                    "line": 7,
                    "column": 21
                },
                "end": {
                    "line": 7,
                    "column": 34
                }
            },
            "1": {
                "start": {
                    "line": 9,
                    "column": 4
                },
                "end": {
                    "line": 13,
                    "column": 19
                }
            },
            "2": {
                "start": {
                    "line": 10,
                    "column": 8
                },
                "end": {
                    "line": 12,
                    "column": 9
                }
            },
            "3": {
                "start": {
                    "line": 11,
                    "column": 12
                },
                "end": {
                    "line": 11,
                    "column": 31
                }
            }
        },
        "fnMap": {
            "0": {
                "name": "useIsAuthenticated",
                "decl": {
                    "start": {
                        "line": 6,
                        "column": 24
                    },
                    "end": {
                        "line": 6,
                        "column": 42
                    }
                },
                "loc": {
                    "start": {
                        "line": 6,
                        "column": 45
                    },
                    "end": {
                        "line": 14,
                        "column": 1
                    }
                },
                "line": 6
            },
            "1": {
                "name": "(anonymous_1)",
                "decl": {
                    "start": {
                        "line": 9,
                        "column": 14
                    },
                    "end": {
                        "line": 9,
                        "column": 15
                    }
                },
                "loc": {
                    "start": {
                        "line": 9,
                        "column": 20
                    },
                    "end": {
                        "line": 13,
                        "column": 5
                    }
                },
                "line": 9
            }
        },
        "branchMap": {
            "0": {
                "loc": {
                    "start": {
                        "line": 10,
                        "column": 8
                    },
                    "end": {
                        "line": 12,
                        "column": 9
                    }
                },
                "type": "if",
                "locations": [
                    {
                        "start": {
                            "line": 10,
                            "column": 8
                        },
                        "end": {
                            "line": 12,
                            "column": 9
                        }
                    },
                    {
                        "start": {},
                        "end": {}
                    }
                ],
                "line": 10
            }
        },
        "s": {
            "0": 68,
            "1": 68,
            "2": 28,
            "3": 0
        },
        "f": {
            "0": 68,
            "1": 28
        },
        "b": {
            "0": [0, 28]
        },
        "_coverageSchema": "1a1c01bbd47fc00a2c39e90264f33305004495a9",
        "hash": "13412d59e39d65d23910824666f30a09f3e62c5d"
    },
    "D:\\webproject\\some_news_project\\src\\hooks\\useAuthentication.js": {
        "path": "D:\\webproject\\some_news_project\\src\\hooks\\useAuthentication.js",
        "statementMap": {
            "0": {
                "start": {
                    "line": 7,
                    "column": 33
                },
                "end": {
                    "line": 30,
                    "column": 1
                }
            },
            "1": {
                "start": {
                    "line": 8,
                    "column": 4
                },
                "end": {
                    "line": 8,
                    "column": 25
                }
            },
            "2": {
                "start": {
                    "line": 9,
                    "column": 42
                },
                "end": {
                    "line": 9,
                    "column": 58
                }
            },
            "3": {
                "start": {
                    "line": 11,
                    "column": 26
                },
                "end": {
                    "line": 24,
                    "column": 35
                }
            },
            "4": {
                "start": {
                    "line": 12,
                    "column": 8
                },
                "end": {
                    "line": 23,
                    "column": 9
                }
            },
            "5": {
                "start": {
                    "line": 13,
                    "column": 12
                },
                "end": {
                    "line": 13,
                    "column": 29
                }
            },
            "6": {
                "start": {
                    "line": 14,
                    "column": 12
                },
                "end": {
                    "line": 22,
                    "column": 13
                }
            },
            "7": {
                "start": {
                    "line": 15,
                    "column": 33
                },
                "end": {
                    "line": 15,
                    "column": 48
                }
            },
            "8": {
                "start": {
                    "line": 16,
                    "column": 16
                },
                "end": {
                    "line": 16,
                    "column": 34
                }
            },
            "9": {
                "start": {
                    "line": 17,
                    "column": 16
                },
                "end": {
                    "line": 17,
                    "column": 42
                }
            },
            "10": {
                "start": {
                    "line": 19,
                    "column": 16
                },
                "end": {
                    "line": 19,
                    "column": 74
                }
            },
            "11": {
                "start": {
                    "line": 21,
                    "column": 16
                },
                "end": {
                    "line": 21,
                    "column": 34
                }
            },
            "12": {
                "start": {
                    "line": 26,
                    "column": 4
                },
                "end": {
                    "line": 29,
                    "column": 24
                }
            },
            "13": {
                "start": {
                    "line": 27,
                    "column": 8
                },
                "end": {
                    "line": 27,
                    "column": 24
                }
            },
            "14": {
                "start": {
                    "line": 28,
                    "column": 8
                },
                "end": {
                    "line": 28,
                    "column": 30
                }
            }
        },
        "fnMap": {
            "0": {
                "name": "(anonymous_0)",
                "decl": {
                    "start": {
                        "line": 7,
                        "column": 33
                    },
                    "end": {
                        "line": 7,
                        "column": 34
                    }
                },
                "loc": {
                    "start": {
                        "line": 7,
                        "column": 39
                    },
                    "end": {
                        "line": 30,
                        "column": 1
                    }
                },
                "line": 7
            },
            "1": {
                "name": "(anonymous_1)",
                "decl": {
                    "start": {
                        "line": 11,
                        "column": 38
                    },
                    "end": {
                        "line": 11,
                        "column": 39
                    }
                },
                "loc": {
                    "start": {
                        "line": 11,
                        "column": 50
                    },
                    "end": {
                        "line": 24,
                        "column": 5
                    }
                },
                "line": 11
            },
            "2": {
                "name": "(anonymous_2)",
                "decl": {
                    "start": {
                        "line": 26,
                        "column": 14
                    },
                    "end": {
                        "line": 26,
                        "column": 15
                    }
                },
                "loc": {
                    "start": {
                        "line": 26,
                        "column": 20
                    },
                    "end": {
                        "line": 29,
                        "column": 5
                    }
                },
                "line": 26
            }
        },
        "branchMap": {
            "0": {
                "loc": {
                    "start": {
                        "line": 12,
                        "column": 8
                    },
                    "end": {
                        "line": 23,
                        "column": 9
                    }
                },
                "type": "if",
                "locations": [
                    {
                        "start": {
                            "line": 12,
                            "column": 8
                        },
                        "end": {
                            "line": 23,
                            "column": 9
                        }
                    },
                    {
                        "start": {},
                        "end": {}
                    }
                ],
                "line": 12
            },
            "1": {
                "loc": {
                    "start": {
                        "line": 12,
                        "column": 12
                    },
                    "end": {
                        "line": 12,
                        "column": 47
                    }
                },
                "type": "binary-expr",
                "locations": [
                    {
                        "start": {
                            "line": 12,
                            "column": 12
                        },
                        "end": {
                            "line": 12,
                            "column": 17
                        }
                    },
                    {
                        "start": {
                            "line": 12,
                            "column": 21
                        },
                        "end": {
                            "line": 12,
                            "column": 47
                        }
                    }
                ],
                "line": 12
            }
        },
        "s": {
            "0": 10,
            "1": 58,
            "2": 58,
            "3": 58,
            "4": 32,
            "5": 18,
            "6": 18,
            "7": 18,
            "8": 15,
            "9": 15,
            "10": 0,
            "11": 15,
            "12": 58,
            "13": 32,
            "14": 32
        },
        "f": {
            "0": 58,
            "1": 32,
            "2": 32
        },
        "b": {
            "0": [18, 14],
            "1": [32, 32]
        },
        "_coverageSchema": "1a1c01bbd47fc00a2c39e90264f33305004495a9",
        "hash": "fe63d9925661dddac4094dab787c97a8b34f473a"
    },
    "D:\\webproject\\some_news_project\\src\\hooks\\useFetchNews.js": {
        "path": "D:\\webproject\\some_news_project\\src\\hooks\\useFetchNews.js",
        "statementMap": {
            "0": {
                "start": {
                    "line": 7,
                    "column": 69
                },
                "end": {
                    "line": 7,
                    "column": 88
                }
            },
            "1": {
                "start": {
                    "line": 9,
                    "column": 22
                },
                "end": {
                    "line": 24,
                    "column": 72
                }
            },
            "2": {
                "start": {
                    "line": 10,
                    "column": 8
                },
                "end": {
                    "line": 23,
                    "column": 9
                }
            },
            "3": {
                "start": {
                    "line": 11,
                    "column": 12
                },
                "end": {
                    "line": 11,
                    "column": 29
                }
            },
            "4": {
                "start": {
                    "line": 12,
                    "column": 12
                },
                "end": {
                    "line": 22,
                    "column": 13
                }
            },
            "5": {
                "start": {
                    "line": 13,
                    "column": 33
                },
                "end": {
                    "line": 13,
                    "column": 58
                }
            },
            "6": {
                "start": {
                    "line": 15,
                    "column": 16
                },
                "end": {
                    "line": 15,
                    "column": 39
                }
            },
            "7": {
                "start": {
                    "line": 16,
                    "column": 16
                },
                "end": {
                    "line": 16,
                    "column": 35
                }
            },
            "8": {
                "start": {
                    "line": 17,
                    "column": 16
                },
                "end": {
                    "line": 17,
                    "column": 34
                }
            },
            "9": {
                "start": {
                    "line": 19,
                    "column": 16
                },
                "end": {
                    "line": 19,
                    "column": 61
                }
            },
            "10": {
                "start": {
                    "line": 20,
                    "column": 16
                },
                "end": {
                    "line": 20,
                    "column": 32
                }
            },
            "11": {
                "start": {
                    "line": 21,
                    "column": 16
                },
                "end": {
                    "line": 21,
                    "column": 34
                }
            },
            "12": {
                "start": {
                    "line": 26,
                    "column": 4
                },
                "end": {
                    "line": 28,
                    "column": 30
                }
            },
            "13": {
                "start": {
                    "line": 27,
                    "column": 8
                },
                "end": {
                    "line": 27,
                    "column": 20
                }
            }
        },
        "fnMap": {
            "0": {
                "name": "useFetchNews",
                "decl": {
                    "start": {
                        "line": 6,
                        "column": 24
                    },
                    "end": {
                        "line": 6,
                        "column": 36
                    }
                },
                "loc": {
                    "start": {
                        "line": 6,
                        "column": 51
                    },
                    "end": {
                        "line": 29,
                        "column": 1
                    }
                },
                "line": 6
            },
            "1": {
                "name": "(anonymous_1)",
                "decl": {
                    "start": {
                        "line": 9,
                        "column": 34
                    },
                    "end": {
                        "line": 9,
                        "column": 35
                    }
                },
                "loc": {
                    "start": {
                        "line": 9,
                        "column": 46
                    },
                    "end": {
                        "line": 24,
                        "column": 5
                    }
                },
                "line": 9
            },
            "2": {
                "name": "(anonymous_2)",
                "decl": {
                    "start": {
                        "line": 26,
                        "column": 14
                    },
                    "end": {
                        "line": 26,
                        "column": 15
                    }
                },
                "loc": {
                    "start": {
                        "line": 26,
                        "column": 20
                    },
                    "end": {
                        "line": 28,
                        "column": 5
                    }
                },
                "line": 26
            }
        },
        "branchMap": {
            "0": {
                "loc": {
                    "start": {
                        "line": 10,
                        "column": 8
                    },
                    "end": {
                        "line": 23,
                        "column": 9
                    }
                },
                "type": "if",
                "locations": [
                    {
                        "start": {
                            "line": 10,
                            "column": 8
                        },
                        "end": {
                            "line": 23,
                            "column": 9
                        }
                    },
                    {
                        "start": {},
                        "end": {}
                    }
                ],
                "line": 10
            },
            "1": {
                "loc": {
                    "start": {
                        "line": 10,
                        "column": 12
                    },
                    "end": {
                        "line": 10,
                        "column": 58
                    }
                },
                "type": "binary-expr",
                "locations": [
                    {
                        "start": {
                            "line": 10,
                            "column": 12
                        },
                        "end": {
                            "line": 10,
                            "column": 29
                        }
                    },
                    {
                        "start": {
                            "line": 10,
                            "column": 33
                        },
                        "end": {
                            "line": 10,
                            "column": 58
                        }
                    }
                ],
                "line": 10
            }
        },
        "s": {
            "0": 58,
            "1": 58,
            "2": 26,
            "3": 18,
            "4": 18,
            "5": 18,
            "6": 12,
            "7": 12,
            "8": 12,
            "9": 0,
            "10": 0,
            "11": 0,
            "12": 58,
            "13": 26
        },
        "f": {
            "0": 58,
            "1": 26,
            "2": 26
        },
        "b": {
            "0": [18, 8],
            "1": [26, 8]
        },
        "_coverageSchema": "1a1c01bbd47fc00a2c39e90264f33305004495a9",
        "hash": "dd0499458749ac3aa6a180581adc333b56afda07"
    },
    "D:\\webproject\\some_news_project\\src\\components\\newsPages\\NewsPages.jsx": {
        "path": "D:\\webproject\\some_news_project\\src\\components\\newsPages\\NewsPages.jsx",
        "statementMap": {
            "0": {
                "start": {
                    "line": 14,
                    "column": 0
                },
                "end": {
                    "line": 16,
                    "column": 2
                }
            },
            "1": {
                "start": {
                    "line": 19,
                    "column": 4
                },
                "end": {
                    "line": 19,
                    "column": 24
                }
            },
            "2": {
                "start": {
                    "line": 21,
                    "column": 4
                },
                "end": {
                    "line": 21,
                    "column": 31
                }
            },
            "3": {
                "start": {
                    "line": 23,
                    "column": 37
                },
                "end": {
                    "line": 23,
                    "column": 56
                }
            },
            "4": {
                "start": {
                    "line": 25,
                    "column": 4
                },
                "end": {
                    "line": 25,
                    "column": 96
                }
            },
            "5": {
                "start": {
                    "line": 25,
                    "column": 17
                },
                "end": {
                    "line": 25,
                    "column": 96
                }
            },
            "6": {
                "start": {
                    "line": 26,
                    "column": 4
                },
                "end": {
                    "line": 26,
                    "column": 65
                }
            },
            "7": {
                "start": {
                    "line": 26,
                    "column": 15
                },
                "end": {
                    "line": 26,
                    "column": 65
                }
            },
            "8": {
                "start": {
                    "line": 28,
                    "column": 4
                },
                "end": {
                    "line": 81,
                    "column": 6
                }
            },
            "9": {
                "start": {
                    "line": 34,
                    "column": 42
                },
                "end": {
                    "line": 34,
                    "column": 80
                }
            },
            "10": {
                "start": {
                    "line": 36,
                    "column": 24
                },
                "end": {
                    "line": 75,
                    "column": 26
                }
            }
        },
        "fnMap": {
            "0": {
                "name": "NewsPages",
                "decl": {
                    "start": {
                        "line": 18,
                        "column": 9
                    },
                    "end": {
                        "line": 18,
                        "column": 18
                    }
                },
                "loc": {
                    "start": {
                        "line": 18,
                        "column": 33
                    },
                    "end": {
                        "line": 82,
                        "column": 1
                    }
                },
                "line": 18
            },
            "1": {
                "name": "(anonymous_1)",
                "decl": {
                    "start": {
                        "line": 33,
                        "column": 30
                    },
                    "end": {
                        "line": 33,
                        "column": 31
                    }
                },
                "loc": {
                    "start": {
                        "line": 33,
                        "column": 50
                    },
                    "end": {
                        "line": 76,
                        "column": 21
                    }
                },
                "line": 33
            }
        },
        "branchMap": {
            "0": {
                "loc": {
                    "start": {
                        "line": 25,
                        "column": 4
                    },
                    "end": {
                        "line": 25,
                        "column": 96
                    }
                },
                "type": "if",
                "locations": [
                    {
                        "start": {
                            "line": 25,
                            "column": 4
                        },
                        "end": {
                            "line": 25,
                            "column": 96
                        }
                    },
                    {
                        "start": {},
                        "end": {}
                    }
                ],
                "line": 25
            },
            "1": {
                "loc": {
                    "start": {
                        "line": 26,
                        "column": 4
                    },
                    "end": {
                        "line": 26,
                        "column": 65
                    }
                },
                "type": "if",
                "locations": [
                    {
                        "start": {
                            "line": 26,
                            "column": 4
                        },
                        "end": {
                            "line": 26,
                            "column": 65
                        }
                    },
                    {
                        "start": {},
                        "end": {}
                    }
                ],
                "line": 26
            },
            "2": {
                "loc": {
                    "start": {
                        "line": 34,
                        "column": 42
                    },
                    "end": {
                        "line": 34,
                        "column": 80
                    }
                },
                "type": "cond-expr",
                "locations": [
                    {
                        "start": {
                            "line": 34,
                            "column": 56
                        },
                        "end": {
                            "line": 34,
                            "column": 67
                        }
                    },
                    {
                        "start": {
                            "line": 34,
                            "column": 70
                        },
                        "end": {
                            "line": 34,
                            "column": 80
                        }
                    }
                ],
                "line": 34
            },
            "3": {
                "loc": {
                    "start": {
                        "line": 36,
                        "column": 31
                    },
                    "end": {
                        "line": 75,
                        "column": 25
                    }
                },
                "type": "cond-expr",
                "locations": [
                    {
                        "start": {
                            "line": 37,
                            "column": 28
                        },
                        "end": {
                            "line": 58,
                            "column": 33
                        }
                    },
                    {
                        "start": {
                            "line": 60,
                            "column": 28
                        },
                        "end": {
                            "line": 74,
                            "column": 33
                        }
                    }
                ],
                "line": 36
            },
            "4": {
                "loc": {
                    "start": {
                        "line": 40,
                        "column": 68
                    },
                    "end": {
                        "line": 40,
                        "column": 119
                    }
                },
                "type": "cond-expr",
                "locations": [
                    {
                        "start": {
                            "line": 40,
                            "column": 95
                        },
                        "end": {
                            "line": 40,
                            "column": 114
                        }
                    },
                    {
                        "start": {
                            "line": 40,
                            "column": 117
                        },
                        "end": {
                            "line": 40,
                            "column": 119
                        }
                    }
                ],
                "line": 40
            },
            "5": {
                "loc": {
                    "start": {
                        "line": 41,
                        "column": 45
                    },
                    "end": {
                        "line": 41,
                        "column": 70
                    }
                },
                "type": "binary-expr",
                "locations": [
                    {
                        "start": {
                            "line": 41,
                            "column": 45
                        },
                        "end": {
                            "line": 41,
                            "column": 56
                        }
                    },
                    {
                        "start": {
                            "line": 41,
                            "column": 60
                        },
                        "end": {
                            "line": 41,
                            "column": 70
                        }
                    }
                ],
                "line": 41
            },
            "6": {
                "loc": {
                    "start": {
                        "line": 70,
                        "column": 64
                    },
                    "end": {
                        "line": 70,
                        "column": 115
                    }
                },
                "type": "cond-expr",
                "locations": [
                    {
[...]
                    "start": {
                        "line": 38,
                        "column": 12
                    },
                    "end": {
                        "line": 38,
                        "column": 88
                    }
                },
                "type": "binary-expr",
                "locations": [
                    {
                        "start": {
                            "line": 38,
                            "column": 12
                        },
                        "end": {
                            "line": 38,
                            "column": 19
                        }
                    },
                    {
                        "start": {
                            "line": 38,
                            "column": 24
                        },
                        "end": {
                            "line": 38,
                            "column": 48
                        }
                    },
                    {
                        "start": {
                            "line": 38,
                            "column": 52
                        },
                        "end": {
                            "line": 38,
                            "column": 67
                        }
                    },
                    {
                        "start": {
                            "line": 38,
                            "column": 72
                        },
                        "end": {
                            "line": 38,
                            "column": 88
                        }
                    }
                ],
                "line": 38
            }
        },
        "s": {
            "0": 0,
            "1": 0,
            "2": 0,
            "3": 0,
            "4": 0,
            "5": 0,
            "6": 0,
            "7": 0,
            "8": 0,
            "9": 0,
            "10": 0,
            "11": 0,
            "12": 0,
            "13": 0,
            "14": 0,
            "15": 0,
            "16": 0,
            "17": 0,
            "18": 0,
            "19": 0,
            "20": 0
        },
        "f": {
            "0": 0,
            "1": 0,
            "2": 0
        },
        "b": {
            "0": [0, 0],
            "1": [0, 0],
            "2": [0, 0, 0, 0]
        },
        "_coverageSchema": "1a1c01bbd47fc00a2c39e90264f33305004495a9",
        "hash": "8268d6913e507c263da1c7f2cdc919278780cb48"
    },
    "D:\\webproject\\some_news_project\\src\\pages\\userReposts\\UserReposts.jsx": {
        "path": "D:\\webproject\\some_news_project\\src\\pages\\userReposts\\UserReposts.jsx",
        "statementMap": {
            "0": {
                "start": {
                    "line": 15,
                    "column": 4
                },
                "end": {
                    "line": 15,
                    "column": 24
                }
            },
            "1": {
                "start": {
                    "line": 16,
                    "column": 30
                },
                "end": {
                    "line": 16,
                    "column": 46
                }
            },
            "2": {
                "start": {
                    "line": 18,
                    "column": 4
                },
                "end": {
                    "line": 18,
                    "column": 26
                }
            },
            "3": {
                "start": {
                    "line": 19,
                    "column": 28
                },
                "end": {
                    "line": 19,
                    "column": 51
                }
            },
            "4": {
                "start": {
                    "line": 21,
                    "column": 4
                },
                "end": {
                    "line": 21,
                    "column": 96
                }
            },
            "5": {
                "start": {
                    "line": 21,
                    "column": 17
                },
                "end": {
                    "line": 21,
                    "column": 96
                }
            },
            "6": {
                "start": {
                    "line": 23,
                    "column": 4
                },
                "end": {
                    "line": 25,
                    "column": 5
                }
            },
            "7": {
                "start": {
                    "line": 24,
                    "column": 8
                },
                "end": {
                    "line": 24,
                    "column": 51
                }
            },
            "8": {
                "start": {
                    "line": 26,
                    "column": 4
                },
                "end": {
                    "line": 71,
                    "column": 6
                }
            },
            "9": {
                "start": {
                    "line": 40,
                    "column": 50
                },
                "end": {
                    "line": 40,
                    "column": 104
                }
            },
            "10": {
                "start": {
                    "line": 41,
                    "column": 32
                },
                "end": {
                    "line": 61,
                    "column": 34
                }
            }
        },
        "fnMap": {
            "0": {
                "name": "UserArticles",
                "decl": {
                    "start": {
                        "line": 14,
                        "column": 9
                    },
                    "end": {
                        "line": 14,
                        "column": 21
                    }
                },
                "loc": {
                    "start": {
                        "line": 14,
                        "column": 24
                    },
                    "end": {
                        "line": 72,
                        "column": 1
                    }
                },
                "line": 14
            },
            "1": {
                "name": "(anonymous_1)",
                "decl": {
                    "start": {
                        "line": 39,
                        "column": 44
                    },
                    "end": {
                        "line": 39,
                        "column": 45
                    }
                },
                "loc": {
                    "start": {
                        "line": 39,
                        "column": 57
                    },
                    "end": {
                        "line": 62,
                        "column": 29
                    }
                },
                "line": 39
            }
        },
        "branchMap": {
            "0": {
                "loc": {
                    "start": {
                        "line": 21,
                        "column": 4
                    },
                    "end": {
                        "line": 21,
                        "column": 96
                    }
                },
                "type": "if",
                "locations": [
                    {
                        "start": {
                            "line": 21,
                            "column": 4
                        },
                        "end": {
                            "line": 21,
                            "column": 96
                        }
                    },
                    {
                        "start": {},
                        "end": {}
                    }
                ],
                "line": 21
            },
            "1": {
                "loc": {
                    "start": {
                        "line": 23,
                        "column": 4
                    },
                    "end": {
                        "line": 25,
                        "column": 5
                    }
                },
                "type": "if",
                "locations": [
                    {
                        "start": {
                            "line": 23,
                            "column": 4
                        },
                        "end": {
                            "line": 25,
                            "column": 5
                        }
                    },
                    {
                        "start": {},
                        "end": {}
                    }
                ],
                "line": 23
            },
            "2": {
                "loc": {
                    "start": {
                        "line": 33,
                        "column": 55
                    },
                    "end": {
                        "line": 33,
                        "column": 88
                    }
                },
                "type": "cond-expr",
                "locations": [
                    {
                        "start": {
                            "line": 33,
                            "column": 80
                        },
                        "end": {
                            "line": 33,
                            "column": 83
                        }
                    },
                    {
                        "start": {
                            "line": 33,
                            "column": 86
                        },
                        "end": {
                            "line": 33,
                            "column": 88
                        }
                    }
                ],
                "line": 33
            },
            "3": {
                "loc": {
                    "start": {
                        "line": 38,
                        "column": 25
                    },
                    "end": {
                        "line": 65,
                        "column": 25
                    }
                },
                "type": "cond-expr",
                "locations": [
                    {
                        "start": {
                            "line": 39,
                            "column": 28
                        },
                        "end": {
                            "line": 62,
                            "column": 30
                        }
                    },
                    {
                        "start": {
                            "line": 64,
                            "column": 28
                        },
                        "end": {
                            "line": 64,
                            "column": 53
                        }
                    }
                ],
                "line": 38
            },
            "4": {
                "loc": {
                    "start": {
                        "line": 38,
                        "column": 25
                    },
                    "end": {
                        "line": 38,
                        "column": 62
                    }
                },
                "type": "binary-expr",
                "locations": [
                    {
                        "start": {
                            "line": 38,
                            "column": 25
                        },
                        "end": {
                            "line": 38,
                            "column": 36
                        }
                    },
                    {
                        "start": {
                            "line": 38,
                            "column": 40
                        },
                        "end": {
                            "line": 38,
                            "column": 62
                        }
                    }
                ],
                "line": 38
            },
            "5": {
                "loc": {
                    "start": {
                        "line": 40,
                        "column": 50
                    },
                    "end": {
                        "line": 40,
                        "column": 104
                    }
                },
                "type": "cond-expr",
                "locations": [
                    {
                        "start": {
                            "line": 40,
                            "column": 72
                        },
                        "end": {
                            "line": 40,
                            "column": 91
                        }
                    },
                    {
                        "start": {
                            "line": 40,
                            "column": 94
                        },
                        "end": {
                            "line": 40,
                            "column": 104
                        }
                    }
                ],
                "line": 40
            },
            "6": {
                "loc": {
                    "start": {
                        "line": 50,
                        "column": 91
                    },
                    "end": {
                        "line": 50,
                        "column": 145
                    }
                },
                "type": "cond-expr",
                "locations": [
                    {
                        "start": {
                            "line": 50,
                            "column": 118
                        },
                        "end": {
                            "line": 50,
                            "column": 140
                        }
                    },
                    {
                        "start": {
                            "line": 50,
                            "column": 143
                        },
                        "end": {
                            "line": 50,
                            "column": 145
                        }
                    }
                ],
                "line": 50
            },
            "7": {
                "loc": {
                    "start": {
                        "line": 52,
                        "column": 57
                    },
                    "end": {
                        "line": 52,
                        "column": 89
                    }
                },
                "type": "binary-expr",
                "locations": [
                    {
                        "start": {
                            "line": 52,
                            "column": 57
                        },
                        "end": {
                            "line": 52,
                            "column": 70
                        }
                    },
                    {
                        "start": {
                            "line": 52,
                            "column": 74
                        },
                        "end": {
                            "line": 52,
                            "column": 89
                        }
                    }
                ],
                "line": 52
            }
        },
        "s": {
            "0": 0,
            "1": 0,
            "2": 0,
            "3": 0,
            "4": 0,
            "5": 0,
            "6": 0,
            "7": 0,
            "8": 0,
            "9": 0,
            "10": 0
        },
        "f": {
            "0": 0,
            "1": 0
        },
        "b": {
            "0": [0, 0],
            "1": [0, 0],
            "2": [0, 0],
            "3": [0, 0],
            "4": [0, 0],
            "5": [0, 0],
            "6": [0, 0],
            "7": [0, 0]
        },
        "_coverageSchema": "1a1c01bbd47fc00a2c39e90264f33305004495a9",
        "hash": "e9885610a360ca1a7b74e0bebd2cf96b72ac7256"
    },
    "D:\\webproject\\some_news_project\\src\\Providers.js": {
        "path": "D:\\webproject\\some_news_project\\src\\Providers.js",
        "statementMap": {
            "0": {
                "start": {
                    "line": 11,
                    "column": 4
                },
                "end": {
                    "line": 21,
                    "column": 6
                }
            },
            "1": {
                "start": {
                    "line": 24,
                    "column": 0
                },
                "end": {
                    "line": 26,
                    "column": 2
                }
            }
        },
        "fnMap": {
            "0": {
                "name": "Providers",
                "decl": {
                    "start": {
                        "line": 10,
                        "column": 16
                    },
                    "end": {
                        "line": 10,
                        "column": 25
                    }
                },
                "loc": {
                    "start": {
                        "line": 10,
                        "column": 40
                    },
                    "end": {
                        "line": 22,
                        "column": 1
                    }
                },
                "line": 10
            }
        },
        "branchMap": {},
        "s": {
            "0": 20,
            "1": 10
        },
        "f": {
            "0": 20
        },
        "b": {},
        "_coverageSchema": "1a1c01bbd47fc00a2c39e90264f33305004495a9",
        "hash": "a2c0797bb6eff93637de68d685fdd243de9fa2ee"
    },
    "D:\\webproject\\some_news_project\\src\\App.js": {
        "path": "D:\\webproject\\some_news_project\\src\\App.js",
        "statementMap": {
            "0": {
                "start": {
                    "line": 19,
                    "column": 15
                },
                "end": {
                    "line": 90,
                    "column": 2
                }
            },
            "1": {
                "start": {
                    "line": 93,
                    "column": 4
                },
                "end": {
                    "line": 97,
                    "column": 6
                }
            }
        },
        "fnMap": {
            "0": {
                "name": "App",
                "decl": {
                    "start": {
                        "line": 92,
                        "column": 9
                    },
                    "end": {
                        "line": 92,
                        "column": 12
                    }
                },
                "loc": {
                    "start": {
                        "line": 92,
                        "column": 15
                    },
                    "end": {
                        "line": 98,
                        "column": 1
                    }
                },
                "line": 92
            }
        },
        "branchMap": {},
        "s": {
            "0": 10,
            "1": 20
        },
        "f": {
            "0": 20
        },
        "b": {},
        "_coverageSchema": "1a1c01bbd47fc00a2c39e90264f33305004495a9",
        "hash": "f82bb7f627e58c72c66600523a1a1cd5670f2529"
    },
    "D:\\webproject\\some_news_project\\src\\index.js": {
        "path": "D:\\webproject\\some_news_project\\src\\index.js",
        "statementMap": {
            "0": {
                "start": {
                    "line": 8,
                    "column": 0
                },
                "end": {
                    "line": 12,
                    "column": 2
                }
            }
        },
        "fnMap": {},
        "branchMap": {},
        "s": {
            "0": 10
        },
        "f": {},
        "b": {},
        "_coverageSchema": "1a1c01bbd47fc00a2c39e90264f33305004495a9",
        "hash": "9b7d90353a4ac89dd6246576c9d8a9efb92a0b9d"
    }
}
