{
    "D:\\webproject\\some_news_project\\src\\hooks\\useAuthentication.js": {
        "path": "D:\\webproject\\some_news_project\\src\\hooks\\useAuthentication.js",
        "statementMap": {
            "0": {
                "start": {
                    "line": 7,
                    "column": 33
                },
                "end": {
                    "line": 30,
                    "column": 1
                }
            },
            "1": {
                "start": {
                    "line": 8,
                    "column": 4
                },
                "end": {
                    "line": 8,
                    "column": 25
                }
            },
            "2": {
                "start": {
                    "line": 9,
                    "column": 42
                },
                "end": {
                    "line": 9,
                    "column": 58
                }
            },
            "3": {
                "start": {
                    "line": 11,
                    "column": 26
                },
                "end": {
                    "line": 24,
                    "column": 35
                }
            },
            "4": {
                "start": {
                    "line": 12,
                    "column": 8
                },
                "end": {
                    "line": 23,
                    "column": 9
                }
            },
            "5": {
                "start": {
                    "line": 13,
                    "column": 12
                },
                "end": {
                    "line": 13,
                    "column": 29
                }
            },
            "6": {
                "start": {
                    "line": 14,
                    "column": 12
                },
                "end": {
                    "line": 22,
                    "column": 13
                }
            },
            "7": {
                "start": {
                    "line": 15,
                    "column": 33
                },
                "end": {
                    "line": 15,
                    "column": 48
                }
            },
            "8": {
                "start": {
                    "line": 16,
                    "column": 16
                },
                "end": {
                    "line": 16,
                    "column": 34
                }
            },
            "9": {
                "start": {
                    "line": 17,
                    "column": 16
                },
                "end": {
                    "line": 17,
                    "column": 42
                }
            },
            "10": {
                "start": {
                    "line": 19,
                    "column": 16
                },
                "end": {
                    "line": 19,
                    "column": 74
                }
            },
            "11": {
                "start": {
                    "line": 21,
                    "column": 16
                },
                "end": {
                    "line": 21,
                    "column": 34
                }
            },
            "12": {
                "start": {
                    "line": 26,
                    "column": 4
                },
                "end": {
                    "line": 29,
                    "column": 24
                }
            },
            "13": {
                "start": {
                    "line": 27,
                    "column": 8
                },
                "end": {
                    "line": 27,
                    "column": 24
                }
            },
            "14": {
                "start": {
                    "line": 28,
                    "column": 8
                },
                "end": {
                    "line": 28,
                    "column": 30
                }
            }
        },
        "fnMap": {
            "0": {
                "name": "(anonymous_0)",
                "decl": {
                    "start": {
                        "line": 7,
                        "column": 33
                    },
                    "end": {
                        "line": 7,
                        "column": 34
                    }
                },
                "loc": {
                    "start": {
                        "line": 7,
                        "column": 39
                    },
                    "end": {
                        "line": 30,
                        "column": 1
                    }
                },
                "line": 7
            },
            "1": {
                "name": "(anonymous_1)",
                "decl": {
                    "start": {
                        "line": 11,
                        "column": 38
                    },
                    "end": {
                        "line": 11,
                        "column": 39
                    }
                },
                "loc": {
                    "start": {
                        "line": 11,
                        "column": 50
                    },
                    "end": {
                        "line": 24,
                        "column": 5
                    }
                },
                "line": 11
            },
            "2": {
                "name": "(anonymous_2)",
                "decl": {
                    "start": {
                        "line": 26,
                        "column": 14
                    },
                    "end": {
                        "line": 26,
                        "column": 15
                    }
                },
                "loc": {
                    "start": {
                        "line": 26,
                        "column": 20
                    },
                    "end": {
                        "line": 29,
                        "column": 5
                    }
                },
                "line": 26
            }
        },
        "branchMap": {
            "0": {
                "loc": {
                    "start": {
                        "line": 12,
                        "column": 8
                    },
                    "end": {
                        "line": 23,
                        "column": 9
                    }
                },
                "type": "if",
                "locations": [
                    {
                        "start": {
                            "line": 12,
                            "column": 8
                        },
                        "end": {
                            "line": 23,
                            "column": 9
                        }
                    },
                    {
                        "start": {},
                        "end": {}
                    }
                ],
                "line": 12
            },
            "1": {
                "loc": {
                    "start": {
                        "line": 12,
                        "column": 12
                    },
                    "end": {
                        "line": 12,
                        "column": 47
                    }
                },
                "type": "binary-expr",
                "locations": [
                    {
                        "start": {
                            "line": 12,
                            "column": 12
                        },
                        "end": {
                            "line": 12,
                            "column": 17
                        }
                    },
                    {
                        "start": {
                            "line": 12,
                            "column": 21
                        },
                        "end": {
                            "line": 12,
                            "column": 47
                        }
                    }
                ],
                "line": 12
            }
        },
        "s": {
            "0": 16,
            "1": 16,
            "2": 16,
            "3": 16,
            "4": 8,
            "5": 8,
            "6": 8,
            "7": 8,
            "8": 0,
            "9": 0,
            "10": 4,
            "11": 4,
            "12": 16,
            "13": 8,
            "14": 8
        },
        "f": {
            "0": 16,
            "1": 8,
            "2": 8
        },
        "b": {
            "0": [8, 0],
            "1": [8, 8]
        },
        "_coverageSchema": "1a1c01bbd47fc00a2c39e90264f33305004495a9",
        "hash": "fe63d9925661dddac4094dab787c97a8b34f473a"
    },
    "D:\\webproject\\some_news_project\\src\\hooks\\useFetchNews.js": {
        "path": "D:\\webproject\\some_news_project\\src\\hooks\\useFetchNews.js",
        "statementMap": {
            "0": {
                "start": {
                    "line": 7,
                    "column": 69
                },
                "end": {
                    "line": 7,
                    "column": 88
                }
            },
            "1": {
                "start": {
                    "line": 9,
                    "column": 22
                },
                "end": {
                    "line": 24,
                    "column": 72
                }
            },
            "2": {
                "start": {
                    "line": 10,
                    "column": 8
                },
                "end": {
                    "line": 23,
                    "column": 9
                }
            },
            "3": {
                "start": {
                    "line": 11,
                    "column": 12
                },
                "end": {
                    "line": 11,
                    "column": 29
                }
            },
            "4": {
                "start": {
                    "line": 12,
                    "column": 12
                },
                "end": {
                    "line": 22,
                    "column": 13
                }
            },
            "5": {
                "start": {
                    "line": 13,
                    "column": 33
                },
                "end": {
                    "line": 13,
                    "column": 58
                }
            },
            "6": {
                "start": {
                    "line": 15,
                    "column": 16
                },
                "end": {
                    "line": 15,
                    "column": 39
                }
            },
            "7": {
                "start": {
                    "line": 16,
                    "column": 16
                },
                "end": {
                    "line": 16,
                    "column": 35
                }
            },
            "8": {
                "start": {
                    "line": 17,
                    "column": 16
                },
                "end": {
                    "line": 17,
                    "column": 34
                }
            },
            "9": {
                "start": {
                    "line": 19,
                    "column": 16
                },
                "end": {
                    "line": 19,
                    "column": 61
                }
            },
            "10": {
                "start": {
                    "line": 20,
                    "column": 16
                },
                "end": {
                    "line": 20,
                    "column": 32
                }
            },
            "11": {
                "start": {
                    "line": 21,
                    "column": 16
                },
                "end": {
                    "line": 21,
                    "column": 34
                }
            },
            "12": {
                "start": {
                    "line": 26,
                    "column": 4
                },
                "end": {
                    "line": 28,
                    "column": 30
                }
            },
            "13": {
                "start": {
                    "line": 27,
                    "column": 8
                },
                "end": {
                    "line": 27,
                    "column": 20
                }
            }
        },
        "fnMap": {
            "0": {
                "name": "useFetchNews",
                "decl": {
                    "start": {
                        "line": 6,
                        "column": 24
                    },
                    "end": {
                        "line": 6,
                        "column": 36
                    }
                },
                "loc": {
                    "start": {
                        "line": 6,
                        "column": 51
                    },
                    "end": {
                        "line": 29,
                        "column": 1
                    }
                },
                "line": 6
            },
            "1": {
                "name": "(anonymous_1)",
                "decl": {
                    "start": {
                        "line": 9,
                        "column": 34
                    },
                    "end": {
                        "line": 9,
                        "column": 35
                    }
                },
                "loc": {
                    "start": {
                        "line": 9,
                        "column": 46
                    },
                    "end": {
                        "line": 24,
                        "column": 5
                    }
                },
                "line": 9
            },
            "2": {
                "name": "(anonymous_2)",
                "decl": {
                    "start": {
                        "line": 26,
                        "column": 14
                    },
                    "end": {
                        "line": 26,
                        "column": 15
                    }
                },
                "loc": {
                    "start": {
                        "line": 26,
                        "column": 20
                    },
                    "end": {
                        "line": 28,
                        "column": 5
                    }
                },
                "line": 26
            }
        },
        "branchMap": {
            "0": {
                "loc": {
                    "start": {
                        "line": 10,
                        "column": 8
                    },
                    "end": {
                        "line": 23,
                        "column": 9
                    }
                },
                "type": "if",
                "locations": [
                    {
                        "start": {
                            "line": 10,
                            "column": 8
                        },
                        "end": {
                            "line": 23,
                            "column": 9
                        }
                    },
                    {
                        "start": {},
                        "end": {}
                    }
                ],
                "line": 10
            },
            "1": {
                "loc": {
                    "start": {
                        "line": 10,
                        "column": 12
                    },
                    "end": {
                        "line": 10,
                        "column": 58
                    }
                },
                "type": "binary-expr",
                "locations": [
                    {
                        "start": {
                            "line": 10,
                            "column": 12
                        },
                        "end": {
                            "line": 10,
                            "column": 29
                        }
                    },
                    {
                        "start": {
                            "line": 10,
                            "column": 33
                        },
                        "end": {
                            "line": 10,
                            "column": 58
                        }
                    }
                ],
                "line": 10
            }
        },
        "s": {
            "0": 16,
            "1": 16,
            "2": 10,
            "3": 8,
            "4": 8,
            "5": 8,
            "6": 3,
            "7": 3,
            "8": 3,
            "9": 0,
            "10": 0,
            "11": 0,
            "12": 16,
            "13": 10
        },
        "f": {
            "0": 16,
            "1": 10,
            "2": 10
        },
        "b": {
            "0": [8, 2],
            "1": [10, 2]
        },
        "_coverageSchema": "1a1c01bbd47fc00a2c39e90264f33305004495a9",
        "hash": "dd0499458749ac3aa6a180581adc333b56afda07"
    },
    "D:\\webproject\\some_news_project\\src\\components\\newsPages\\NewsPages.jsx": {
        "path": "D:\\webproject\\some_news_project\\src\\components\\newsPages\\NewsPages.jsx",
        "statementMap": {
            "0": {
                "start": {
                    "line": 14,
                    "column": 0
                },
                "end": {
                    "line": 16,
                    "column": 2
                }
            },
            "1": {
                "start": {
                    "line": 19,
                    "column": 4
                },
                "end": {
                    "line": 19,
                    "column": 24
                }
            },
            "2": {
                "start": {
                    "line": 21,
                    "column": 4
                },
                "end": {
                    "line": 21,
                    "column": 31
                }
            },
            "3": {
                "start": {
                    "line": 23,
                    "column": 37
                },
                "end": {
                    "line": 23,
                    "column": 56
                }
            },
            "4": {
                "start": {
                    "line": 25,
                    "column": 4
                },
                "end": {
                    "line": 25,
                    "column": 96
                }
            },
            "5": {
                "start": {
                    "line": 25,
                    "column": 17
                },
                "end": {
                    "line": 25,
                    "column": 96
                }
            },
            "6": {
                "start": {
                    "line": 26,
                    "column": 4
                },
                "end": {
                    "line": 26,
                    "column": 65
                }
            },
            "7": {
                "start": {
                    "line": 26,
                    "column": 15
                },
                "end": {
                    "line": 26,
                    "column": 65
                }
            },
            "8": {
                "start": {
                    "line": 28,
                    "column": 4
                },
                "end": {
                    "line": 81,
                    "column": 6
                }
            },
            "9": {
                "start": {
                    "line": 34,
                    "column": 42
                },
                "end": {
                    "line": 34,
                    "column": 80
                }
            },
            "10": {
                "start": {
                    "line": 36,
                    "column": 24
                },
                "end": {
                    "line": 75,
                    "column": 26
                }
            }
        },
        "fnMap": {
            "0": {
                "name": "NewsPages",
                "decl": {
                    "start": {
                        "line": 18,
                        "column": 9
                    },
                    "end": {
                        "line": 18,
                        "column": 18
                    }
                },
                "loc": {
                    "start": {
                        "line": 18,
                        "column": 33
                    },
                    "end": {
                        "line": 82,
                        "column": 1
                    }
                },
                "line": 18
            },
            "1": {
                "name": "(anonymous_1)",
                "decl": {
                    "start": {
                        "line": 33,
                        "column": 30
                    },
                    "end": {
                        "line": 33,
                        "column": 31
                    }
                },
                "loc": {
                    "start": {
                        "line": 33,
                        "column": 50
                    },
                    "end": {
                        "line": 76,
                        "column": 21
                    }
                },
                "line": 33
            }
        },
        "branchMap": {
            "0": {
                "loc": {
                    "start": {
                        "line": 25,
                        "column": 4
                    },
                    "end": {
                        "line": 25,
                        "column": 96
                    }
                },
                "type": "if",
                "locations": [
                    {
                        "start": {
                            "line": 25,
                            "column": 4
                        },
                        "end": {
                            "line": 25,
                            "column": 96
                        }
                    },
                    {
                        "start": {},
                        "end": {}
                    }
                ],
                "line": 25
            },
            "1": {
                "loc": {
                    "start": {
                        "line": 26,
                        "column": 4
                    },
                    "end": {
                        "line": 26,
                        "column": 65
                    }
                },
                "type": "if",
                "locations": [
                    {
                        "start": {
                            "line": 26,
                            "column": 4
                        },
                        "end": {
                            "line": 26,
                            "column": 65
                        }
                    },
                    {
                        "start": {},
                        "end": {}
                    }
                ],
                "line": 26
            },
            "2": {
                "loc": {
                    "start": {
                        "line": 34,
                        "column": 42
                    },
                    "end": {
                        "line": 34,
                        "column": 80
                    }
                },
                "type": "cond-expr",
                "locations": [
                    {
                        "start": {
                            "line": 34,
                            "column": 56
                        },
                        "end": {
                            "line": 34,
                            "column": 67
                        }
                    },
                    {
                        "start": {
                            "line": 34,
                            "column": 70
                        },
                        "end": {
                            "line": 34,
                            "column": 80
                        }
                    }
                ],
                "line": 34
            },
            "3": {
                "loc": {
                    "start": {
                        "line": 36,
                        "column": 31
                    },
                    "end": {
                        "line": 75,
                        "column": 25
                    }
                },
                "type": "cond-expr",
                "locations": [
                    {
                        "start": {
                            "line": 37,
                            "column": 28
                        },
                        "end": {
                            "line": 58,
                            "column": 33
                        }
                    },
                    {
                        "start": {
                            "line": 60,
                            "column": 28
                        },
                        "end": {
                            "line": 74,
                            "column": 33
                        }
                    }
                ],
                "line": 36
            },
            "4": {
                "loc": {
                    "start": {
                        "line": 40,
                        "column": 68
                    },
                    "end": {
                        "line": 40,
                        "column": 119
                    }
                },
                "type": "cond-expr",
                "locations": [
                    {
                        "start": {
                            "line": 40,
                            "column": 95
                        },
                        "end": {
                            "line": 40,
                            "column": 114
                        }
                    },
                    {
                        "start": {
                            "line": 40,
                            "column": 117
                        },
                        "end": {
                            "line": 40,
                            "column": 119
                        }
                    }
                ],
                "line": 40
            },
            "5": {
                "loc": {
                    "start": {
                        "line": 41,
                        "column": 45
                    },
                    "end": {
                        "line": 41,
                        "column": 70
                    }
                },
                "type": "binary-expr",
                "locations": [
                    {
                        "start": {
                            "line": 41,
                            "column": 45
                        },
                        "end": {
                            "line": 41,
                            "column": 56
                        }
                    },
                    {
                        "start": {
                            "line": 41,
                            "column": 60
                        },
                        "end": {
                            "line": 41,
                            "column": 70
                        }
                    }
                ],
                "line": 41
            },
            "6": {
                "loc": {
                    "start": {
                        "line": 70,
                        "column": 64
                    },
                    "end": {
                        "line": 70,
                        "column": 115
                    }
                },
                "type": "cond-expr",
                "locations": [
                    {
                        "start": {
                            "line": 70,
                            "column": 91
                        },
                        "end": {
                            "line": 70,
                            "column": 110
                        }
                    },
                    {
                        "start": {
                            "line": 70,
                            "column": 113
                        },
                        "end": {
                            "line": 70,
                            "column": 115
                        }
                    }
                ],
                "line": 70
            },
            "7": {
                "loc": {
                    "start": {
                        "line": 71,
                        "column": 41
                    },
                    "end": {
                        "line": 71,
                        "column": 66
                    }
                },
                "type": "binary-expr",
                "locations": [
                    {
                        "start": {
                            "line": 71,
                            "column": 41
                        },
                        "end": {
                            "line": 71,
                            "column": 52
                        }
                    },
                    {
                        "start": {
                            "line": 71,
                            "column": 56
                        },
                        "end": {
                            "line": 71,
                            "column": 66
                        }
                    }
                ],
                "line": 71
            }
        },
        "s": {
            "0": 16,
            "1": 16,
            "2": 16,
            "3": 16,
            "4": 16,
            "5": 14,
            "6": 2,
            "7": 0,
            "8": 2,
            "9": 40,
            "10": 40
        },
        "f": {
            "0": 16,
            "1": 40
        },
        "b": {
            "0": [14, 2],
            "1": [0, 2],
            "2": [40, 0],
            "3": [2, 38],
            "4": [0, 2],
            "5": [2, 0],
            "6": [0, 38],
            "7": [38, 0]
        },
        "_coverageSchema": "1a1c01bbd47fc00a2c39e90264f33305004495a9",
        "hash": "4064eefa6fe60860e7703ff73405744a382f11b1"
    },
    "D:\\webproject\\some_news_project\\src\\hooks\\useFetchCommunityArticles.js": {
        "path": "D:\\webproject\\some_news_project\\src\\hooks\\useFetchCommunityArticles.js",
        "statementMap": {
            "0": {
                "start": {
                    "line": 8,
                    "column": 8
                },
                "end": {
                    "line": 8,
                    "column": 29
                }
            },
            "1": {
                "start": {
                    "line": 10,
                    "column": 35
                },
                "end": {
                    "line": 23,
                    "column": 72
                }
            },
            "2": {
                "start": {
                    "line": 11,
                    "column": 8
                },
                "end": {
                    "line": 11,
                    "column": 25
                }
            },
            "3": {
                "start": {
                    "line": 12,
                    "column": 8
                },
                "end": {
                    "line": 22,
                    "column": 9
                }
            },
            "4": {
                "start": {
                    "line": 13,
                    "column": 29
                },
                "end": {
                    "line": 13,
                    "column": 101
                }
            },
            "5": {
                "start": {
                    "line": 14,
                    "column": 12
                },
                "end": {
                    "line": 14,
                    "column": 57
                }
            },
            "6": {
                "start": {
                    "line": 15,
                    "column": 12
                },
                "end": {
                    "line": 15,
                    "column": 53
                }
            },
            "7": {
                "start": {
                    "line": 17,
                    "column": 12
                },
                "end": {
                    "line": 17,
                    "column": 71
                }
            },
            "8": {
                "start": {
                    "line": 18,
                    "column": 12
                },
                "end": {
                    "line": 18,
                    "column": 28
                }
            },
            "9": {
                "start": {
                    "line": 20,
                    "column": 12
                },
                "end": {
                    "line": 20,
                    "column": 30
                }
            },
            "10": {
                "start": {
                    "line": 21,
                    "column": 12
                },
                "end": {
                    "line": 21,
                    "column": 38
                }
            },
            "11": {
                "start": {
                    "line": 25,
                    "column": 4
                },
                "end": {
                    "line": 29,
                    "column": 69
                }
            },
            "12": {
                "start": {
                    "line": 26,
                    "column": 8
                },
                "end": {
                    "line": 28,
                    "column": 9
                }
            },
            "13": {
                "start": {
                    "line": 27,
                    "column": 12
                },
                "end": {
                    "line": 27,
                    "column": 37
                }
            }
        },
        "fnMap": {
            "0": {
                "name": "useFetchCommunityArticles",
                "decl": {
                    "start": {
                        "line": 6,
                        "column": 24
                    },
                    "end": {
                        "line": 6,
                        "column": 49
                    }
                },
                "loc": {
                    "start": {
                        "line": 6,
                        "column": 52
                    },
                    "end": {
                        "line": 30,
                        "column": 1
                    }
                },
                "line": 6
            },
            "1": {
                "name": "(anonymous_1)",
                "decl": {
                    "start": {
                        "line": 10,
                        "column": 47
                    },
                    "end": {
                        "line": 10,
                        "column": 48
                    }
                },
                "loc": {
                    "start": {
                        "line": 10,
                        "column": 59
                    },
                    "end": {
                        "line": 23,
                        "column": 5
                    }
                },
                "line": 10
            },
            "2": {
                "name": "(anonymous_2)",
                "decl": {
                    "start": {
                        "line": 25,
                        "column": 14
                    },
                    "end": {
                        "line": 25,
                        "column": 15
                    }
                },
                "loc": {
                    "start": {
                        "line": 25,
                        "column": 20
                    },
                    "end": {
                        "line": 29,
                        "column": 5
                    }
                },
                "line": 25
            }
        },
        "branchMap": {
            "0": {
                "loc": {
                    "start": {
                        "line": 26,
                        "column": 8
                    },
                    "end": {
                        "line": 28,
                        "column": 9
                    }
                },
                "type": "if",
                "locations": [
                    {
                        "start": {
                            "line": 26,
                            "column": 8
                        },
                        "end": {
                            "line": 28,
                            "column": 9
                        }
                    },
                    {
                        "start": {},
                        "end": {}
                    }
                ],
                "line": 26
            },
            "1": {
                "loc": {
                    "start": {
                        "line": 26,
                        "column": 12
                    },
                    "end": {
                        "line": 26,
                        "column": 61
                    }
                },
                "type": "binary-expr",
                "locations": [
                    {
                        "start": {
                            "line": 26,
                            "column": 12
                        },
                        "end": {
                            "line": 26,
                            "column": 42
                        }
                    },
                    {
                        "start": {
                            "line": 26,
                            "column": 46
                        },
                        "end": {
                            "line": 26,
                            "column": 61
                        }
                    }
                ],
                "line": 26
            }
        },
        "s": {
            "0": 0,
            "1": 0,
            "2": 0,
            "3": 0,
            "4": 0,
            "5": 0,
            "6": 0,
            "7": 0,
            "8": 0,
            "9": 0,
            "10": 0,
            "11": 0,
            "12": 0,
            "13": 0
        },
        "f": {
            "0": 0,
            "1": 0,
            "2": 0
        },
        "b": {
            "0": [0, 0],
            "1": [0, 0]
        },
        "_coverageSchema": "1a1c01bbd47fc00a2c39e90264f33305004495a9",
        "hash": "946754157443ec338dd7f3e7da886af847a8a747"
    },
    "D:\\webproject\\some_news_project\\src\\pages\\profile\\Profile.jsx": {
        "path": "D:\\webproject\\some_news_project\\src\\pages\\profile\\Profile.jsx",
        "statementMap": {
            "0": {
                "start": {
                    "line": 17,
                    "column": 19
                },
                "end": {
                    "line": 29,
                    "column": 1
                }
            },
            "1": {
                "start": {
                    "line": 32,
                    "column": 4
                },
                "end": {
                    "line": 32,
                    "column": 24
                }
            },
            "2": {
                "start": {
                    "line": 34,
                    "column": 71
                },
                "end": {
                    "line": 34,
                    "column": 87
                }
            },
            "3": {
                "start": {
                    "line": 35,
                    "column": 31
                },
                "end": {
                    "line": 35,
                    "column": 55
                }
            },
            "4": {
                "start": {
                    "line": 37,
                    "column": 21
                },
                "end": {
                    "line": 37,
                    "column": 34
                }
            },
            "5": {
                "start": {
                    "line": 39,
                    "column": 66
                },
                "end": {
                    "line": 39,
                    "column": 87
                }
            },
            "6": {
                "start": {
                    "line": 41,
                    "column": 42
                },
                "end": {
                    "line": 41,
                    "column": 54
                }
            },
            "7": {
                "start": {
                    "line": 42,
                    "column": 42
                },
                "end": {
                    "line": 42,
                    "column": 54
                }
            },
            "8": {
                "start": {
                    "line": 43,
                    "column": 50
                },
                "end": {
                    "line": 43,
                    "column": 62
                }
            },
            "9": {
                "start": {
                    "line": 44,
                    "column": 34
                },
                "end": {
                    "line": 44,
                    "column": 92
                }
            },
            "10": {
                "start": {
                    "line": 44,
                    "column": 40
                },
                "end": {
                    "line": 44,
                    "column": 92
                }
            },
            "11": {
                "start": {
                    "line": 46,
                    "column": 30
                },
                "end": {
                    "line": 46,
                    "column": 75
                }
            },
            "12": {
                "start": {
                    "line": 46,
                    "column": 41
                },
                "end": {
                    "line": 46,
                    "column": 75
                }
            },
            "13": {
                "start": {
                    "line": 47,
                    "column": 30
                },
                "end": {
                    "line": 47,
                    "column": 75
                }
            },
            "14": {
                "start": {
                    "line": 47,
                    "column": 41
                },
                "end": {
                    "line": 47,
                    "column": 75
                }
            },
            "15": {
                "start": {
                    "line": 48,
                    "column": 34
                },
                "end": {
                    "line": 48,
                    "column": 83
                }
            },
            "16": {
                "start": {
                    "line": 48,
                    "column": 45
                },
                "end": {
                    "line": 48,
                    "column": 83
                }
            },
            "17": {
                "start": {
                    "line": 51,
                    "column": 64
                },
                "end": {
                    "line": 51,
                    "column": 85
                }
            },
            "18": {
                "start": {
                    "line": 53,
                    "column": 66
                },
                "end": {
                    "line": 53,
                    "column": 78
                }
            },
            "19": {
                "start": {
                    "line": 54,
                    "column": 37
                },
                "end": {
                    "line": 54,
                    "column": 93
                }
            },
            "20": {
                "start": {
                    "line": 54,
                    "column": 43
                },
                "end": {
                    "line": 54,
                    "column": 93
                }
            },
            "21": {
                "start": {
                    "line": 56,
                    "column": 42
                },
                "end": {
                    "line": 56,
                    "column": 99
                }
            },
            "22": {
                "start": {
                    "line": 56,
                    "column": 53
                },
                "end": {
                    "line": 56,
                    "column": 99
                }
            },
            "23": {
                "start": {
                    "line": 59,
                    "column": 38
                },
                "end": {
                    "line": 59,
                    "column": 50
                }
            },
            "24": {
                "start": {
                    "line": 60,
                    "column": 36
                },
                "end": {
                    "line": 60,
                    "column": 51
                }
            },
            "25": {
                "start": {
                    "line": 61,
                    "column": 27
                },
                "end": {
                    "line": 61,
                    "column": 55
                }
            },
            "26": {
                "start": {
                    "line": 61,
                    "column": 33
                },
                "end": {
                    "line": 61,
                    "column": 55
                }
            },
            "27": {
                "start": {
                    "line": 62,
                    "column": 22
                },
                "end": {
                    "line": 66,
                    "column": 5
                }
            },
            "28": {
                "start": {
                    "line": 63,
                    "column": 8
                },
                "end": {
                    "line": 63,
                    "column": 41
                }
            },
            "29": {
                "start": {
                    "line": 64,
                    "column": 8
                },
                "end": {
                    "line": 64,
                    "column": 43
                }
            },
            "30": {
                "start": {
                    "line": 65,
                    "column": 8
                },
                "end": {
                    "line": 65,
                    "column": 69
                }
            },
            "31": {
                "start": {
                    "line": 68,
                    "column": 23
                },
                "end": {
                    "line": 73,
                    "column": 5
                }
            },
            "32": {
                "start": {
                    "line": 69,
                    "column": 8
                },
                "end": {
                    "line": 69,
                    "column": 17
                }
            },
            "33": {
                "start": {
                    "line": 70,
                    "column": 8
                },
                "end": {
                    "line": 70,
                    "column": 21
                }
            },
            "34": {
                "start": {
                    "line": 71,
                    "column": 8
                },
                "end": {
                    "line": 71,
                    "column": 25
                }
            },
            "35": {
                "start": {
                    "line": 72,
                    "column": 8
                },
                "end": {
                    "line": 72,
                    "column": 27
                }
            },
            "36": {
                "start": {
                    "line": 75,
                    "column": 29
                },
                "end": {
                    "line": 100,
                    "column": 5
                }
            },
            "37": {
                "start": {
                    "line": 76,
                    "column": 8
                },
                "end": {
                    "line": 76,
                    "column": 31
                }
            },
            "38": {
                "start": {
                    "line": 77,
                    "column": 8
                },
                "end": {
                    "line": 95,
                    "column": 9
                }
            },
            "39": {
                "start": {
                    "line": 78,
                    "column": 25
                },
                "end": {
                    "line": 78,
                    "column": 46
                }
            },
            "40": {
                "start": {
                    "line": 79,
                    "column": 27
                },
                "end": {
                    "line": 79,
                    "column": 43
                }
            },
            "41": {
                "start": {
                    "line": 81,
                    "column": 12
                },
                "end": {
                    "line": 87,
                    "column": 14
                }
            },
            "42": {
                "start": {
                    "line": 82,
                    "column": 37
                },
                "end": {
                    "line": 82,
                    "column": 50
                }
            },
            "43": {
                "start": {
                    "line": 83,
                    "column": 16
                },
                "end": {
                    "line": 86,
                    "column": 19
                }
            },
            "44": {
                "start": {
                    "line": 89,
                    "column": 12
                },
                "end": {
                    "line": 91,
                    "column": 13
                }
            },
            "45": {
                "start": {
                    "line": 90,
                    "column": 16
                },
                "end": {
                    "line": 90,
                    "column": 43
                }
            },
            "46": {
                "start": {
                    "line": 93,
                    "column": 12
                },
                "end": {
                    "line": 93,
                    "column": 31
                }
            },
            "47": {
                "start": {
                    "line": 94,
                    "column": 12
                },
                "end": {
                    "line": 94,
                    "column": 30
                }
            },
            "48": {
                "start": {
                    "line": 96,
                    "column": 22
                },
                "end": {
                    "line": 98,
                    "column": 15
                }
            },
            "49": {
                "start": {
                    "line": 97,
                    "column": 12
                },
                "end": {
                    "line": 97,
                    "column": 37
                }
            },
            "50": {
                "start": {
                    "line": 99,
                    "column": 8
                },
                "end": {
                    "line": 99,
                    "column": 41
                }
            },
            "51": {
                "start": {
                    "line": 99,
                    "column": 21
                },
                "end": {
                    "line": 99,
                    "column": 40
                }
            },
            "52": {
                "start": {
                    "line": 102,
                    "column": 22
                },
                "end": {
                    "line": 118,
                    "column": 5
                }
            },
            "53": {
                "start": {
                    "line": 103,
                    "column": 8
                },
                "end": {
                    "line": 103,
                    "column": 31
                }
            },
            "54": {
                "start": {
                    "line": 104,
                    "column": 8
                },
                "end": {
                    "line": 112,
                    "column": 9
                }
            },
            "55": {
                "start": {
                    "line": 105,
                    "column": 12
                },
                "end": {
                    "line": 108,
                    "column": 15
                }
            },
            "56": {
                "start": {
                    "line": 110,
                    "column": 12
                },
                "end": {
                    "line": 110,
                    "column": 31
                }
            },
            "57": {
                "start": {
                    "line": 111,
                    "column": 12
                },
                "end": {
                    "line": 111,
                    "column": 30
                }
            },
            "58": {
                "start": {
                    "line": 113,
                    "column": 8
                },
                "end": {
                    "line": 113,
                    "column": 27
                }
            },
            "59": {
                "start": {
                    "line": 114,
                    "column": 22
                },
                "end": {
                    "line": 116,
                    "column": 15
                }
            },
            "60": {
                "start": {
                    "line": 115,
                    "column": 12
                },
                "end": {
                    "line": 115,
                    "column": 37
                }
            },
            "61": {
                "start": {
                    "line": 117,
                    "column": 8
                },
                "end": {
                    "line": 117,
                    "column": 41
                }
            },
            "62": {
                "start": {
                    "line": 117,
                    "column": 21
                },
                "end": {
                    "line": 117,
                    "column": 40
                }
            },
            "63": {
                "start": {
                    "line": 120,
                    "column": 27
                },
                "end": {
                    "line": 161,
                    "column": 5
                }
            },
            "64": {
                "start": {
                    "line": 121,
                    "column": 8
                },
                "end": {
                    "line": 121,
                    "column": 31
                }
            },
            "65": {
                "start": {
                    "line": 123,
                    "column": 8
                },
                "end": {
                    "line": 126,
                    "column": 9
                }
            },
            "66": {
                "start": {
                    "line": 124,
                    "column": 12
                },
                "end": {
                    "line": 124,
                    "column": 75
                }
            },
            "67": {
                "start": {
                    "line": 125,
                    "column": 12
                },
                "end": {
                    "line": 125,
                    "column": 19
                }
            },
            "68": {
                "start": {
                    "line": 127,
                    "column": 8
                },
                "end": {
                    "line": 130,
                    "column": 9
                }
            },
            "69": {
                "start": {
                    "line": 128,
                    "column": 12
                },
                "end": {
                    "line": 128,
                    "column": 63
                }
            },
            "70": {
                "start": {
                    "line": 129,
                    "column": 12
                },
                "end": {
                    "line": 129,
                    "column": 19
                }
            },
            "71": {
                "start": {
                    "line": 132,
                    "column": 8
                },
                "end": {
                    "line": 160,
                    "column": 9
                }
            },
            "72": {
                "start": {
                    "line": 133,
                    "column": 29
                },
                "end": {
                    "line": 144,
                    "column": 13
                }
            },
            "73": {
                "start": {
                    "line": 146,
                    "column": 12
                },
                "end": {
                    "line": 152,
                    "column": 13
                }
            },
            "74": {
                "start": {
                    "line": 147,
                    "column": 16
                },
                "end": {
                    "line": 147,
                    "column": 29
                }
            },
            "75": {
                "start": {
                    "line": 148,
                    "column": 16
                },
                "end": {
                    "line": 148,
                    "column": 35
                }
            },
            "76": {
                "start": {
                    "line": 149,
                    "column": 16
                },
                "end": {
                    "line": 149,
                    "column": 35
                }
            },
            "77": {
                "start": {
                    "line": 150,
                    "column": 16
                },
                "end": {
                    "line": 150,
                    "column": 39
                }
            },
            "78": {
                "start": {
                    "line": 151,
                    "column": 16
                },
                "end": {
                    "line": 151,
                    "column": 40
                }
            },
            "79": {
                "start": {
                    "line": 154,
                    "column": 12
                },
                "end": {
                    "line": 159,
                    "column": 13
                }
            },
            "80": {
                "start": {
                    "line": 155,
                    "column": 16
                },
                "end": {
                    "line": 155,
                    "column": 55
                }
            },
            "81": {
                "start": {
                    "line": 157,
                    "column": 16
                },
                "end": {
                    "line": 157,
                    "column": 41
                }
            },
            "82": {
                "start": {
                    "line": 158,
                    "column": 16
                },
                "end": {
                    "line": 158,
                    "column": 56
                }
            },
            "83": {
                "start": {
                    "line": 163,
                    "column": 26
                },
                "end": {
                    "line": 191,
                    "column": 5
                }
            },
            "84": {
                "start": {
                    "line": 164,
                    "column": 8
                },
                "end": {
                    "line": 164,
                    "column": 31
                }
            },
            "85": {
                "start": {
                    "line": 166,
                    "column": 8
                },
                "end": {
                    "line": 168,
                    "column": 9
                }
            },
            "86": {
                "start": {
                    "line": 167,
                    "column": 12
                },
                "end": {
                    "line": 167,
                    "column": 63
                }
            },
            "87": {
                "start": {
                    "line": 170,
                    "column": 8
                },
                "end": {
                    "line": 190,
                    "column": 9
                }
            },
            "88": {
                "start": {
                    "line": 171,
                    "column": 12
                },
                "end": {
                    "line": 186,
                    "column": 19
                }
            },
            "89": {
                "start": {
                    "line": 181,
                    "column": 20
                },
                "end": {
                    "line": 185,
                    "column": 21
                }
            },
            "90": {
                "start": {
                    "line": 182,
                    "column": 24
                },
                "end": {
                    "line": 182,
                    "column": 37
                }
            },
            "91": {
                "start": {
                    "line": 184,
                    "column": 24
                },
                "end": {
                    "line": 184,
                    "column": 59
                }
            },
            "92": {
                "start": {
                    "line": 188,
                    "column": 12
                },
                "end": {
                    "line": 188,
                    "column": 34
                }
            },
            "93": {
                "start": {
                    "line": 189,
                    "column": 12
                },
                "end": {
                    "line": 189,
                    "column": 60
                }
            },
            "94": {
                "start": {
                    "line": 193,
                    "column": 4
                },
                "end": {
                    "line": 193,
                    "column": 96
                }
            },
            "95": {
                "start": {
                    "line": 193,
                    "column": 17
                },
                "end": {
                    "line": 193,
                    "column": 96
                }
            },
            "96": {
                "start": {
                    "line": 195,
                    "column": 4
                },
                "end": {
                    "line": 197,
                    "column": 5
                }
            },
            "97": {
                "start": {
                    "line": 196,
                    "column": 8
                },
                "end": {
                    "line": 196,
                    "column": 51
                }
            },
            "98": {
                "start": {
                    "line": 199,
                    "column": 4
                },
                "end": {
                    "line": 395,
                    "column": 6
                }
            },
            "99": {
                "start": {
                    "line": 272,
                    "column": 32
                },
                "end": {
                    "line": 272,
                    "column": 56
                }
            },
            "100": {
                "start": {
                    "line": 287,
                    "column": 32
                },
                "end": {
                    "line": 287,
                    "column": 59
                }
            }
        },
        "fnMap": {
            "0": {
                "name": "Profile",
                "decl": {
                    "start": {
                        "line": 31,
                        "column": 9
                    },
                    "end": {
                        "line": 31,
                        "column": 16
                    }
                },
                "loc": {
                    "start": {
                        "line": 31,
                        "column": 19
                    },
                    "end": {
                        "line": 396,
                        "column": 1
                    }
                },
                "line": 31
            },
            "1": {
                "name": "(anonymous_1)",
                "decl": {
                    "start": {
                        "line": 44,
                        "column": 34
                    },
                    "end": {
                        "line": 44,
                        "column": 35
                    }
                },
                "loc": {
                    "start": {
                        "line": 44,
                        "column": 40
                    },
                    "end": {
                        "line": 44,
                        "column": 92
                    }
                },
                "line": 44
            },
            "2": {
                "name": "(anonymous_2)",
                "decl": {
                    "start": {
                        "line": 46,
                        "column": 30
                    },
                    "end": {
                        "line": 46,
                        "column": 31
                    }
                },
                "loc": {
                    "start": {
                        "line": 46,
                        "column": 41
                    },
                    "end": {
                        "line": 46,
                        "column": 75
                    }
                },
                "line": 46
            },
            "3": {
                "name": "(anonymous_3)",
                "decl": {
                    "start": {
                        "line": 47,
                        "column": 30
                    },
                    "end": {
                        "line": 47,
                        "column": 31
                    }
                },
                "loc": {
                    "start": {
                        "line": 47,
                        "column": 41
                    },
                    "end": {
                        "line": 47,
                        "column": 75
                    }
                },
                "line": 47
            },
            "4": {
                "name": "(anonymous_4)",
                "decl": {
                    "start": {
                        "line": 48,
                        "column": 34
                    },
                    "end": {
                        "line": 48,
                        "column": 35
                    }
                },
                "loc": {
                    "start": {
                        "line": 48,
                        "column": 45
                    },
                    "end": {
                        "line": 48,
                        "column": 83
                    }
                },
                "line": 48
            },
            "5": {
                "name": "(anonymous_5)",
                "decl": {
                    "start": {
                        "line": 54,
                        "column": 37
                    },
                    "end": {
                        "line": 54,
                        "column": 38
                    }
                },
                "loc": {
                    "start": {
                        "line": 54,
                        "column": 43
                    },
                    "end": {
                        "line": 54,
                        "column": 93
                    }
                },
                "line": 54
            },
            "6": {
                "name": "(anonymous_6)",
                "decl": {
                    "start": {
                        "line": 56,
                        "column": 42
                    },
                    "end": {
                        "line": 56,
                        "column": 43
                    }
                },
                "loc": {
                    "start": {
                        "line": 56,
                        "column": 53
                    },
                    "end": {
                        "line": 56,
                        "column": 99
                    }
                },
                "line": 56
            },
            "7": {
                "name": "(anonymous_7)",
                "decl": {
                    "start": {
                        "line": 61,
                        "column": 27
                    },
                    "end": {
                        "line": 61,
                        "column": 28
                    }
                },
                "loc": {
                    "start": {
                        "line": 61,
                        "column": 33
                    },
                    "end": {
                        "line": 61,
                        "column": 55
                    }
                },
                "line": 61
            },
            "8": {
                "name": "(anonymous_8)",
                "decl": {
                    "start": {
                        "line": 62,
                        "column": 22
                    },
                    "end": {
                        "line": 62,
                        "column": 23
                    }
                },
                "loc": {
                    "start": {
                        "line": 62,
                        "column": 33
                    },
                    "end": {
                        "line": 66,
                        "column": 5
                    }
                },
                "line": 62
            },
            "9": {
                "name": "(anonymous_9)",
                "decl": {
                    "start": {
                        "line": 68,
                        "column": 23
                    },
                    "end": {
                        "line": 68,
                        "column": 24
                    }
                },
                "loc": {
                    "start": {
                        "line": 68,
                        "column": 29
                    },
                    "end": {
                        "line": 73,
                        "column": 5
                    }
                },
                "line": 68
            },
            "10": {
                "name": "(anonymous_10)",
                "decl": {
                    "start": {
                        "line": 75,
                        "column": 29
                    },
                    "end": {
                        "line": 75,
                        "column": 30
                    }
                },
                "loc": {
                    "start": {
                        "line": 75,
                        "column": 40
                    },
                    "end": {
                        "line": 100,
                        "column": 5
                    }
                },
                "line": 75
            },
            "11": {
                "name": "(anonymous_11)",
                "decl": {
                    "start": {
                        "line": 81,
                        "column": 31
                    },
                    "end": {
                        "line": 81,
                        "column": 32
                    }
                },
                "loc": {
                    "start": {
                        "line": 81,
                        "column": 43
                    },
                    "end": {
                        "line": 87,
                        "column": 13
                    }
                },
                "line": 81
            },
            "12": {
                "name": "(anonymous_12)",
                "decl": {
                    "start": {
                        "line": 96,
                        "column": 33
                    },
                    "end": {
                        "line": 96,
                        "column": 34
                    }
                },
                "loc": {
                    "start": {
                        "line": 96,
                        "column": 39
                    },
                    "end": {
                        "line": 98,
                        "column": 9
                    }
                },
                "line": 96
            },
            "13": {
                "name": "(anonymous_13)",
                "decl": {
                    "start": {
                        "line": 99,
                        "column": 15
                    },
                    "end": {
                        "line": 99,
                        "column": 16
                    }
                },
                "loc": {
                    "start": {
                        "line": 99,
                        "column": 21
                    },
                    "end": {
                        "line": 99,
                        "column": 40
                    }
                },
                "line": 99
            },
            "14": {
                "name": "(anonymous_14)",
                "decl": {
                    "start": {
                        "line": 102,
                        "column": 22
                    },
                    "end": {
                        "line": 102,
                        "column": 23
                    }
                },
                "loc": {
                    "start": {
                        "line": 102,
                        "column": 39
                    },
                    "end": {
                        "line": 118,
                        "column": 5
                    }
                },
                "line": 102
            },
            "15": {
                "name": "(anonymous_15)",
                "decl": {
                    "start": {
                        "line": 114,
                        "column": 33
                    },
                    "end": {
                        "line": 114,
                        "column": 34
                    }
                },
                "loc": {
                    "start": {
                        "line": 114,
                        "column": 39
                    },
                    "end": {
                        "line": 116,
                        "column": 9
                    }
                },
                "line": 114
            },
            "16": {
                "name": "(anonymous_16)",
                "decl": {
                    "start": {
                        "line": 117,
                        "column": 15
                    },
                    "end": {
                        "line": 117,
                        "column": 16
                    }
                },
                "loc": {
                    "start": {
                        "line": 117,
                        "column": 21
                    },
                    "end": {
                        "line": 117,
                        "column": 40
                    }
                },
                "line": 117
            },
            "17": {
                "name": "(anonymous_17)",
                "decl": {
                    "start": {
                        "line": 120,
                        "column": 27
                    },
                    "end": {
                        "line": 120,
                        "column": 28
                    }
                },
                "loc": {
                    "start": {
                        "line": 120,
                        "column": 44
                    },
                    "end": {
                        "line": 161,
                        "column": 5
                    }
                },
                "line": 120
            },
            "18": {
                "name": "(anonymous_18)",
                "decl": {
                    "start": {
                        "line": 163,
                        "column": 26
                    },
                    "end": {
                        "line": 163,
                        "column": 27
                    }
                },
                "loc": {
                    "start": {
                        "line": 163,
                        "column": 43
                    },
                    "end": {
                        "line": 191,
                        "column": 5
                    }
                },
                "line": 163
            },
            "19": {
                "name": "(anonymous_19)",
                "decl": {
                    "start": {
                        "line": 180,
                        "column": 22
                    },
                    "end": {
                        "line": 180,
                        "column": 23
                    }
                },
                "loc": {
                    "start": {
                        "line": 180,
                        "column": 36
                    },
                    "end": {
                        "line": 186,
                        "column": 17
                    }
                },
                "line": 180
            },
            "20": {
                "name": "(anonymous_20)",
                "decl": {
                    "start": {
                        "line": 271,
                        "column": 37
                    },
                    "end": {
                        "line": 271,
                        "column": 38
                    }
                },
                "loc": {
                    "start": {
                        "line": 271,
                        "column": 43
                    },
                    "end": {
                        "line": 273,
                        "column": 29
                    }
                },
                "line": 271
            },
            "21": {
                "name": "(anonymous_21)",
                "decl": {
                    "start": {
                        "line": 286,
                        "column": 37
                    },
                    "end": {
                        "line": 286,
                        "column": 38
                    }
[...]
                            "column": 64
                        },
                        "end": {
                            "line": 69,
                            "column": 78
                        }
                    },
                    {
                        "start": {
                            "line": 69,
                            "column": 81
                        },
                        "end": {
                            "line": 69,
                            "column": 83
                        }
                    }
                ],
                "line": 69
            },
            "7": {
                "loc": {
                    "start": {
                        "line": 72,
                        "column": 37
                    },
                    "end": {
                        "line": 72,
                        "column": 85
                    }
                },
                "type": "cond-expr",
                "locations": [
                    {
                        "start": {
                            "line": 72,
                            "column": 66
                        },
                        "end": {
                            "line": 72,
                            "column": 80
                        }
                    },
                    {
                        "start": {
                            "line": 72,
                            "column": 83
                        },
                        "end": {
                            "line": 72,
                            "column": 85
                        }
                    }
                ],
                "line": 72
            },
            "8": {
                "loc": {
                    "start": {
                        "line": 75,
                        "column": 37
                    },
                    "end": {
                        "line": 75,
                        "column": 87
                    }
                },
                "type": "cond-expr",
                "locations": [
                    {
                        "start": {
                            "line": 75,
                            "column": 68
                        },
                        "end": {
                            "line": 75,
                            "column": 82
                        }
                    },
                    {
                        "start": {
                            "line": 75,
                            "column": 85
                        },
                        "end": {
                            "line": 75,
                            "column": 87
                        }
                    }
                ],
                "line": 75
            }
        },
        "s": {
            "0": 96,
            "1": 96,
            "2": 96,
            "3": 96,
            "4": 96,
            "5": 96,
            "6": 96,
            "7": 15,
            "8": 96,
            "9": 7,
            "10": 7,
            "11": 7,
            "12": 7,
            "13": 96,
            "14": 92,
            "15": 96
        },
        "f": {
            "0": 96,
            "1": 15,
            "2": 7,
            "3": 96
        },
        "b": {
            "0": [92, 4],
            "1": [92, 92],
            "2": [92, 24],
            "3": [20, 76],
            "4": [96, 76],
            "5": [14, 82],
            "6": [5, 91],
            "7": [5, 91],
            "8": [5, 91]
        },
        "_coverageSchema": "1a1c01bbd47fc00a2c39e90264f33305004495a9",
        "hash": "64a81f322287784291819162d96bcb63f46ae780"
    },
    "D:\\webproject\\some_news_project\\src\\contexts\\NewsApiContext.js": {
        "path": "D:\\webproject\\some_news_project\\src\\contexts\\NewsApiContext.js",
        "statementMap": {
            "0": {
                "start": {
                    "line": 4,
                    "column": 23
                },
                "end": {
                    "line": 4,
                    "column": 38
                }
            },
            "1": {
                "start": {
                    "line": 6,
                    "column": 33
                },
                "end": {
                    "line": 8,
                    "column": 1
                }
            },
            "2": {
                "start": {
                    "line": 7,
                    "column": 4
                },
                "end": {
                    "line": 7,
                    "column": 38
                }
            },
            "3": {
                "start": {
                    "line": 10,
                    "column": 31
                },
                "end": {
                    "line": 21,
                    "column": 1
                }
            },
            "4": {
                "start": {
                    "line": 11,
                    "column": 30
                },
                "end": {
                    "line": 11,
                    "column": 46
                }
            },
            "5": {
                "start": {
                    "line": 12,
                    "column": 28
                },
                "end": {
                    "line": 12,
                    "column": 40
                }
            },
            "6": {
                "start": {
                    "line": 13,
                    "column": 34
                },
                "end": {
                    "line": 13,
                    "column": 48
                }
            },
            "7": {
                "start": {
                    "line": 14,
                    "column": 30
                },
                "end": {
                    "line": 14,
                    "column": 44
                }
            },
            "8": {
                "start": {
                    "line": 16,
                    "column": 4
                },
                "end": {
                    "line": 20,
                    "column": 6
                }
            },
            "9": {
                "start": {
                    "line": 23,
                    "column": 0
                },
                "end": {
                    "line": 25,
                    "column": 2
                }
            }
        },
        "fnMap": {
            "0": {
                "name": "(anonymous_0)",
                "decl": {
                    "start": {
                        "line": 6,
                        "column": 33
                    },
                    "end": {
                        "line": 6,
                        "column": 34
                    }
                },
                "loc": {
                    "start": {
                        "line": 6,
                        "column": 39
                    },
                    "end": {
                        "line": 8,
                        "column": 1
                    }
                },
                "line": 6
            },
            "1": {
                "name": "(anonymous_1)",
                "decl": {
                    "start": {
                        "line": 10,
                        "column": 31
                    },
                    "end": {
                        "line": 10,
                        "column": 32
                    }
                },
                "loc": {
                    "start": {
                        "line": 10,
                        "column": 49
                    },
                    "end": {
                        "line": 21,
                        "column": 1
                    }
                },
                "line": 10
            }
        },
        "branchMap": {},
        "s": {
            "0": 13,
            "1": 13,
            "2": 20,
            "3": 13,
            "4": 40,
            "5": 40,
            "6": 40,
            "7": 40,
            "8": 40,
            "9": 13
        },
        "f": {
            "0": 20,
            "1": 40
        },
        "b": {},
        "_coverageSchema": "1a1c01bbd47fc00a2c39e90264f33305004495a9",
        "hash": "9b7038dba8d79d0b5dce9623b635f792e29a5d1e"
    },
    "D:\\webproject\\some_news_project\\src\\utils\\userService.js": {
        "path": "D:\\webproject\\some_news_project\\src\\utils\\userService.js",
        "statementMap": {
            "0": {
                "start": {
                    "line": 3,
                    "column": 23
                },
                "end": {
                    "line": 15,
                    "column": 1
                }
            },
            "1": {
                "start": {
                    "line": 4,
                    "column": 4
                },
                "end": {
                    "line": 14,
                    "column": 5
                }
            },
            "2": {
                "start": {
                    "line": 5,
                    "column": 25
                },
                "end": {
                    "line": 9,
                    "column": 10
                }
            },
            "3": {
                "start": {
                    "line": 10,
                    "column": 8
                },
                "end": {
                    "line": 10,
                    "column": 34
                }
            },
            "4": {
                "start": {
                    "line": 12,
                    "column": 8
                },
                "end": {
                    "line": 12,
                    "column": 56
                }
            },
            "5": {
                "start": {
                    "line": 13,
                    "column": 8
                },
                "end": {
                    "line": 13,
                    "column": 20
                }
            }
        },
        "fnMap": {
            "0": {
                "name": "(anonymous_0)",
                "decl": {
                    "start": {
                        "line": 3,
                        "column": 23
                    },
                    "end": {
                        "line": 3,
                        "column": 24
                    }
                },
                "loc": {
                    "start": {
                        "line": 3,
                        "column": 35
                    },
                    "end": {
                        "line": 15,
                        "column": 1
                    }
                },
                "line": 3
            }
        },
        "branchMap": {},
        "s": {
            "0": 13,
            "1": 2,
            "2": 2,
            "3": 0,
            "4": 2,
            "5": 2
        },
        "f": {
            "0": 2
        },
        "b": {},
        "_coverageSchema": "1a1c01bbd47fc00a2c39e90264f33305004495a9",
        "hash": "85ba9f2ea5e9c5b29c8ce7052afd9a9355261f26"
    },
    "D:\\webproject\\some_news_project\\src\\hooks\\useIsAuthenticated.js": {
        "path": "D:\\webproject\\some_news_project\\src\\hooks\\useIsAuthenticated.js",
        "statementMap": {
            "0": {
                "start": {
                    "line": 7,
                    "column": 21
                },
                "end": {
                    "line": 7,
                    "column": 34
                }
            },
            "1": {
                "start": {
                    "line": 9,
                    "column": 4
                },
                "end": {
                    "line": 13,
                    "column": 19
                }
            },
            "2": {
                "start": {
                    "line": 10,
                    "column": 8
                },
                "end": {
                    "line": 12,
                    "column": 9
                }
            },
            "3": {
                "start": {
                    "line": 11,
                    "column": 12
                },
                "end": {
                    "line": 11,
                    "column": 31
                }
            }
        },
        "fnMap": {
            "0": {
                "name": "useIsAuthenticated",
                "decl": {
                    "start": {
                        "line": 6,
                        "column": 24
                    },
                    "end": {
                        "line": 6,
                        "column": 42
                    }
                },
                "loc": {
                    "start": {
                        "line": 6,
                        "column": 45
                    },
                    "end": {
                        "line": 14,
                        "column": 1
                    }
                },
                "line": 6
            },
            "1": {
                "name": "(anonymous_1)",
                "decl": {
                    "start": {
                        "line": 9,
                        "column": 14
                    },
                    "end": {
                        "line": 9,
                        "column": 15
                    }
                },
                "loc": {
                    "start": {
                        "line": 9,
                        "column": 20
                    },
                    "end": {
                        "line": 13,
                        "column": 5
                    }
                },
                "line": 9
            }
        },
        "branchMap": {
            "0": {
                "loc": {
                    "start": {
                        "line": 10,
                        "column": 8
                    },
                    "end": {
                        "line": 12,
                        "column": 9
                    }
                },
                "type": "if",
                "locations": [
                    {
                        "start": {
                            "line": 10,
                            "column": 8
                        },
                        "end": {
                            "line": 12,
                            "column": 9
                        }
                    },
                    {
                        "start": {},
                        "end": {}
                    }
                ],
                "line": 10
            }
        },
        "s": {
            "0": 10,
            "1": 10,
            "2": 4,
            "3": 4
        },
        "f": {
            "0": 10,
            "1": 4
        },
        "b": {
            "0": [4, 0]
        },
        "_coverageSchema": "1a1c01bbd47fc00a2c39e90264f33305004495a9",
        "hash": "13412d59e39d65d23910824666f30a09f3e62c5d"
    },
    "D:\\webproject\\some_news_project\\src\\components\\index.js": {
        "path": "D:\\webproject\\some_news_project\\src\\components\\index.js",
        "statementMap": {},
        "fnMap": {},
        "branchMap": {},
        "s": {},
        "f": {},
        "b": {},
        "_coverageSchema": "1a1c01bbd47fc00a2c39e90264f33305004495a9",
        "hash": "f05fa117af906cad8ec1f189ef2a925f6644c994"
    },
    "D:\\webproject\\some_news_project\\src\\contexts\\CommunityContext.js": {
        "path": "D:\\webproject\\some_news_project\\src\\contexts\\CommunityContext.js",
        "statementMap": {
            "0": {
                "start": {
                    "line": 6,
                    "column": 25
                },
                "end": {
                    "line": 6,
                    "column": 40
                }
            },
            "1": {
                "start": {
                    "line": 8,
                    "column": 35
                },
                "end": {
                    "line": 10,
                    "column": 1
                }
            },
            "2": {
                "start": {
                    "line": 9,
                    "column": 4
                },
                "end": {
                    "line": 9,
                    "column": 40
                }
            },
            "3": {
                "start": {
                    "line": 12,
                    "column": 33
                },
                "end": {
                    "line": 34,
                    "column": 1
                }
            },
            "4": {
                "start": {
                    "line": 13,
                    "column": 54
                },
                "end": {
                    "line": 13,
                    "column": 66
                }
            },
            "5": {
                "start": {
                    "line": 14,
                    "column": 34
                },
                "end": {
                    "line": 14,
                    "column": 49
                }
            },
            "6": {
                "start": {
                    "line": 15,
                    "column": 50
                },
                "end": {
                    "line": 15,
                    "column": 65
                }
            },
            "7": {
                "start": {
                    "line": 16,
                    "column": 32
                },
                "end": {
                    "line": 16,
                    "column": 48
                }
            },
            "8": {
                "start": {
                    "line": 18,
                    "column": 4
                },
                "end": {
                    "line": 33,
                    "column": 6
                }
            },
            "9": {
                "start": {
                    "line": 36,
                    "column": 0
                },
                "end": {
                    "line": 38,
                    "column": 2
                }
            }
        },
        "fnMap": {
            "0": {
                "name": "(anonymous_0)",
                "decl": {
                    "start": {
                        "line": 8,
                        "column": 35
                    },
                    "end": {
                        "line": 8,
                        "column": 36
                    }
                },
                "loc": {
                    "start": {
                        "line": 8,
                        "column": 41
                    },
                    "end": {
                        "line": 10,
                        "column": 1
                    }
                },
                "line": 8
            },
            "1": {
                "name": "(anonymous_1)",
                "decl": {
                    "start": {
                        "line": 12,
                        "column": 33
                    },
                    "end": {
                        "line": 12,
                        "column": 34
                    }
                },
                "loc": {
                    "start": {
                        "line": 12,
                        "column": 51
                    },
                    "end": {
                        "line": 34,
                        "column": 1
                    }
                },
                "line": 12
            }
        },
        "branchMap": {},
        "s": {
            "0": 13,
            "1": 13,
            "2": 0,
            "3": 13,
            "4": 47,
            "5": 47,
            "6": 47,
            "7": 47,
            "8": 47,
            "9": 13
        },
        "f": {
            "0": 0,
            "1": 47
        },
        "b": {},
        "_coverageSchema": "1a1c01bbd47fc00a2c39e90264f33305004495a9",
        "hash": "c485dfee50390e46e6569979ea8c5d4341213f7c"
    }
}
