TN:
SF:__tests__\testUtils\utils.helper.js
FN:3,loginUser
FN:20,registerUser
FN:37,deleteUser
FNF:3
FNH:3
FNDA:2,loginUser
FNDA:1,registerUser
FNDA:1,deleteUser
DA:1,4
DA:4,2
DA:11,2
DA:13,2
DA:15,2
DA:21,1
DA:27,1
DA:29,1
DA:31,1
DA:38,1
DA:45,1
DA:46,1
DA:52,4
LF:13
LH:13
BRF:0
BRH:0
end_of_record
TN:
SF:models\Article.js
FNF:0
FNH:0
DA:1,2
DA:3,2
DA:5,2
DA:50,2
DA:52,2
LF:5
LH:5
BRDA:50,0,0,2
BRDA:50,0,1,2
BRF:2
BRH:2
end_of_record
TN:
SF:models\User.js
FN:50,(anonymous_0)
FNF:1
FNH:1
FNDA:15,(anonymous_0)
DA:2,3
DA:3,3
DA:4,3
DA:6,3
DA:50,3
DA:51,15
DA:52,15
DA:53,15
DA:54,0
DA:56,15
DA:57,15
DA:58,1
DA:61,1
DA:64,15
DA:65,11
DA:68,4
DA:69,4
DA:70,4
DA:73,3
DA:75,3
LF:20
LH:19
BRDA:53,0,0,0
BRDA:53,0,1,15
BRDA:53,1,0,15
BRDA:53,1,1,11
BRDA:57,2,0,1
BRDA:57,2,1,14
BRDA:57,3,0,15
BRDA:57,3,1,12
BRDA:64,4,0,11
BRDA:64,4,1,4
BRDA:73,5,0,3
BRDA:73,5,1,3
BRF:12
BRH:11
end_of_record
TN:
SF:routes\authRoute.js
FN:14,(anonymous_0)
FN:24,(anonymous_1)
FN:50,(anonymous_2)
FNF:3
FNH:3
FNDA:6,(anonymous_0)
FNDA:5,(anonymous_1)
FNDA:5,(anonymous_2)
DA:1,3
DA:2,3
DA:4,3
DA:5,3
DA:6,3
DA:7,3
DA:9,3
DA:10,3
DA:12,3
DA:14,3
DA:15,6
DA:17,6
DA:18,6
DA:19,6
DA:20,1
DA:22,5
DA:24,5
DA:25,5
DA:26,0
DA:27,0
DA:29,5
DA:30,3
DA:31,3
DA:36,3
DA:38,2
DA:39,2
DA:45,0
DA:46,0
DA:50,3
DA:51,5
DA:52,5
DA:53,5
DA:54,5
DA:55,1
DA:57,4
DA:58,4
DA:59,0
DA:66,4
DA:67,4
DA:68,4
DA:75,3
DA:76,3
DA:79,3
DA:81,1
DA:86,0
DA:91,3
LF:46
LH:40
BRDA:19,0,0,1
BRDA:19,0,1,5
BRDA:25,1,0,0
BRDA:25,1,1,5
BRDA:29,2,0,3
BRDA:29,2,1,2
BRDA:54,3,0,1
BRDA:54,3,1,4
BRDA:58,4,0,0
BRDA:58,4,1,4
BRF:10
BRH:8
end_of_record
TN:
SF:routes\articleRoute\articleRoute.js
FN:7,(anonymous_0)
FN:50,(anonymous_1)
FN:70,(anonymous_2)
FN:95,(anonymous_3)
FN:140,(anonymous_4)
FN:164,(anonymous_5)
FN:227,(anonymous_6)
FN:251,(anonymous_7)
FN:314,(anonymous_8)
FN:319,(anonymous_9)
FN:350,(anonymous_10)
FN:364,(anonymous_11)
FN:368,(anonymous_12)
FN:371,(anonymous_13)
FN:375,(anonymous_14)
FN:399,(anonymous_15)
FN:413,(anonymous_16)
FN:416,(anonymous_17)
FN:418,(anonymous_18)
FN:422,(anonymous_19)
FNF:20
FNH:19
FNDA:5,(anonymous_0)
FNDA:13,(anonymous_1)
FNDA:2,(anonymous_2)
FNDA:2,(anonymous_3)
FNDA:6,(anonymous_4)
FNDA:2,(anonymous_5)
FNDA:4,(anonymous_6)
FNDA:2,(anonymous_7)
FNDA:2,(anonymous_8)
FNDA:3,(anonymous_9)
FNDA:2,(anonymous_10)
FNDA:1,(anonymous_11)
FNDA:1,(anonymous_12)
FNDA:1,(anonymous_13)
FNDA:1,(anonymous_14)
FNDA:2,(anonymous_15)
FNDA:1,(anonymous_16)
FNDA:1,(anonymous_17)
FNDA:1,(anonymous_18)
FNDA:0,(anonymous_19)
DA:1,1
DA:2,1
DA:3,1
DA:5,1
DA:7,1
DA:8,5
DA:10,5
DA:18,5
DA:19,1
DA:24,4
DA:25,4
DA:34,4
DA:36,4
DA:37,4
DA:38,4
DA:42,0
DA:43,0
DA:50,1
DA:51,13
DA:53,13
DA:54,13
DA:58,13
DA:59,1
DA:61,12
DA:63,0
DA:64,0
DA:70,1
DA:71,2
DA:73,2
DA:74,2
DA:75,2
DA:76,1
DA:81,1
DA:82,1
DA:87,0
DA:88,0
DA:95,1
DA:96,2
DA:98,2
DA:99,2
DA:100,2
DA:101,1
DA:107,1
DA:109,1
DA:110,1
DA:111,0
DA:112,0
DA:118,1
DA:132,0
DA:133,0
DA:140,1
DA:141,6
DA:143,6
DA:144,6
DA:145,6
DA:146,1
DA:152,5
DA:153,5
DA:154,1
DA:162,4
DA:163,2
DA:165,2
DA:167,2
DA:168,2
DA:169,2
DA:170,2
DA:172,2
DA:174,2
DA:176,2
DA:177,2
DA:178,2
DA:179,2
DA:180,2
DA:182,2
DA:184,2
DA:187,4
DA:188,4
DA:190,4
DA:192,4
DA:217,4
DA:219,0
DA:220,0
DA:227,1
DA:228,4
DA:230,4
DA:231,4
DA:232,4
DA:233,0
DA:239,4
DA:240,4
DA:241,0
DA:249,4
DA:250,2
DA:252,2
DA:254,2
DA:255,2
DA:256,2
DA:257,2
DA:259,2
DA:261,2
DA:263,2
DA:264,2
DA:265,2
DA:266,2
DA:267,2
DA:269,2
DA:271,2
DA:274,4
DA:275,4
DA:277,4
DA:279,4
DA:304,4
DA:306,0
DA:307,0
DA:314,1
DA:315,2
DA:316,2
DA:318,2
DA:320,3
DA:321,3
DA:333,2
DA:334,1
DA:337,1
DA:342,0
DA:343,0
DA:350,1
DA:351,2
DA:353,2
DA:354,2
DA:356,2
DA:357,1
DA:363,1
DA:364,1
DA:367,1
DA:368,1
DA:371,1
DA:372,1
DA:374,1
DA:375,1
DA:378,1
DA:379,0
DA:380,0
DA:383,1
DA:384,0
DA:390,1
DA:392,0
DA:393,0
DA:399,1
DA:400,2
DA:402,2
DA:403,2
DA:405,2
DA:406,1
DA:412,1
DA:413,1
DA:416,1
DA:418,1
DA:419,1
DA:421,1
DA:422,0
DA:425,1
DA:426,0
DA:427,0
DA:430,1
DA:431,0
DA:437,1
DA:439,0
DA:440,0
DA:446,1
LF:169
LH:140
BRDA:18,0,0,1
BRDA:18,0,1,4
BRDA:18,1,0,5
BRDA:18,1,1,5
BRDA:18,1,2,5
BRDA:18,1,3,4
BRDA:58,2,0,1
BRDA:58,2,1,12
BRDA:75,3,0,1
BRDA:75,3,1,1
BRDA:100,4,0,1
BRDA:100,4,1,1
BRDA:110,5,0,0
BRDA:110,5,1,1
BRDA:145,6,0,1
BRDA:145,6,1,5
BRDA:153,7,0,1
BRDA:153,7,1,4
BRDA:162,8,0,2
BRDA:162,8,1,2
BRDA:168,9,0,2
BRDA:168,9,1,0
BRDA:178,10,0,2
BRDA:178,10,1,2
BRDA:232,11,0,0
BRDA:232,11,1,4
BRDA:240,12,0,0
BRDA:240,12,1,4
BRDA:249,13,0,2
BRDA:249,13,1,2
BRDA:255,14,0,2
BRDA:255,14,1,0
BRDA:265,15,0,2
BRDA:265,15,1,2
BRDA:328,16,0,3
BRDA:328,16,1,0
BRDA:333,17,0,1
BRDA:333,17,1,1
BRDA:356,18,0,1
BRDA:356,18,1,1
BRDA:356,19,0,2
BRDA:356,19,1,2
BRDA:356,19,2,2
BRDA:378,20,0,0
BRDA:378,20,1,1
BRDA:383,21,0,0
BRDA:383,21,1,1
BRDA:405,22,0,1
BRDA:405,22,1,1
BRDA:405,23,0,2
BRDA:405,23,1,2
BRDA:405,23,2,2
BRDA:425,24,0,0
BRDA:425,24,1,1
BRDA:430,25,0,0
BRDA:430,25,1,1
BRF:56
BRH:46
end_of_record
TN:
SF:routes\newsAPI\newsApi.js
FN:9,(anonymous_0)
FN:33,(anonymous_1)
FN:43,(anonymous_2)
FNF:3
FNH:3
FNDA:5,(anonymous_0)
FNDA:77,(anonymous_1)
FNDA:77,(anonymous_2)
DA:1,1
DA:2,1
DA:4,1
DA:5,1
DA:7,1
DA:9,1
DA:10,5
DA:12,5
DA:18,1
DA:21,4
DA:22,4
DA:32,4
DA:33,77
DA:44,77
DA:52,4
DA:54,0
DA:55,0
DA:59,1
LF:18
LH:16
BRDA:12,0,0,1
BRDA:12,0,1,4
BRDA:13,1,0,5
BRDA:13,1,1,4
BRDA:13,1,2,3
BRDA:13,1,3,2
BRDA:45,2,0,77
BRDA:45,2,1,77
BRDA:45,2,2,75
BRDA:45,2,3,75
BRF:10
BRH:10
end_of_record
TN:
SF:routes\userRoute\userRoute.js
FN:13,(anonymous_0)
FN:50,(anonymous_1)
FN:68,(anonymous_2)
FN:82,(anonymous_3)
FN:107,(anonymous_4)
FN:142,(anonymous_5)
FN:162,(anonymous_6)
FN:211,deleteUserArticles
FNF:8
FNH:8
FNDA:2,(anonymous_0)
FNDA:1,(anonymous_1)
FNDA:1,(anonymous_2)
FNDA:4,(anonymous_3)
FNDA:3,(anonymous_4)
FNDA:4,(anonymous_5)
FNDA:3,(anonymous_6)
FNDA:2,deleteUserArticles
DA:1,2
DA:3,2
DA:4,2
DA:5,2
DA:6,2
DA:8,2
DA:9,2
DA:11,2
DA:13,2
DA:14,2
DA:15,2
DA:16,2
DA:17,1
DA:22,1
DA:23,1
DA:25,1
DA:27,1
DA:28,0
DA:32,1
DA:33,1
DA:45,0
DA:46,0
DA:50,2
DA:51,1
DA:52,1
DA:53,1
DA:55,1
DA:57,1
DA:59,1
DA:63,0
DA:64,0
DA:68,2
DA:69,1
DA:70,1
DA:71,1
DA:73,1
DA:75,1
DA:77,0
DA:78,0
DA:82,2
DA:83,4
DA:85,4
DA:87,4
DA:88,1
DA:93,3
DA:94,3
DA:95,3
DA:96,3
DA:98,3
DA:99,0
DA:104,3
DA:108,3
DA:109,0
DA:110,0
DA:112,3
DA:113,2
DA:114,2
DA:118,2
DA:121,2
DA:122,2
DA:127,1
DA:128,1
DA:135,0
DA:136,0
DA:142,2
DA:143,4
DA:145,4
DA:147,4
DA:148,1
DA:153,3
DA:154,3
DA:155,3
DA:156,3
DA:158,3
DA:159,0
DA:162,3
DA:163,3
DA:164,0
DA:165,0
DA:167,3
DA:168,2
DA:169,2
DA:170,2
DA:172,2
DA:174,2
DA:175,0
DA:181,2
DA:186,0
DA:192,0
DA:193,0
DA:199,1
DA:200,1
DA:206,0
DA:207,0
DA:212,2
DA:213,2
DA:214,2
DA:215,1
DA:216,1
DA:218,1
DA:219,1
DA:220,0
DA:221,0
DA:223,1
DA:225,0
DA:226,0
DA:228,1
DA:231,2
LF:108
LH:83
BRDA:16,0,0,1
BRDA:16,0,1,1
BRDA:27,1,0,0
BRDA:27,1,1,1
BRDA:87,2,0,1
BRDA:87,2,1,3
BRDA:98,3,0,0
BRDA:98,3,1,3
BRDA:108,4,0,0
BRDA:108,4,1,3
BRDA:112,5,0,2
BRDA:112,5,1,1
BRDA:147,6,0,1
BRDA:147,6,1,3
BRDA:158,7,0,0
BRDA:158,7,1,3
BRDA:163,8,0,0
BRDA:163,8,1,3
BRDA:167,9,0,2
BRDA:167,9,1,1
BRDA:170,10,0,2
BRDA:170,10,1,0
BRDA:174,11,0,0
BRDA:174,11,1,2
BRDA:214,12,0,1
BRDA:214,12,1,1
BRDA:219,13,0,0
BRDA:219,13,1,1
BRF:28
BRH:20
end_of_record
TN:
SF:validations\regAndLog.js
FN:8,(anonymous_0)
FNF:1
FNH:1
FNDA:5,(anonymous_0)
DA:2,3
DA:4,3
DA:9,5
DA:10,0
DA:12,5
DA:16,3
LF:6
LH:5
BRDA:9,0,0,0
BRDA:9,0,1,5
BRF:2
BRH:1
end_of_record
