<?xml version="1.0" encoding="UTF-8"?>
<coverage generated="1730299948466" clover="3.2.0">
  <project timestamp="1730299948466" name="All files">
    <metrics statements="128" coveredstatements="112" conditionals="48" coveredconditionals="37" methods="29" coveredmethods="28" elements="205" coveredelements="177" complexity="0" loc="128" ncloc="128" packages="9" files="16" classes="16"/>
    <package name="cypress.support">
      <metrics statements="1" coveredstatements="1" conditionals="0" coveredconditionals="0" methods="0" coveredmethods="0"/>
      <file name="commands.js" path="D:\webproject\some_news_project\cypress\support\commands.js">
        <metrics statements="0" coveredstatements="0" conditionals="0" coveredconditionals="0" methods="0" coveredmethods="0"/>
      </file>
      <file name="component.js" path="D:\webproject\some_news_project\cypress\support\component.js">
        <metrics statements="1" coveredstatements="1" conditionals="0" coveredconditionals="0" methods="0" coveredmethods="0"/>
        <line num="24" count="70" type="stmt"/>
      </file>
    </package>
    <package name="src.components">
      <metrics statements="0" coveredstatements="0" conditionals="0" coveredconditionals="0" methods="0" coveredmethods="0"/>
      <file name="index.js" path="D:\webproject\some_news_project\src\components\index.js">
        <metrics statements="0" coveredstatements="0" conditionals="0" coveredconditionals="0" methods="0" coveredmethods="0"/>
      </file>
    </package>
    <package name="src.components.footer">
      <metrics statements="1" coveredstatements="1" conditionals="0" coveredconditionals="0" methods="1" coveredmethods="1"/>
      <file name="Footer.jsx" path="D:\webproject\some_news_project\src\components\footer\Footer.jsx">
        <metrics statements="1" coveredstatements="1" conditionals="0" coveredconditionals="0" methods="1" coveredmethods="1"/>
        <line num="7" count="56" type="stmt"/>
      </file>
    </package>
    <package name="src.components.header">
      <metrics statements="1" coveredstatements="1" conditionals="0" coveredconditionals="0" methods="1" coveredmethods="1"/>
      <file name="Header.jsx" path="D:\webproject\some_news_project\src\components\header\Header.jsx">
        <metrics statements="1" coveredstatements="1" conditionals="0" coveredconditionals="0" methods="1" coveredmethods="1"/>
        <line num="10" count="62" type="stmt"/>
      </file>
    </package>
    <package name="src.components.navbar">
      <metrics statements="16" coveredstatements="16" conditionals="18" coveredconditionals="18" methods="4" coveredmethods="4"/>
      <file name="Navbar.jsx" path="D:\webproject\some_news_project\src\components\navbar\Navbar.jsx">
        <metrics statements="16" coveredstatements="16" conditionals="18" coveredconditionals="18" methods="4" coveredmethods="4"/>
        <line num="12" count="404" type="stmt"/>
        <line num="13" count="404" type="stmt"/>
        <line num="15" count="404" type="stmt"/>
        <line num="17" count="404" type="stmt"/>
        <line num="18" count="404" type="stmt"/>
        <line num="19" count="404" type="stmt"/>
        <line num="21" count="404" type="stmt"/>
        <line num="22" count="60" type="stmt"/>
        <line num="25" count="404" type="stmt"/>
        <line num="26" count="28" type="stmt"/>
        <line num="27" count="28" type="stmt"/>
        <line num="28" count="28" type="stmt"/>
        <line num="29" count="28" type="stmt"/>
        <line num="33" count="404" type="cond" truecount="2" falsecount="0"/>
        <line num="34" count="388" type="stmt"/>
        <line num="58" count="404" type="stmt"/>
      </file>
    </package>
    <package name="src.components.newsPages">
      <metrics statements="9" coveredstatements="9" conditionals="16" coveredconditionals="10" methods="2" coveredmethods="2"/>
      <file name="NewsPages.jsx" path="D:\webproject\some_news_project\src\components\newsPages\NewsPages.jsx">
        <metrics statements="9" coveredstatements="9" conditionals="16" coveredconditionals="10" methods="2" coveredmethods="2"/>
        <line num="14" count="70" type="stmt"/>
        <line num="19" count="50" type="stmt"/>
        <line num="21" count="50" type="stmt"/>
        <line num="23" count="50" type="stmt"/>
        <line num="25" count="50" type="cond" truecount="2" falsecount="0"/>
        <line num="26" count="10" type="cond" truecount="1" falsecount="1"/>
        <line num="28" count="10" type="stmt"/>
        <line num="34" count="200" type="cond" truecount="1" falsecount="1"/>
        <line num="36" count="200" type="cond" truecount="2" falsecount="0"/>
      </file>
    </package>
    <package name="src.contexts">
      <metrics statements="46" coveredstatements="45" conditionals="0" coveredconditionals="0" methods="10" coveredmethods="9"/>
      <file name="AuthContext.js" path="D:\webproject\some_news_project\src\contexts\AuthContext.js">
        <metrics statements="13" coveredstatements="13" conditionals="0" coveredconditionals="0" methods="3" coveredmethods="3"/>
        <line num="4" count="70" type="stmt"/>
        <line num="6" count="70" type="stmt"/>
        <line num="7" count="910" type="stmt"/>
        <line num="10" count="70" type="stmt"/>
        <line num="11" count="228" type="stmt"/>
        <line num="17" count="228" type="stmt"/>
        <line num="18" count="228" type="stmt"/>
        <line num="20" count="228" type="stmt"/>
        <line num="21" count="28" type="stmt"/>
        <line num="22" count="28" type="stmt"/>
        <line num="23" count="28" type="stmt"/>
        <line num="26" count="228" type="stmt"/>
        <line num="33" count="70" type="stmt"/>
      </file>
      <file name="CommunityContext.js" path="D:\webproject\some_news_project\src\contexts\CommunityContext.js">
        <metrics statements="10" coveredstatements="9" conditionals="0" coveredconditionals="0" methods="2" coveredmethods="1"/>
        <line num="6" count="70" type="stmt"/>
        <line num="8" count="70" type="stmt"/>
        <line num="9" count="0" type="stmt"/>
        <line num="12" count="70" type="stmt"/>
        <line num="13" count="228" type="stmt"/>
        <line num="14" count="228" type="stmt"/>
        <line num="15" count="228" type="stmt"/>
        <line num="16" count="228" type="stmt"/>
        <line num="18" count="228" type="stmt"/>
        <line num="36" count="70" type="stmt"/>
      </file>
      <file name="NewsApiContext.js" path="D:\webproject\some_news_project\src\contexts\NewsApiContext.js">
        <metrics statements="10" coveredstatements="10" conditionals="0" coveredconditionals="0" methods="2" coveredmethods="2"/>
        <line num="4" count="70" type="stmt"/>
        <line num="6" count="70" type="stmt"/>
        <line num="7" count="100" type="stmt"/>
        <line num="10" count="70" type="stmt"/>
        <line num="11" count="200" type="stmt"/>
        <line num="12" count="200" type="stmt"/>
        <line num="13" count="200" type="stmt"/>
        <line num="14" count="200" type="stmt"/>
        <line num="16" count="200" type="stmt"/>
        <line num="23" count="70" type="stmt"/>
      </file>
      <file name="UserArticlesContext.js" path="D:\webproject\some_news_project\src\contexts\UserArticlesContext.js">
        <metrics statements="13" coveredstatements="13" conditionals="0" coveredconditionals="0" methods="3" coveredmethods="3"/>
        <line num="6" count="70" type="stmt"/>
        <line num="8" count="70" type="stmt"/>
        <line num="9" count="404" type="stmt"/>
        <line num="12" count="70" type="stmt"/>
        <line num="13" count="228" type="stmt"/>
        <line num="14" count="228" type="stmt"/>
        <line num="15" count="228" type="stmt"/>
        <line num="16" count="228" type="stmt"/>
        <line num="18" count="228" type="stmt"/>
        <line num="19" count="28" type="stmt"/>
        <line num="20" count="28" type="stmt"/>
        <line num="23" count="228" type="stmt"/>
        <line num="42" count="70" type="stmt"/>
      </file>
    </package>
    <package name="src.hooks">
      <metrics statements="33" coveredstatements="28" conditionals="10" coveredconditionals="8" methods="8" coveredmethods="8"/>
      <file name="useAuthentication.js" path="D:\webproject\some_news_project\src\hooks\useAuthentication.js">
        <metrics statements="15" coveredstatements="13" conditionals="4" coveredconditionals="3" methods="3" coveredmethods="3"/>
        <line num="7" count="70" type="stmt"/>
        <line num="8" count="50" type="stmt"/>
        <line num="9" count="50" type="stmt"/>
        <line num="11" count="50" type="stmt"/>
        <line num="12" count="10" type="cond" truecount="3" falsecount="1"/>
        <line num="13" count="10" type="stmt"/>
        <line num="14" count="10" type="stmt"/>
        <line num="15" count="10" type="stmt"/>
        <line num="16" count="0" type="stmt"/>
        <line num="17" count="0" type="stmt"/>
        <line num="19" count="10" type="stmt"/>
        <line num="21" count="10" type="stmt"/>
        <line num="26" count="50" type="stmt"/>
        <line num="27" count="10" type="stmt"/>
        <line num="28" count="10" type="stmt"/>
      </file>
      <file name="useFetchNews.js" path="D:\webproject\some_news_project\src\hooks\useFetchNews.js">
        <metrics statements="14" coveredstatements="11" conditionals="4" coveredconditionals="4" methods="3" coveredmethods="3"/>
        <line num="7" count="50" type="stmt"/>
        <line num="9" count="50" type="stmt"/>
        <line num="10" count="20" type="cond" truecount="4" falsecount="0"/>
        <line num="11" count="10" type="stmt"/>
        <line num="12" count="10" type="stmt"/>
        <line num="13" count="10" type="stmt"/>
        <line num="15" count="10" type="stmt"/>
        <line num="16" count="10" type="stmt"/>
        <line num="17" count="10" type="stmt"/>
        <line num="19" count="0" type="stmt"/>
        <line num="20" count="0" type="stmt"/>
        <line num="21" count="0" type="stmt"/>
        <line num="26" count="50" type="stmt"/>
        <line num="27" count="20" type="stmt"/>
      </file>
      <file name="useIsAuthenticated.js" path="D:\webproject\some_news_project\src\hooks\useIsAuthenticated.js">
        <metrics statements="4" coveredstatements="4" conditionals="2" coveredconditionals="1" methods="2" coveredmethods="2"/>
        <line num="7" count="50" type="stmt"/>
        <line num="9" count="50" type="stmt"/>
        <line num="10" count="20" type="cond" truecount="1" falsecount="1"/>
        <line num="11" count="20" type="stmt"/>
      </file>
    </package>
    <package name="src.utils">
      <metrics statements="21" coveredstatements="11" conditionals="4" coveredconditionals="1" methods="3" coveredmethods="3"/>
      <file name="auth.js" path="D:\webproject\some_news_project\src\utils\auth.js">
        <metrics statements="15" coveredstatements="6" conditionals="4" coveredconditionals="1" methods="2" coveredmethods="2"/>
        <line num="3" count="70" type="stmt"/>
        <line num="4" count="20" type="stmt"/>
        <line num="5" count="20" type="cond" truecount="1" falsecount="1"/>
        <line num="6" count="20" type="stmt"/>
        <line num="9" count="0" type="stmt"/>
        <line num="10" count="0" type="stmt"/>
        <line num="11" count="0" type="stmt"/>
        <line num="13" count="0" type="cond" truecount="0" falsecount="2"/>
        <line num="14" count="0" type="stmt"/>
        <line num="15" count="0" type="stmt"/>
        <line num="18" count="0" type="stmt"/>
        <line num="20" count="0" type="stmt"/>
        <line num="21" count="0" type="stmt"/>
        <line num="25" count="70" type="stmt"/>
        <line num="26" count="28" type="stmt"/>
      </file>
      <file name="userService.js" path="D:\webproject\some_news_project\src\utils\userService.js">
        <metrics statements="6" coveredstatements="5" conditionals="0" coveredconditionals="0" methods="1" coveredmethods="1"/>
        <line num="3" count="70" type="stmt"/>
        <line num="4" count="10" type="stmt"/>
        <line num="5" count="10" type="stmt"/>
        <line num="10" count="0" type="stmt"/>
        <line num="12" count="10" type="stmt"/>
        <line num="13" count="10" type="stmt"/>
      </file>
    </package>
  </project>
</coverage>
