{
    "D:\\webproject\\some_news_project\\src\\App.js": {
        "path": "D:\\webproject\\some_news_project\\src\\App.js",
        "statementMap": {
            "0": { "start": { "line": 18, "column": 15 }, "end": { "line": 84, "column": 2 } },
            "1": { "start": { "line": 87, "column": 4 }, "end": { "line": 91, "column": 6 } }
        },
        "fnMap": {
            "0": {
                "name": "App",
                "decl": { "start": { "line": 86, "column": 9 }, "end": { "line": 86, "column": 12 } },
                "loc": { "start": { "line": 86, "column": 15 }, "end": { "line": 92, "column": 1 } },
                "line": 86
            }
        },
        "branchMap": {},
        "s": { "0": 40, "1": 83 },
        "f": { "0": 83 },
        "b": {},
        "_coverageSchema": "1a1c01bbd47fc00a2c39e90264f33305004495a9",
        "hash": "117be24a1cd31122314ede6b7338cd39420cc7dd"
    },
    "D:\\webproject\\some_news_project\\src\\Providers.js": {
        "path": "D:\\webproject\\some_news_project\\src\\Providers.js",
        "statementMap": {
            "0": { "start": { "line": 10, "column": 4 }, "end": { "line": 18, "column": 6 } },
            "1": { "start": { "line": 21, "column": 0 }, "end": { "line": 23, "column": 2 } }
        },
        "fnMap": {
            "0": {
                "name": "Providers",
                "decl": { "start": { "line": 9, "column": 16 }, "end": { "line": 9, "column": 25 } },
                "loc": { "start": { "line": 9, "column": 40 }, "end": { "line": 19, "column": 1 } },
                "line": 9
            }
        },
        "branchMap": {},
        "s": { "0": 80, "1": 40 },
        "f": { "0": 80 },
        "b": {},
        "_coverageSchema": "1a1c01bbd47fc00a2c39e90264f33305004495a9",
        "hash": "faeb09953344a6a11e7a0319e0b5e7fa26ce5731"
    },
    "D:\\webproject\\some_news_project\\src\\index.js": {
        "path": "D:\\webproject\\some_news_project\\src\\index.js",
        "statementMap": { "0": { "start": { "line": 8, "column": 0 }, "end": { "line": 12, "column": 2 } } },
        "fnMap": {},
        "branchMap": {},
        "s": { "0": 40 },
        "f": {},
        "b": {},
        "_coverageSchema": "1a1c01bbd47fc00a2c39e90264f33305004495a9",
        "hash": "9b7d90353a4ac89dd6246576c9d8a9efb92a0b9d"
    },
    "D:\\webproject\\some_news_project\\src\\components\\index.js": {
        "path": "D:\\webproject\\some_news_project\\src\\components\\index.js",
        "statementMap": {},
        "fnMap": {},
        "branchMap": {},
        "s": {},
        "f": {},
        "b": {},
        "_coverageSchema": "1a1c01bbd47fc00a2c39e90264f33305004495a9",
        "hash": "f05fa117af906cad8ec1f189ef2a925f6644c994"
    },
    "D:\\webproject\\some_news_project\\src\\components\\footer\\Footer.jsx": {
        "path": "D:\\webproject\\some_news_project\\src\\components\\footer\\Footer.jsx",
        "statementMap": { "0": { "start": { "line": 7, "column": 4 }, "end": { "line": 31, "column": 6 } } },
        "fnMap": {
            "0": {
                "name": "Footer",
                "decl": { "start": { "line": 6, "column": 9 }, "end": { "line": 6, "column": 15 } },
                "loc": { "start": { "line": 6, "column": 18 }, "end": { "line": 32, "column": 1 } },
                "line": 6
            }
        },
        "branchMap": {},
        "s": { "0": 3150 },
        "f": { "0": 3150 },
        "b": {},
        "_coverageSchema": "1a1c01bbd47fc00a2c39e90264f33305004495a9",
        "hash": "73defe4d694f7c530b59455f6215b32116e9b06a"
    },
    "D:\\webproject\\some_news_project\\src\\components\\header\\Header.jsx": {
        "path": "D:\\webproject\\some_news_project\\src\\components\\header\\Header.jsx",
        "statementMap": { "0": { "start": { "line": 10, "column": 4 }, "end": { "line": 21, "column": 6 } } },
        "fnMap": {
            "0": {
                "name": "Header",
                "decl": { "start": { "line": 9, "column": 9 }, "end": { "line": 9, "column": 15 } },
                "loc": { "start": { "line": 9, "column": 18 }, "end": { "line": 22, "column": 1 } },
                "line": 9
            }
        },
        "branchMap": {},
        "s": { "0": 3150 },
        "f": { "0": 3150 },
        "b": {},
        "_coverageSchema": "1a1c01bbd47fc00a2c39e90264f33305004495a9",
        "hash": "4ed4470f936e55a7a3fd4c70f7443a9a6ecd23e8"
    },
    "D:\\webproject\\some_news_project\\src\\components\\navbar\\Navbar.jsx": {
        "path": "D:\\webproject\\some_news_project\\src\\components\\navbar\\Navbar.jsx",
        "statementMap": {
            "0": { "start": { "line": 12, "column": 33 }, "end": { "line": 12, "column": 49 } },
            "1": { "start": { "line": 13, "column": 31 }, "end": { "line": 13, "column": 55 } },
            "2": { "start": { "line": 15, "column": 44 }, "end": { "line": 15, "column": 59 } },
            "3": { "start": { "line": 17, "column": 21 }, "end": { "line": 17, "column": 34 } },
            "4": { "start": { "line": 18, "column": 24 }, "end": { "line": 18, "column": 41 } },
            "5": { "start": { "line": 19, "column": 21 }, "end": { "line": 19, "column": 34 } },
            "6": { "start": { "line": 21, "column": 27 }, "end": { "line": 23, "column": 5 } },
            "7": { "start": { "line": 22, "column": 8 }, "end": { "line": 22, "column": 39 } },
            "8": { "start": { "line": 25, "column": 23 }, "end": { "line": 30, "column": 5 } },
            "9": { "start": { "line": 26, "column": 8 }, "end": { "line": 26, "column": 17 } },
            "10": { "start": { "line": 27, "column": 8 }, "end": { "line": 27, "column": 21 } },
            "11": { "start": { "line": 28, "column": 8 }, "end": { "line": 28, "column": 25 } },
            "12": { "start": { "line": 29, "column": 8 }, "end": { "line": 29, "column": 27 } },
            "13": { "start": { "line": 33, "column": 8 }, "end": { "line": 55, "column": 9 } },
            "14": { "start": { "line": 34, "column": 12 }, "end": { "line": 54, "column": 14 } },
            "15": { "start": { "line": 58, "column": 4 }, "end": { "line": 80, "column": 6 } }
        },
        "fnMap": {
            "0": {
                "name": "Navbar",
                "decl": { "start": { "line": 11, "column": 9 }, "end": { "line": 11, "column": 15 } },
                "loc": { "start": { "line": 11, "column": 18 }, "end": { "line": 81, "column": 1 } },
                "line": 11
            },
            "1": {
                "name": "(anonymous_1)",
                "decl": { "start": { "line": 21, "column": 27 }, "end": { "line": 21, "column": 28 } },
                "loc": { "start": { "line": 21, "column": 33 }, "end": { "line": 23, "column": 5 } },
                "line": 21
            },
            "2": {
                "name": "(anonymous_2)",
                "decl": { "start": { "line": 25, "column": 23 }, "end": { "line": 25, "column": 24 } },
                "loc": { "start": { "line": 25, "column": 29 }, "end": { "line": 30, "column": 5 } },
                "line": 25
            },
            "3": {
                "name": "checkpath",
                "decl": { "start": { "line": 32, "column": 13 }, "end": { "line": 32, "column": 22 } },
                "loc": { "start": { "line": 32, "column": 25 }, "end": { "line": 56, "column": 5 } },
                "line": 32
            }
        },
        "branchMap": {
            "0": {
                "loc": { "start": { "line": 33, "column": 8 }, "end": { "line": 55, "column": 9 } },
                "type": "if",
                "locations": [
                    { "start": { "line": 33, "column": 8 }, "end": { "line": 55, "column": 9 } },
                    { "start": {}, "end": {} }
                ],
                "line": 33
            },
            "1": {
                "loc": { "start": { "line": 37, "column": 60 }, "end": { "line": 37, "column": 97 } },
                "type": "binary-expr",
                "locations": [
                    { "start": { "line": 37, "column": 60 }, "end": { "line": 37, "column": 76 } },
                    { "start": { "line": 37, "column": 80 }, "end": { "line": 37, "column": 97 } }
                ],
                "line": 37
            },
            "2": {
                "loc": { "start": { "line": 39, "column": 21 }, "end": { "line": 52, "column": 21 } },
                "type": "binary-expr",
                "locations": [
                    { "start": { "line": 39, "column": 21 }, "end": { "line": 39, "column": 33 } },
                    { "start": { "line": 40, "column": 24 }, "end": { "line": 51, "column": 29 } }
                ],
                "line": 39
            },
            "3": {
                "loc": { "start": { "line": 61, "column": 35 }, "end": { "line": 61, "column": 103 } },
                "type": "cond-expr",
                "locations": [
                    { "start": { "line": 61, "column": 84 }, "end": { "line": 61, "column": 98 } },
                    { "start": { "line": 61, "column": 101 }, "end": { "line": 61, "column": 103 } }
                ],
                "line": 61
            },
            "4": {
                "loc": { "start": { "line": 61, "column": 35 }, "end": { "line": 61, "column": 81 } },
                "type": "binary-expr",
                "locations": [
                    { "start": { "line": 61, "column": 35 }, "end": { "line": 61, "column": 54 } },
                    { "start": { "line": 61, "column": 58 }, "end": { "line": 61, "column": 81 } }
                ],
                "line": 61
            },
            "5": {
                "loc": { "start": { "line": 66, "column": 37 }, "end": { "line": 66, "column": 82 } },
                "type": "cond-expr",
                "locations": [
                    { "start": { "line": 66, "column": 63 }, "end": { "line": 66, "column": 77 } },
                    { "start": { "line": 66, "column": 80 }, "end": { "line": 66, "column": 82 } }
                ],
                "line": 66
            },
            "6": {
                "loc": { "start": { "line": 69, "column": 37 }, "end": { "line": 69, "column": 83 } },
                "type": "cond-expr",
                "locations": [
                    { "start": { "line": 69, "column": 64 }, "end": { "line": 69, "column": 78 } },
                    { "start": { "line": 69, "column": 81 }, "end": { "line": 69, "column": 83 } }
                ],
                "line": 69
            },
            "7": {
                "loc": { "start": { "line": 72, "column": 37 }, "end": { "line": 72, "column": 85 } },
                "type": "cond-expr",
                "locations": [
                    { "start": { "line": 72, "column": 66 }, "end": { "line": 72, "column": 80 } },
                    { "start": { "line": 72, "column": 83 }, "end": { "line": 72, "column": 85 } }
                ],
                "line": 72
            },
            "8": {
                "loc": { "start": { "line": 75, "column": 37 }, "end": { "line": 75, "column": 87 } },
                "type": "cond-expr",
                "locations": [
                    { "start": { "line": 75, "column": 68 }, "end": { "line": 75, "column": 82 } },
                    { "start": { "line": 75, "column": 85 }, "end": { "line": 75, "column": 87 } }
                ],
                "line": 75
            }
        },
        "s": {
            "0": 3174,
            "1": 3174,
            "2": 3174,
            "3": 3174,
            "4": 3174,
            "5": 3174,
            "6": 3174,
            "7": 12,
            "8": 3174,
            "9": 1,
            "10": 1,
            "11": 1,
            "12": 1,
            "13": 3174,
            "14": 2758,
            "15": 3174
        },
        "f": { "0": 3174, "1": 12, "2": 1, "3": 3174 },
        "b": {
            "0": [2758, 416],
            "1": [2758, 2758],
            "2": [2758, 50],
            "3": [106, 3068],
            "4": [3174, 3174],
            "5": [6, 3168],
            "6": [4, 3170],
            "7": [6, 3168],
            "8": [24, 3150]
        },
        "_coverageSchema": "1a1c01bbd47fc00a2c39e90264f33305004495a9",
        "hash": "64a81f322287784291819162d96bcb63f46ae780"
    },
    "D:\\webproject\\some_news_project\\src\\components\\newsPages\\NewsPages.jsx": {
        "path": "D:\\webproject\\some_news_project\\src\\components\\newsPages\\NewsPages.jsx",
        "statementMap": {
            "0": { "start": { "line": 14, "column": 0 }, "end": { "line": 16, "column": 2 } },
            "1": { "start": { "line": 19, "column": 4 }, "end": { "line": 19, "column": 24 } },
            "2": { "start": { "line": 21, "column": 4 }, "end": { "line": 21, "column": 31 } },
            "3": { "start": { "line": 23, "column": 37 }, "end": { "line": 23, "column": 56 } },
            "4": { "start": { "line": 25, "column": 4 }, "end": { "line": 25, "column": 96 } },
            "5": { "start": { "line": 25, "column": 17 }, "end": { "line": 25, "column": 96 } },
            "6": { "start": { "line": 26, "column": 4 }, "end": { "line": 26, "column": 65 } },
            "7": { "start": { "line": 26, "column": 15 }, "end": { "line": 26, "column": 65 } },
            "8": { "start": { "line": 28, "column": 4 }, "end": { "line": 81, "column": 6 } },
            "9": { "start": { "line": 34, "column": 42 }, "end": { "line": 34, "column": 80 } },
            "10": { "start": { "line": 36, "column": 24 }, "end": { "line": 75, "column": 26 } }
        },
        "fnMap": {
            "0": {
                "name": "NewsPages",
                "decl": { "start": { "line": 18, "column": 9 }, "end": { "line": 18, "column": 18 } },
                "loc": { "start": { "line": 18, "column": 33 }, "end": { "line": 82, "column": 1 } },
                "line": 18
            },
            "1": {
                "name": "(anonymous_1)",
                "decl": { "start": { "line": 33, "column": 30 }, "end": { "line": 33, "column": 31 } },
                "loc": { "start": { "line": 33, "column": 50 }, "end": { "line": 76, "column": 21 } },
                "line": 33
            }
        },
        "branchMap": {
            "0": {
                "loc": { "start": { "line": 25, "column": 4 }, "end": { "line": 25, "column": 96 } },
                "type": "if",
                "locations": [
                    { "start": { "line": 25, "column": 4 }, "end": { "line": 25, "column": 96 } },
                    { "start": {}, "end": {} }
                ],
                "line": 25
            },
            "1": {
                "loc": { "start": { "line": 26, "column": 4 }, "end": { "line": 26, "column": 65 } },
                "type": "if",
                "locations": [
                    { "start": { "line": 26, "column": 4 }, "end": { "line": 26, "column": 65 } },
                    { "start": {}, "end": {} }
                ],
                "line": 26
            },
            "2": {
                "loc": { "start": { "line": 34, "column": 42 }, "end": { "line": 34, "column": 80 } },
                "type": "cond-expr",
                "locations": [
                    { "start": { "line": 34, "column": 56 }, "end": { "line": 34, "column": 67 } },
                    { "start": { "line": 34, "column": 70 }, "end": { "line": 34, "column": 80 } }
                ],
                "line": 34
            },
            "3": {
                "loc": { "start": { "line": 36, "column": 31 }, "end": { "line": 75, "column": 25 } },
                "type": "cond-expr",
                "locations": [
                    { "start": { "line": 37, "column": 28 }, "end": { "line": 58, "column": 33 } },
                    { "start": { "line": 60, "column": 28 }, "end": { "line": 74, "column": 33 } }
                ],
                "line": 36
            },
            "4": {
                "loc": { "start": { "line": 40, "column": 68 }, "end": { "line": 40, "column": 119 } },
                "type": "cond-expr",
                "locations": [
                    { "start": { "line": 40, "column": 95 }, "end": { "line": 40, "column": 114 } },
                    { "start": { "line": 40, "column": 117 }, "end": { "line": 40, "column": 119 } }
                ],
                "line": 40
            },
            "5": {
                "loc": { "start": { "line": 41, "column": 45 }, "end": { "line": 41, "column": 70 } },
                "type": "binary-expr",
                "locations": [
                    { "start": { "line": 41, "column": 45 }, "end": { "line": 41, "column": 56 } },
                    { "start": { "line": 41, "column": 60 }, "end": { "line": 41, "column": 70 } }
                ],
                "line": 41
            },
            "6": {
                "loc": { "start": { "line": 70, "column": 64 }, "end": { "line": 70, "column": 115 } },
                "type": "cond-expr",
                "locations": [
                    { "start": { "line": 70, "column": 91 }, "end": { "line": 70, "column": 110 } },
                    { "start": { "line": 70, "column": 113 }, "end": { "line": 70, "column": 115 } }
                ],
                "line": 70
            },
            "7": {
                "loc": { "start": { "line": 71, "column": 41 }, "end": { "line": 71, "column": 66 } },
                "type": "binary-expr",
                "locations": [
                    { "start": { "line": 71, "column": 41 }, "end": { "line": 71, "column": 52 } },
                    { "start": { "line": 71, "column": 56 }, "end": { "line": 71, "column": 66 } }
                ],
                "line": 71
            }
        },
        "s": {
            "0": 40,
            "1": 276,
            "2": 276,
            "3": 276,
            "4": 276,
            "5": 178,
            "6": 98,
            "7": 0,
            "8": 98,
            "9": 1514,
            "10": 1514
        },
        "f": { "0": 276, "1": 1514 },
        "b": {
            "0": [178, 98],
            "1": [0, 98],
            "2": [1514, 0],
            "3": [98, 1416],
            "4": [0, 98],
            "5": [98, 0],
            "6": [0, 1416],
            "7": [1416, 0]
        },
        "_coverageSchema": "1a1c01bbd47fc00a2c39e90264f33305004495a9",
        "hash": "4064eefa6fe60860e7703ff73405744a382f11b1"
    },
    "D:\\webproject\\some_news_project\\src\\contexts\\AuthContext.js": {
        "path": "D:\\webproject\\some_news_project\\src\\contexts\\AuthContext.js",
        "statementMap": {
            "0": { "start": { "line": 4, "column": 20 }, "end": { "line": 4, "column": 35 } },
            "1": { "start": { "line": 6, "column": 30 }, "end": { "line": 8, "column": 1 } },
            "2": { "start": { "line": 7, "column": 4 }, "end": { "line": 7, "column": 35 } },
            "3": { "start": { "line": 10, "column": 28 }, "end": { "line": 31, "column": 1 } },
            "4": { "start": { "line": 11, "column": 28 }, "end": { "line": 16, "column": 6 } },
            "5": { "start": { "line": 17, "column": 34 }, "end": { "line": 17, "column": 48 } },
            "6": { "start": { "line": 18, "column": 30 }, "end": { "line": 18, "column": 42 } },
            "7": { "start": { "line": 20, "column": 23 }, "end": { "line": 24, "column": 5 } },
            "8": { "start": { "line": 21, "column": 8 }, "end": { "line": 21, "column": 22 } },
            "9": { "start": { "line": 22, "column": 8 }, "end": { "line": 22, "column": 25 } },
            "10": { "start": { "line": 23, "column": 8 }, "end": { "line": 23, "column": 21 } },
            "11": { "start": { "line": 26, "column": 4 }, "end": { "line": 30, "column": 6 } },
            "12": { "start": { "line": 33, "column": 0 }, "end": { "line": 35, "column": 2 } }
        },
        "fnMap": {
            "0": {
                "name": "(anonymous_0)",
                "decl": { "start": { "line": 6, "column": 30 }, "end": { "line": 6, "column": 31 } },
                "loc": { "start": { "line": 6, "column": 36 }, "end": { "line": 8, "column": 1 } },
                "line": 6
            },
            "1": {
                "name": "(anonymous_1)",
                "decl": { "start": { "line": 10, "column": 28 }, "end": { "line": 10, "column": 29 } },
                "loc": { "start": { "line": 10, "column": 46 }, "end": { "line": 31, "column": 1 } },
                "line": 10
            },
            "2": {
                "name": "(anonymous_2)",
                "decl": { "start": { "line": 20, "column": 23 }, "end": { "line": 20, "column": 24 } },
                "loc": { "start": { "line": 20, "column": 29 }, "end": { "line": 24, "column": 5 } },
                "line": 20
            }
        },
        "branchMap": {},
        "s": {
            "0": 40,
            "1": 40,
            "2": 10228,
            "3": 40,
            "4": 264,
            "5": 264,
            "6": 264,
            "7": 264,
            "8": 3,
            "9": 3,
            "10": 3,
            "11": 264,
            "12": 40
        },
        "f": { "0": 10228, "1": 264, "2": 3 },
        "b": {},
        "_coverageSchema": "1a1c01bbd47fc00a2c39e90264f33305004495a9",
        "hash": "2b038a1b17554337f5247bc8551442f4f0cccdba"
    },
    "D:\\webproject\\some_news_project\\src\\contexts\\CommunityContext.js": {
        "path": "D:\\webproject\\some_news_project\\src\\contexts\\CommunityContext.js",
        "statementMap": {
            "0": { "start": { "line": 6, "column": 25 }, "end": { "line": 6, "column": 40 } },
            "1": { "start": { "line": 8, "column": 35 }, "end": { "line": 10, "column": 1 } },
            "2": { "start": { "line": 9, "column": 4 }, "end": { "line": 9, "column": 40 } },
            "3": { "start": { "line": 12, "column": 33 }, "end": { "line": 34, "column": 1 } },
            "4": { "start": { "line": 13, "column": 54 }, "end": { "line": 13, "column": 66 } },
            "5": { "start": { "line": 14, "column": 34 }, "end": { "line": 14, "column": 49 } },
            "6": { "start": { "line": 15, "column": 50 }, "end": { "line": 15, "column": 65 } },
            "7": { "start": { "line": 16, "column": 32 }, "end": { "line": 16, "column": 48 } },
            "8": { "start": { "line": 18, "column": 4 }, "end": { "line": 33, "column": 6 } },
            "9": { "start": { "line": 36, "column": 0 }, "end": { "line": 38, "column": 2 } }
        },
        "fnMap": {
            "0": {
                "name": "(anonymous_0)",
                "decl": { "start": { "line": 8, "column": 35 }, "end": { "line": 8, "column": 36 } },
                "loc": { "start": { "line": 8, "column": 41 }, "end": { "line": 10, "column": 1 } },
                "line": 8
            },
            "1": {
                "name": "(anonymous_1)",
                "decl": { "start": { "line": 12, "column": 33 }, "end": { "line": 12, "column": 34 } },
                "loc": { "start": { "line": 12, "column": 51 }, "end": { "line": 34, "column": 1 } },
                "line": 12
            }
        },
        "branchMap": {},
        "s": { "0": 40, "1": 40, "2": 2708, "3": 40, "4": 286, "5": 286, "6": 286, "7": 286, "8": 286, "9": 40 },
        "f": { "0": 2708, "1": 286 },
        "b": {},
        "_coverageSchema": "1a1c01bbd47fc00a2c39e90264f33305004495a9",
        "hash": "c485dfee50390e46e6569979ea8c5d4341213f7c"
    },
    "D:\\webproject\\some_news_project\\src\\contexts\\NewsApiContext.js": {
        "path": "D:\\webproject\\some_news_project\\src\\contexts\\NewsApiContext.js",
        "statementMap": {
            "0": { "start": { "line": 4, "column": 23 }, "end": { "line": 4, "column": 38 } },
            "1": { "start": { "line": 6, "column": 33 }, "end": { "line": 8, "column": 1 } },
            "2": { "start": { "line": 7, "column": 4 }, "end": { "line": 7, "column": 38 } },
            "3": { "start": { "line": 10, "column": 31 }, "end": { "line": 21, "column": 1 } },
            "4": { "start": { "line": 11, "column": 30 }, "end": { "line": 11, "column": 46 } },
            "5": { "start": { "line": 12, "column": 28 }, "end": { "line": 12, "column": 40 } },
            "6": { "start": { "line": 13, "column": 34 }, "end": { "line": 13, "column": 48 } },
            "7": { "start": { "line": 14, "column": 30 }, "end": { "line": 14, "column": 44 } },
            "8": { "start": { "line": 16, "column": 4 }, "end": { "line": 20, "column": 6 } },
            "9": { "start": { "line": 23, "column": 0 }, "end": { "line": 25, "column": 2 } }
        },
        "fnMap": {
            "0": {
                "name": "(anonymous_0)",
                "decl": { "start": { "line": 6, "column": 33 }, "end": { "line": 6, "column": 34 } },
                "loc": { "start": { "line": 6, "column": 39 }, "end": { "line": 8, "column": 1 } },
                "line": 6
            },
            "1": {
                "name": "(anonymous_1)",
                "decl": { "start": { "line": 10, "column": 31 }, "end": { "line": 10, "column": 32 } },
                "loc": { "start": { "line": 10, "column": 49 }, "end": { "line": 21, "column": 1 } },
                "line": 10
            }
        },
        "branchMap": {},
        "s": { "0": 40, "1": 40, "2": 552, "3": 40, "4": 188, "5": 188, "6": 188, "7": 188, "8": 188, "9": 40 },
        "f": { "0": 552, "1": 188 },
        "b": {},
        "_coverageSchema": "1a1c01bbd47fc00a2c39e90264f33305004495a9",
        "hash": "9b7038dba8d79d0b5dce9623b635f792e29a5d1e"
    },
    "D:\\webproject\\some_news_project\\src\\contexts\\UserArticlesContext.js": {
        "path": "D:\\webproject\\some_news_project\\src\\contexts\\UserArticlesContext.js",
        "statementMap": {
            "0": { "start": { "line": 6, "column": 28 }, "end": { "line": 6, "column": 43 } },
            "1": { "start": { "line": 8, "column": 38 }, "end": { "line": 10, "column": 1 } },
            "2": { "start": { "line": 9, "column": 4 }, "end": { "line": 9, "column": 43 } },
            "3": { "start": { "line": 12, "column": 36 }, "end": { "line": 40, "column": 1 } },
            "4": { "start": { "line": 13, "column": 44 }, "end": { "line": 13, "column": 56 } },
            "5": { "start": { "line": 14, "column": 52 }, "end": { "line": 14, "column": 67 } },
            "6": { "start": { "line": 15, "column": 36 }, "end": { "line": 15, "column": 52 } },
            "7": { "start": { "line": 16, "column": 30 }, "end": { "line": 16, "column": 42 } },
            "8": { "start": { "line": 18, "column": 27 }, "end": { "line": 21, "column": 5 } },
            "9": { "start": { "line": 19, "column": 8 }, "end": { "line": 19, "column": 28 } },
            "10": { "start": { "line": 20, "column": 8 }, "end": { "line": 20, "column": 21 } },
            "11": { "start": { "line": 23, "column": 4 }, "end": { "line": 39, "column": 6 } },
            "12": { "start": { "line": 42, "column": 0 }, "end": { "line": 44, "column": 2 } }
        },
        "fnMap": {
            "0": {
                "name": "(anonymous_0)",
                "decl": { "start": { "line": 8, "column": 38 }, "end": { "line": 8, "column": 39 } },
                "loc": { "start": { "line": 8, "column": 44 }, "end": { "line": 10, "column": 1 } },
                "line": 8
            },
            "1": {
                "name": "(anonymous_1)",
                "decl": { "start": { "line": 12, "column": 36 }, "end": { "line": 12, "column": 37 } },
                "loc": { "start": { "line": 12, "column": 54 }, "end": { "line": 40, "column": 1 } },
                "line": 12
            },
            "2": {
                "name": "(anonymous_2)",
                "decl": { "start": { "line": 18, "column": 27 }, "end": { "line": 18, "column": 28 } },
                "loc": { "start": { "line": 18, "column": 33 }, "end": { "line": 21, "column": 5 } },
                "line": 18
            }
        },
        "branchMap": {},
        "s": {
            "0": 40,
            "1": 40,
            "2": 6230,
            "3": 40,
            "4": 266,
            "5": 266,
            "6": 266,
            "7": 266,
            "8": 266,
            "9": 3,
            "10": 3,
            "11": 266,
            "12": 40
        },
        "f": { "0": 6230, "1": 266, "2": 3 },
        "b": {},
        "_coverageSchema": "1a1c01bbd47fc00a2c39e90264f33305004495a9",
        "hash": "6cb906df4e82f496c332d6245635fc81154d1667"
    },
    "D:\\webproject\\some_news_project\\src\\hooks\\useAuthentication.js": {
        "path": "D:\\webproject\\some_news_project\\src\\hooks\\useAuthentication.js",
        "statementMap": {
            "0": { "start": { "line": 7, "column": 33 }, "end": { "line": 30, "column": 1 } },
            "1": { "start": { "line": 8, "column": 4 }, "end": { "line": 8, "column": 25 } },
            "2": { "start": { "line": 9, "column": 42 }, "end": { "line": 9, "column": 58 } },
            "3": { "start": { "line": 11, "column": 26 }, "end": { "line": 24, "column": 35 } },
            "4": { "start": { "line": 12, "column": 8 }, "end": { "line": 23, "column": 9 } },
            "5": { "start": { "line": 13, "column": 12 }, "end": { "line": 13, "column": 29 } },
            "6": { "start": { "line": 14, "column": 12 }, "end": { "line": 22, "column": 13 } },
            "7": { "start": { "line": 15, "column": 33 }, "end": { "line": 15, "column": 48 } },
            "8": { "start": { "line": 16, "column": 16 }, "end": { "line": 16, "column": 34 } },
            "9": { "start": { "line": 17, "column": 16 }, "end": { "line": 17, "column": 42 } },
            "10": { "start": { "line": 19, "column": 16 }, "end": { "line": 19, "column": 74 } },
            "11": { "start": { "line": 21, "column": 16 }, "end": { "line": 21, "column": 34 } },
            "12": { "start": { "line": 26, "column": 4 }, "end": { "line": 29, "column": 24 } },
            "13": { "start": { "line": 27, "column": 8 }, "end": { "line": 27, "column": 24 } },
            "14": { "start": { "line": 28, "column": 8 }, "end": { "line": 28, "column": 30 } }
        },
        "fnMap": {
            "0": {
                "name": "(anonymous_0)",
                "decl": { "start": { "line": 7, "column": 33 }, "end": { "line": 7, "column": 34 } },
                "loc": { "start": { "line": 7, "column": 39 }, "end": { "line": 30, "column": 1 } },
                "line": 7
            },
            "1": {
                "name": "(anonymous_1)",
                "decl": { "start": { "line": 11, "column": 38 }, "end": { "line": 11, "column": 39 } },
                "loc": { "start": { "line": 11, "column": 50 }, "end": { "line": 24, "column": 5 } },
                "line": 11
            },
            "2": {
                "name": "(anonymous_2)",
                "decl": { "start": { "line": 26, "column": 14 }, "end": { "line": 26, "column": 15 } },
                "loc": { "start": { "line": 26, "column": 20 }, "end": { "line": 29, "column": 5 } },
                "line": 26
            }
        },
        "branchMap": {
            "0": {
                "loc": { "start": { "line": 12, "column": 8 }, "end": { "line": 23, "column": 9 } },
                "type": "if",
                "locations": [
                    { "start": { "line": 12, "column": 8 }, "end": { "line": 23, "column": 9 } },
                    { "start": {}, "end": {} }
                ],
                "line": 12
            },
            "1": {
                "loc": { "start": { "line": 12, "column": 12 }, "end": { "line": 12, "column": 47 } },
                "type": "binary-expr",
                "locations": [
                    { "start": { "line": 12, "column": 12 }, "end": { "line": 12, "column": 17 } },
                    { "start": { "line": 12, "column": 21 }, "end": { "line": 12, "column": 47 } }
                ],
                "line": 12
            }
        },
        "s": {
            "0": 40,
            "1": 3369,
            "2": 3366,
            "3": 3366,
            "4": 205,
            "5": 76,
            "6": 76,
            "7": 76,
            "8": 61,
            "9": 61,
            "10": 2,
            "11": 63,
            "12": 3366,
            "13": 205,
            "14": 205
        },
        "f": { "0": 3369, "1": 205, "2": 205 },
        "b": { "0": [76, 129], "1": [205, 203] },
        "_coverageSchema": "1a1c01bbd47fc00a2c39e90264f33305004495a9",
        "hash": "fe63d9925661dddac4094dab787c97a8b34f473a"
    },
    "D:\\webproject\\some_news_project\\src\\hooks\\useFetchCommunityArticles.js": {
        "path": "D:\\webproject\\some_news_project\\src\\hooks\\useFetchCommunityArticles.js",
        "statementMap": {
            "0": { "start": { "line": 8, "column": 8 }, "end": { "line": 8, "column": 29 } },
            "1": { "start": { "line": 10, "column": 35 }, "end": { "line": 23, "column": 72 } },
            "2": { "start": { "line": 11, "column": 8 }, "end": { "line": 11, "column": 25 } },
            "3": { "start": { "line": 12, "column": 8 }, "end": { "line": 22, "column": 9 } },
            "4": { "start": { "line": 13, "column": 29 }, "end": { "line": 13, "column": 101 } },
            "5": { "start": { "line": 14, "column": 12 }, "end": { "line": 14, "column": 57 } },
            "6": { "start": { "line": 15, "column": 12 }, "end": { "line": 15, "column": 53 } },
            "7": { "start": { "line": 17, "column": 12 }, "end": { "line": 17, "column": 71 } },
            "8": { "start": { "line": 18, "column": 12 }, "end": { "line": 18, "column": 28 } },
            "9": { "start": { "line": 20, "column": 12 }, "end": { "line": 20, "column": 30 } },
            "10": { "start": { "line": 21, "column": 12 }, "end": { "line": 21, "column": 38 } },
            "11": { "start": { "line": 25, "column": 4 }, "end": { "line": 29, "column": 69 } },
            "12": { "start": { "line": 26, "column": 8 }, "end": { "line": 28, "column": 9 } },
            "13": { "start": { "line": 27, "column": 12 }, "end": { "line": 27, "column": 37 } }
        },
        "fnMap": {
            "0": {
                "name": "useFetchCommunityArticles",
                "decl": { "start": { "line": 6, "column": 24 }, "end": { "line": 6, "column": 49 } },
                "loc": { "start": { "line": 6, "column": 52 }, "end": { "line": 30, "column": 1 } },
                "line": 6
            },
            "1": {
                "name": "(anonymous_1)",
                "decl": { "start": { "line": 10, "column": 47 }, "end": { "line": 10, "column": 48 } },
                "loc": { "start": { "line": 10, "column": 59 }, "end": { "line": 23, "column": 5 } },
                "line": 10
            },
            "2": {
                "name": "(anonymous_2)",
                "decl": { "start": { "line": 25, "column": 14 }, "end": { "line": 25, "column": 15 } },
                "loc": { "start": { "line": 25, "column": 20 }, "end": { "line": 29, "column": 5 } },
                "line": 25
            }
        },
        "branchMap": {
            "0": {
                "loc": { "start": { "line": 26, "column": 8 }, "end": { "line": 28, "column": 9 } },
                "type": "if",
                "locations": [
                    { "start": { "line": 26, "column": 8 }, "end": { "line": 28, "column": 9 } },
                    { "start": {}, "end": {} }
                ],
                "line": 26
            },
            "1": {
                "loc": { "start": { "line": 26, "column": 12 }, "end": { "line": 26, "column": 61 } },
                "type": "binary-expr",
                "locations": [
                    { "start": { "line": 26, "column": 12 }, "end": { "line": 26, "column": 42 } },
                    { "start": { "line": 26, "column": 46 }, "end": { "line": 26, "column": 61 } }
                ],
                "line": 26
            }
        },
        "s": {
            "0": 36,
            "1": 36,
            "2": 12,
            "3": 12,
            "4": 12,
            "5": 9,
            "6": 9,
            "7": 0,
            "8": 0,
            "9": 9,
            "10": 9,
            "11": 36,
            "12": 18,
            "13": 12
        },
        "f": { "0": 36, "1": 12, "2": 18 },
        "b": { "0": [12, 6], "1": [18, 6] },
        "_coverageSchema": "1a1c01bbd47fc00a2c39e90264f33305004495a9",
        "hash": "946754157443ec338dd7f3e7da886af847a8a747"
    },
    "D:\\webproject\\some_news_project\\src\\hooks\\useFetchNews.js": {
        "path": "D:\\webproject\\some_news_project\\src\\hooks\\useFetchNews.js",
        "statementMap": {
            "0": { "start": { "line": 7, "column": 69 }, "end": { "line": 7, "column": 88 } },
            "1": { "start": { "line": 9, "column": 22 }, "end": { "line": 24, "column": 72 } },
            "2": { "start": { "line": 10, "column": 8 }, "end": { "line": 23, "column": 9 } },
            "3": { "start": { "line": 11, "column": 12 }, "end": { "line": 11, "column": 29 } },
            "4": { "start": { "line": 12, "column": 12 }, "end": { "line": 22, "column": 13 } },
            "5": { "start": { "line": 13, "column": 33 }, "end": { "line": 13, "column": 58 } },
            "6": { "start": { "line": 15, "column": 16 }, "end": { "line": 15, "column": 39 } },
            "7": { "start": { "line": 16, "column": 16 }, "end": { "line": 16, "column": 35 } },
            "8": { "start": { "line": 17, "column": 16 }, "end": { "line": 17, "column": 34 } },
            "9": { "start": { "line": 19, "column": 16 }, "end": { "line": 19, "column": 61 } },
            "10": { "start": { "line": 20, "column": 16 }, "end": { "line": 20, "column": 32 } },
            "11": { "start": { "line": 21, "column": 16 }, "end": { "line": 21, "column": 34 } },
            "12": { "start": { "line": 26, "column": 4 }, "end": { "line": 28, "column": 30 } },
            "13": { "start": { "line": 27, "column": 8 }, "end": { "line": 27, "column": 20 } }
        },
        "fnMap": {
            "0": {
                "name": "useFetchNews",
                "decl": { "start": { "line": 6, "column": 24 }, "end": { "line": 6, "column": 36 } },
                "loc": { "start": { "line": 6, "column": 51 }, "end": { "line": 29, "column": 1 } },
                "line": 6
            },
            "1": {
                "name": "(anonymous_1)",
                "decl": { "start": { "line": 9, "column": 34 }, "end": { "line": 9, "column": 35 } },
                "loc": { "start": { "line": 9, "column": 46 }, "end": { "line": 24, "column": 5 } },
                "line": 9
            },
            "2": {
                "name": "(anonymous_2)",
                "decl": { "start": { "line": 26, "column": 14 }, "end": { "line": 26, "column": 15 } },
                "loc": { "start": { "line": 26, "column": 20 }, "end": { "line": 28, "column": 5 } },
                "line": 26
            }
        },
        "branchMap": {
            "0": {
                "loc": { "start": { "line": 10, "column": 8 }, "end": { "line": 23, "column": 9 } },
                "type": "if",
                "locations": [
                    { "start": { "line": 10, "column": 8 }, "end": { "line": 23, "column": 9 } },
                    { "start": {}, "end": {} }
                ],
                "line": 10
            },
            "1": {
                "loc": { "start": { "line": 10, "column": 12 }, "end": { "line": 10, "column": 58 } },
                "type": "binary-expr",
                "locations": [
                    { "start": { "line": 10, "column": 12 }, "end": { "line": 10, "column": 29 } },
                    { "start": { "line": 10, "column": 33 }, "end": { "line": 10, "column": 58 } }
                ],
                "line": 10
            }
        },
        "s": {
            "0": 276,
            "1": 276,
            "2": 116,
            "3": 72,
            "4": 72,
            "5": 72,
            "6": 54,
            "7": 54,
            "8": 54,
            "9": 0,
            "10": 0,
            "11": 0,
            "12": 276,
            "13": 116
        },
        "f": { "0": 276, "1": 116, "2": 116 },
        "b": { "0": [72, 44], "1": [116, 44] },
        "_coverageSchema": "1a1c01bbd47fc00a2c39e90264f33305004495a9",
        "hash": "dd0499458749ac3aa6a180581adc333b56afda07"
    },
    "D:\\webproject\\some_news_project\\src\\hooks\\useFetchUserArticles.js": {
        "path": "D:\\webproject\\some_news_project\\src\\hooks\\useFetchUserArticles.js",
        "statementMap": {
            "0": { "start": { "line": 9, "column": 8 }, "end": { "line": 9, "column": 32 } },
            "1": { "start": { "line": 10, "column": 21 }, "end": { "line": 10, "column": 37 } },
            "2": { "start": { "line": 11, "column": 50 }, "end": { "line": 11, "column": 65 } },
            "3": { "start": { "line": 13, "column": 28 }, "end": { "line": 35, "column": 64 } },
            "4": { "start": { "line": 14, "column": 8 }, "end": { "line": 14, "column": 25 } },
            "5": { "start": { "line": 15, "column": 8 }, "end": { "line": 33, "column": 9 } },
            "6": { "start": { "line": 16, "column": 29 }, "end": { "line": 18, "column": 14 } },
            "7": { "start": { "line": 20, "column": 12 }, "end": { "line": 28, "column": 13 } },
            "8": { "start": { "line": 21, "column": 16 }, "end": { "line": 21, "column": 36 } },
            "9": { "start": { "line": 22, "column": 16 }, "end": { "line": 22, "column": 41 } },
            "10": { "start": { "line": 23, "column": 16 }, "end": { "line": 23, "column": 51 } },
            "11": { "start": { "line": 25, "column": 16 }, "end": { "line": 25, "column": 47 } },
            "12": { "start": { "line": 26, "column": 16 }, "end": { "line": 26, "column": 42 } },
            "13": { "start": { "line": 27, "column": 16 }, "end": { "line": 27, "column": 46 } },
            "14": { "start": { "line": 29, "column": 12 }, "end": { "line": 29, "column": 30 } },
            "15": { "start": { "line": 31, "column": 12 }, "end": { "line": 31, "column": 39 } },
            "16": { "start": { "line": 32, "column": 12 }, "end": { "line": 32, "column": 30 } },
            "17": { "start": { "line": 34, "column": 8 }, "end": { "line": 34, "column": 35 } },
            "18": { "start": { "line": 37, "column": 4 }, "end": { "line": 41, "column": 81 } },
            "19": { "start": { "line": 38, "column": 8 }, "end": { "line": 40, "column": 9 } },
            "20": { "start": { "line": 39, "column": 12 }, "end": { "line": 39, "column": 30 } }
        },
        "fnMap": {
            "0": {
                "name": "useFetchUserArticles",
                "decl": { "start": { "line": 7, "column": 24 }, "end": { "line": 7, "column": 44 } },
                "loc": { "start": { "line": 7, "column": 47 }, "end": { "line": 42, "column": 1 } },
                "line": 7
            },
            "1": {
                "name": "(anonymous_1)",
                "decl": { "start": { "line": 13, "column": 40 }, "end": { "line": 13, "column": 41 } },
                "loc": { "start": { "line": 13, "column": 52 }, "end": { "line": 35, "column": 5 } },
                "line": 13
            },
            "2": {
                "name": "(anonymous_2)",
                "decl": { "start": { "line": 37, "column": 14 }, "end": { "line": 37, "column": 15 } },
                "loc": { "start": { "line": 37, "column": 20 }, "end": { "line": 41, "column": 5 } },
                "line": 37
            }
        },
        "branchMap": {
            "0": {
                "loc": { "start": { "line": 20, "column": 12 }, "end": { "line": 28, "column": 13 } },
                "type": "if",
                "locations": [
                    { "start": { "line": 20, "column": 12 }, "end": { "line": 28, "column": 13 } },
                    { "start": { "line": 24, "column": 19 }, "end": { "line": 28, "column": 13 } }
                ],
                "line": 20
            },
            "1": {
                "loc": { "start": { "line": 38, "column": 8 }, "end": { "line": 40, "column": 9 } },
                "type": "if",
                "locations": [
                    { "start": { "line": 38, "column": 8 }, "end": { "line": 40, "column": 9 } },
                    { "start": {}, "end": {} }
                ],
                "line": 38
            },
            "2": {
                "loc": { "start": { "line": 38, "column": 12 }, "end": { "line": 38, "column": 90 } },
                "type": "binary-expr",
                "locations": [
                    { "start": { "line": 38, "column": 12 }, "end": { "line": 38, "column": 19 } },
                    { "start": { "line": 38, "column": 24 }, "end": { "line": 38, "column": 49 } },
                    { "start": { "line": 38, "column": 53 }, "end": { "line": 38, "column": 69 } },
                    { "start": { "line": 38, "column": 74 }, "end": { "line": 38, "column": 90 } }
                ],
                "line": 38
            }
        },
        "s": {
            "0": 46,
            "1": 46,
            "2": 46,
            "3": 46,
            "4": 12,
            "5": 12,
            "6": 12,
            "7": 12,
            "8": 0,
            "9": 0,
            "10": 0,
            "11": 12,
            "12": 12,
            "13": 12,
            "14": 12,
            "15": 0,
            "16": 0,
            "17": 12,
            "18": 46,
            "19": 23,
            "20": 12
        },
        "f": { "0": 46, "1": 12, "2": 23 },
        "b": { "0": [0, 12], "1": [12, 11], "2": [23, 23, 13, 12] },
        "_coverageSchema": "1a1c01bbd47fc00a2c39e90264f33305004495a9",
        "hash": "56d03c195407d04d5ea448dd6ffda3d22481c0d4"
    },
    "D:\\webproject\\some_news_project\\src\\hooks\\useIsAuthenticated.js": {
        "path": "D:\\webproject\\some_news_project\\src\\hooks\\useIsAuthenticated.js",
        "statementMap": {
            "0": { "start": { "line": 7, "column": 21 }, "end": { "line": 7, "column": 34 } },
            "1": { "start": { "line": 9, "column": 4 }, "end": { "line": 13, "column": 19 } },
            "2": { "start": { "line": 10, "column": 8 }, "end": { "line": 12, "column": 9 } },
            "3": { "start": { "line": 11, "column": 12 }, "end": { "line": 11, "column": 31 } }
        },
        "fnMap": {
            "0": {
                "name": "useIsAuthenticated",
                "decl": { "start": { "line": 6, "column": 24 }, "end": { "line": 6, "column": 42 } },
                "loc": { "start": { "line": 6, "column": 45 }, "end": { "line": 14, "column": 1 } },
                "line": 6
            },
            "1": {
                "name": "(anonymous_1)",
                "decl": { "start": { "line": 9, "column": 14 }, "end": { "line": 9, "column": 15 } },
                "loc": { "start": { "line": 9, "column": 20 }, "end": { "line": 13, "column": 5 } },
                "line": 9
            }
        },
        "branchMap": {
            "0": {
                "loc": { "start": { "line": 10, "column": 8 }, "end": { "line": 12, "column": 9 } },
                "type": "if",
                "locations": [
                    { "start": { "line": 10, "column": 8 }, "end": { "line": 12, "column": 9 } },
                    { "start": {}, "end": {} }
                ],
                "line": 10
            }
        },
        "s": { "0": 3379, "1": 3376, "2": 150, "3": 6 },
        "f": { "0": 3379, "1": 150 },
        "b": { "0": [6, 144] },
        "_coverageSchema": "1a1c01bbd47fc00a2c39e90264f33305004495a9",
        "hash": "13412d59e39d65d23910824666f30a09f3e62c5d"
    },
    "D:\\webproject\\some_news_project\\src\\pages\\article\\Article.jsx": {
        "path": "D:\\webproject\\some_news_project\\src\\pages\\article\\Article.jsx",
        "statementMap": {
            "0": { "start": { "line": 9, "column": 16 }, "end": { "line": 62, "column": 1 } },
            "1": { "start": { "line": 10, "column": 4 }, "end": { "line": 10, "column": 25 } },
            "2": { "start": { "line": 11, "column": 21 }, "end": { "line": 11, "column": 34 } },
            "3": { "start": { "line": 12, "column": 20 }, "end": { "line": 12, "column": 34 } },
            "4": { "start": { "line": 14, "column": 4 }, "end": { "line": 22, "column": 18 } },
            "5": { "start": { "line": 15, "column": 8 }, "end": { "line": 15, "column": 30 } },
            "6": { "start": { "line": 17, "column": 8 }, "end": { "line": 21, "column": 9 } },
            "7": { "start": { "line": 18, "column": 12 }, "end": { "line": 18, "column": 55 } },
            "8": { "start": { "line": 20, "column": 12 }, "end": { "line": 20, "column": 61 } },
            "9": { "start": { "line": 24, "column": 4 }, "end": { "line": 26, "column": 5 } },
            "10": { "start": { "line": 25, "column": 8 }, "end": { "line": 25, "column": 44 } },
            "11": { "start": { "line": 28, "column": 26 }, "end": { "line": 40, "column": 5 } },
            "12": { "start": { "line": 29, "column": 8 }, "end": { "line": 38, "column": 9 } },
            "13": { "start": { "line": 30, "column": 12 }, "end": { "line": 37, "column": 14 } },
            "14": { "start": { "line": 39, "column": 8 }, "end": { "line": 39, "column": 40 } },
            "15": { "start": { "line": 41, "column": 4 }, "end": { "line": 61, "column": 6 } }
        },
        "fnMap": {
            "0": {
                "name": "(anonymous_0)",
                "decl": { "start": { "line": 9, "column": 16 }, "end": { "line": 9, "column": 17 } },
                "loc": { "start": { "line": 9, "column": 22 }, "end": { "line": 62, "column": 1 } },
                "line": 9
            },
            "1": {
                "name": "(anonymous_1)",
                "decl": { "start": { "line": 14, "column": 14 }, "end": { "line": 14, "column": 15 } },
                "loc": { "start": { "line": 14, "column": 20 }, "end": { "line": 22, "column": 5 } },
                "line": 14
            },
            "2": {
                "name": "(anonymous_2)",
                "decl": { "start": { "line": 28, "column": 26 }, "end": { "line": 28, "column": 27 } },
                "loc": { "start": { "line": 28, "column": 39 }, "end": { "line": 40, "column": 5 } },
                "line": 28
            }
        },
        "branchMap": {
            "0": {
                "loc": { "start": { "line": 17, "column": 8 }, "end": { "line": 21, "column": 9 } },
                "type": "if",
                "locations": [
                    { "start": { "line": 17, "column": 8 }, "end": { "line": 21, "column": 9 } },
                    { "start": { "line": 19, "column": 15 }, "end": { "line": 21, "column": 9 } }
                ],
                "line": 17
            },
            "1": {
                "loc": { "start": { "line": 24, "column": 4 }, "end": { "line": 26, "column": 5 } },
                "type": "if",
                "locations": [
                    { "start": { "line": 24, "column": 4 }, "end": { "line": 26, "column": 5 } },
                    { "start": {}, "end": {} }
                ],
                "line": 24
            },
            "2": {
                "loc": { "start": { "line": 29, "column": 8 }, "end": { "line": 38, "column": 9 } },
                "type": "if",
                "locations": [
                    { "start": { "line": 29, "column": 8 }, "end": { "line": 38, "column": 9 } },
                    { "start": {}, "end": {} }
                ],
                "line": 29
            },
            "3": {
                "loc": { "start": { "line": 29, "column": 12 }, "end": { "line": 29, "column": 61 } },
                "type": "binary-expr",
                "locations": [
                    { "start": { "line": 29, "column": 12 }, "end": { "line": 29, "column": 27 } },
                    { "start": { "line": 29, "column": 31 }, "end": { "line": 29, "column": 61 } }
                ],
                "line": 29
            }
        },
        "s": {
            "0": 40,
            "1": 10,
            "2": 10,
            "3": 10,
            "4": 10,
            "5": 10,
            "6": 10,
            "7": 8,
            "8": 2,
            "9": 10,
            "10": 2,
            "11": 8,
            "12": 8,
            "13": 8,
            "14": 0,
            "15": 8
        },
        "f": { "0": 10, "1": 10, "2": 8 },
        "b": { "0": [8, 2], "1": [2, 8], "2": [8, 0], "3": [8, 8] },
        "_coverageSchema": "1a1c01bbd47fc00a2c39e90264f33305004495a9",
        "hash": "cb8cec9d28917ce675cc6b7d11b00f68ac579401"
    },
    "D:\\webproject\\some_news_project\\src\\pages\\community\\Community.jsx": {
        "path": "D:\\webproject\\some_news_project\\src\\pages\\community\\Community.jsx",
        "statementMap": {
            "0": { "start": { "line": 13, "column": 4 }, "end": { "line": 13, "column": 24 } },
            "1": { "start": { "line": 14, "column": 4 }, "end": { "line": 14, "column": 32 } },
            "2": { "start": { "line": 15, "column": 22 }, "end": { "line": 15, "column": 38 } },
            "3": { "start": { "line": 16, "column": 43 }, "end": { "line": 16, "column": 64 } },
            "4": { "start": { "line": 18, "column": 4 }, "end": { "line": 18, "column": 96 } },
            "5": { "start": { "line": 18, "column": 17 }, "end": { "line": 18, "column": 96 } },
            "6": { "start": { "line": 19, "column": 4 }, "end": { "line": 19, "column": 65 } },
            "7": { "start": { "line": 19, "column": 15 }, "end": { "line": 19, "column": 65 } },
            "8": { "start": { "line": 21, "column": 4 }, "end": { "line": 82, "column": 6 } },
            "9": { "start": { "line": 28, "column": 46 }, "end": { "line": 28, "column": 92 } },
            "10": { "start": { "line": 30, "column": 28 }, "end": { "line": 73, "column": 30 } }
        },
        "fnMap": {
            "0": {
                "name": "Community",
                "decl": { "start": { "line": 12, "column": 9 }, "end": { "line": 12, "column": 18 } },
                "loc": { "start": { "line": 12, "column": 21 }, "end": { "line": 83, "column": 1 } },
                "line": 12
            },
            "1": {
                "name": "(anonymous_1)",
                "decl": { "start": { "line": 27, "column": 46 }, "end": { "line": 27, "column": 47 } },
                "loc": { "start": { "line": 27, "column": 66 }, "end": { "line": 74, "column": 25 } },
                "line": 27
            }
        },
        "branchMap": {
            "0": {
                "loc": { "start": { "line": 18, "column": 4 }, "end": { "line": 18, "column": 96 } },
                "type": "if",
                "locations": [
                    { "start": { "line": 18, "column": 4 }, "end": { "line": 18, "column": 96 } },
                    { "start": {}, "end": {} }
                ],
                "line": 18
            },
            "1": {
                "loc": { "start": { "line": 19, "column": 4 }, "end": { "line": 19, "column": 65 } },
                "type": "if",
                "locations": [
                    { "start": { "line": 19, "column": 4 }, "end": { "line": 19, "column": 65 } },
                    { "start": {}, "end": {} }
                ],
                "line": 19
            },
            "2": {
                "loc": { "start": { "line": 26, "column": 21 }, "end": { "line": 77, "column": 21 } },
                "type": "cond-expr",
                "locations": [
                    { "start": { "line": 27, "column": 24 }, "end": { "line": 74, "column": 26 } },
                    { "start": { "line": 76, "column": 24 }, "end": { "line": 76, "column": 58 } }
                ],
                "line": 26
            },
            "3": {
                "loc": { "start": { "line": 26, "column": 21 }, "end": { "line": 26, "column": 70 } },
                "type": "binary-expr",
                "locations": [
                    { "start": { "line": 26, "column": 21 }, "end": { "line": 26, "column": 38 } },
                    { "start": { "line": 26, "column": 42 }, "end": { "line": 26, "column": 70 } }
                ],
                "line": 26
            },
            "4": {
                "loc": { "start": { "line": 28, "column": 46 }, "end": { "line": 28, "column": 92 } },
                "type": "cond-expr",
                "locations": [
                    { "start": { "line": 28, "column": 64 }, "end": { "line": 28, "column": 79 } },
                    { "start": { "line": 28, "column": 82 }, "end": { "line": 28, "column": 92 } }
                ],
                "line": 28
            },
            "5": {
                "loc": { "start": { "line": 30, "column": 35 }, "end": { "line": 73, "column": 29 } },
                "type": "cond-expr",
                "locations": [
                    { "start": { "line": 31, "column": 32 }, "end": { "line": 52, "column": 37 } },
                    { "start": { "line": 54, "column": 32 }, "end": { "line": 72, "column": 37 } }
                ],
                "line": 30
            },
            "6": {
                "loc": { "start": { "line": 34, "column": 72 }, "end": { "line": 34, "column": 123 } },
                "type": "cond-expr",
                "locations": [
                    { "start": { "line": 34, "column": 99 }, "end": { "line": 34, "column": 118 } },
                    { "start": { "line": 34, "column": 121 }, "end": { "line": 34, "column": 123 } }
                ],
                "line": 34
            },
            "7": {
                "loc": { "start": { "line": 35, "column": 49 }, "end": { "line": 35, "column": 78 } },
                "type": "binary-expr",
                "locations": [
                    { "start": { "line": 35, "column": 49 }, "end": { "line": 35, "column": 64 } },
                    { "start": { "line": 35, "column": 68 }, "end": { "line": 35, "column": 78 } }
                ],
                "line": 35
            },
            "8": {
                "loc": { "start": { "line": 68, "column": 71 }, "end": { "line": 68, "column": 125 } },
                "type": "cond-expr",
                "locations": [
                    { "start": { "line": 68, "column": 98 }, "end": { "line": 68, "column": 120 } },
                    { "start": { "line": 68, "column": 123 }, "end": { "line": 68, "column": 125 } }
                ],
                "line": 68
            },
            "9": {
                "loc": { "start": { "line": 70, "column": 45 }, "end": { "line": 70, "column": 77 } },
                "type": "binary-expr",
                "locations": [
                    { "start": { "line": 70, "column": 45 }, "end": { "line": 70, "column": 58 } },
                    { "start": { "line": 70, "column": 62 }, "end": { "line": 70, "column": 77 } }
                ],
                "line": 70
            }
        },
        "s": { "0": 36, "1": 36, "2": 36, "3": 36, "4": 36, "5": 12, "6": 24, "7": 0, "8": 24, "9": 132, "10": 132 },
        "f": { "0": 36, "1": 132 },
        "b": {
            "0": [12, 24],
            "1": [0, 24],
            "2": [12, 12],
            "3": [24, 24],
            "4": [84, 48],
            "5": [12, 120],
            "6": [0, 12],
            "7": [12, 0],
            "8": [48, 72],
            "9": [120, 0]
        },
        "_coverageSchema": "1a1c01bbd47fc00a2c39e90264f33305004495a9",
        "hash": "aa3d9a2481f83c3d259d4a9cf7e780d19fefad30"
    },
    "D:\\webproject\\some_news_project\\src\\pages\\home\\Home.jsx": {
        "path": "D:\\webproject\\some_news_project\\src\\pages\\home\\Home.jsx",
        "statementMap": {
            "0": { "start": { "line": 8, "column": 21 }, "end": { "line": 8, "column": 64 } },
            "1": { "start": { "line": 10, "column": 4 }, "end": { "line": 14, "column": 6 } }
        },
        "fnMap": {
            "0": {
                "name": "Home",
                "decl": { "start": { "line": 7, "column": 9 }, "end": { "line": 7, "column": 13 } },
                "loc": { "start": { "line": 7, "column": 16 }, "end": { "line": 15, "column": 1 } },
                "line": 7
            }
        },
        "branchMap": {},
        "s": { "0": 62, "1": 62 },
        "f": { "0": 62 },
        "b": {},
        "_coverageSchema": "1a1c01bbd47fc00a2c39e90264f33305004495a9",
        "hash": "24054d4a5314e115807060f30bd7696154699aa9"
    },
    "D:\\webproject\\some_news_project\\src\\pages\\login\\Login.jsx": {
        "path": "D:\\webproject\\some_news_project\\src\\pages\\login\\Login.jsx",
        "statementMap": {
            "0": { "start": { "line": 9, "column": 14 }, "end": { "line": 78, "column": 1 } },
            "1": { "start": { "line": 10, "column": 30 }, "end": { "line": 10, "column": 42 } },
            "2": { "start": { "line": 11, "column": 36 }, "end": { "line": 11, "column": 48 } },
            "3": { "start": { "line": 12, "column": 30 }, "end": { "line": 12, "column": 42 } },
            "4": { "start": { "line": 14, "column": 21 }, "end": { "line": 14, "column": 34 } },
            "5": { "start": { "line": 16, "column": 4 }, "end": { "line": 20, "column": 19 } },
            "6": { "start": { "line": 17, "column": 8 }, "end": { "line": 19, "column": 9 } },
            "7": { "start": { "line": 18, "column": 12 }, "end": { "line": 18, "column": 30 } },
            "8": { "start": { "line": 22, "column": 27 }, "end": { "line": 36, "column": 5 } },
            "9": { "start": { "line": 23, "column": 8 }, "end": { "line": 23, "column": 27 } },
            "10": { "start": { "line": 24, "column": 8 }, "end": { "line": 35, "column": 9 } },
            "11": { "start": { "line": 25, "column": 24 }, "end": { "line": 25, "column": 101 } },
            "12": { "start": { "line": 26, "column": 12 }, "end": { "line": 26, "column": 58 } },
            "13": { "start": { "line": 28, "column": 12 }, "end": { "line": 28, "column": 30 } },
            "14": { "start": { "line": 30, "column": 12 }, "end": { "line": 30, "column": 33 } },
            "15": { "start": { "line": 31, "column": 12 }, "end": { "line": 33, "column": 13 } },
            "16": { "start": { "line": 32, "column": 16 }, "end": { "line": 32, "column": 50 } },
            "17": { "start": { "line": 34, "column": 12 }, "end": { "line": 34, "column": 63 } },
            "18": { "start": { "line": 38, "column": 4 }, "end": { "line": 77, "column": 6 } },
            "19": { "start": { "line": 51, "column": 41 }, "end": { "line": 51, "column": 65 } },
            "20": { "start": { "line": 62, "column": 41 }, "end": { "line": 62, "column": 68 } }
        },
        "fnMap": {
            "0": {
                "name": "(anonymous_0)",
                "decl": { "start": { "line": 9, "column": 14 }, "end": { "line": 9, "column": 15 } },
                "loc": { "start": { "line": 9, "column": 20 }, "end": { "line": 78, "column": 1 } },
                "line": 9
            },
            "1": {
                "name": "(anonymous_1)",
                "decl": { "start": { "line": 16, "column": 14 }, "end": { "line": 16, "column": 15 } },
                "loc": { "start": { "line": 16, "column": 20 }, "end": { "line": 20, "column": 5 } },
                "line": 16
            },
            "2": {
                "name": "(anonymous_2)",
                "decl": { "start": { "line": 22, "column": 27 }, "end": { "line": 22, "column": 28 } },
                "loc": { "start": { "line": 22, "column": 40 }, "end": { "line": 36, "column": 5 } },
                "line": 22
            },
            "3": {
                "name": "(anonymous_3)",
                "decl": { "start": { "line": 51, "column": 34 }, "end": { "line": 51, "column": 35 } },
                "loc": { "start": { "line": 51, "column": 41 }, "end": { "line": 51, "column": 65 } },
                "line": 51
            },
            "4": {
                "name": "(anonymous_4)",
                "decl": { "start": { "line": 62, "column": 34 }, "end": { "line": 62, "column": 35 } },
                "loc": { "start": { "line": 62, "column": 41 }, "end": { "line": 62, "column": 68 } },
                "line": 62
            }
        },
        "branchMap": {
            "0": {
                "loc": { "start": { "line": 17, "column": 8 }, "end": { "line": 19, "column": 9 } },
                "type": "if",
                "locations": [
                    { "start": { "line": 17, "column": 8 }, "end": { "line": 19, "column": 9 } },
                    { "start": {}, "end": {} }
                ],
                "line": 17
            },
            "1": {
                "loc": { "start": { "line": 31, "column": 12 }, "end": { "line": 33, "column": 13 } },
                "type": "if",
                "locations": [
                    { "start": { "line": 31, "column": 12 }, "end": { "line": 33, "column": 13 } },
                    { "start": {}, "end": {} }
                ],
                "line": 31
            },
            "2": {
                "loc": { "start": { "line": 66, "column": 46 }, "end": { "line": 66, "column": 87 } },
                "type": "binary-expr",
                "locations": [
                    { "start": { "line": 66, "column": 46 }, "end": { "line": 66, "column": 51 } },
                    { "start": { "line": 66, "column": 55 }, "end": { "line": 66, "column": 87 } }
                ],
                "line": 66
            }
        },
        "s": {
            "0": 40,
            "1": 1238,
            "2": 1238,
            "3": 1238,
            "4": 1238,
            "5": 1238,
            "6": 64,
            "7": 2,
            "8": 1238,
            "9": 26,
            "10": 26,
            "11": 26,
            "12": 25,
            "13": 25,
            "14": 1,
            "15": 1,
            "16": 0,
            "17": 1,
            "18": 1238,
            "19": 378,
            "20": 208
        },
        "f": { "0": 1238, "1": 64, "2": 26, "3": 378, "4": 208 },
        "b": { "0": [2, 62], "1": [0, 1], "2": [1238, 2] },
        "_coverageSchema": "1a1c01bbd47fc00a2c39e90264f33305004495a9",
        "hash": "9d5c7bda93cfa2a30fee7cae8a92864bebeb8ab9"
    },
    "D:\\webproject\\some_news_project\\src\\pages\\newArticle\\NewArticle.jsx": {
        "path": "D:\\webproject\\some_news_project\\src\\pages\\newArticle\\NewArticle.jsx",
        "statementMap": {
            "0": { "start": { "line": 19, "column": 23 }, "end": { "line": 30, "column": 1 } },
            "1": { "start": { "line": 32, "column": 14 }, "end": { "line": 34, "column": 1 } },
            "2": { "start": { "line": 37, "column": 4 }, "end": { "line": 37, "column": 24 } },
            "3": { "start": { "line": 38, "column": 30 }, "end": { "line": 38, "column": 46 } },
            "4": { "start": { "line": 39, "column": 36 }, "end": { "line": 39, "column": 60 } },
            "5": { "start": { "line": 40, "column": 35 }, "end": { "line": 40, "column": 56 } },
            "6": { "start": { "line": 41, "column": 44 }, "end": { "line": 41, "column": 56 } },
            "7": { "start": { "line": 42, "column": 56 }, "end": { "line": 42, "column": 68 } },
            "8": { "start": { "line": 43, "column": 52 }, "end": { "line": 43, "column": 64 } },
            "9": { "start": { "line": 44, "column": 48 }, "end": { "line": 44, "column": 60 } },
            "10": { "start": { "line": 45, "column": 30 }, "end": { "line": 45, "column": 42 } },
            "11": { "start": { "line": 46, "column": 27 }, "end": { "line": 46, "column": 39 } },
            "12": { "start": { "line": 48, "column": 31 }, "end": { "line": 48, "column": 77 } },
            "13": { "start": { "line": 48, "column": 42 }, "end": { "line": 48, "column": 77 } },
            "14": { "start": { "line": 49, "column": 35 }, "end": { "line": 56, "column": 5 } },
            "15": { "start": { "line": 50, "column": 21 }, "end": { "line": 50, "column": 42 } },
            "16": { "start": { "line": 51, "column": 8 }, "end": { "line": 55, "column": 9 } },
            "17": { "start": { "line": 52, "column": 12 }, "end": { "line": 52, "column": 38 } },
            "18": { "start": { "line": 54, "column": 12 }, "end": { "line": 54, "column": 38 } },
            "19": { "start": { "line": 57, "column": 37 }, "end": { "line": 61, "column": 5 } },
            "20": { "start": { "line": 58, "column": 8 }, "end": { "line": 58, "column": 50 } },
            "21": { "start": { "line": 59, "column": 8 }, "end": { "line": 59, "column": 43 } },
            "22": { "start": { "line": 60, "column": 8 }, "end": { "line": 60, "column": 69 } },
            "23": { "start": { "line": 63, "column": 21 }, "end": { "line": 63, "column": 34 } },
            "24": { "start": { "line": 65, "column": 24 }, "end": { "line": 132, "column": 5 } },
            "25": { "start": { "line": 66, "column": 8 }, "end": { "line": 66, "column": 30 } },
            "26": { "start": { "line": 68, "column": 8 }, "end": { "line": 68, "column": 31 } },
            "27": { "start": { "line": 70, "column": 8 }, "end": { "line": 73, "column": 9 } },
            "28": { "start": { "line": 71, "column": 12 }, "end": { "line": 71, "column": 60 } },
            "29": { "start": { "line": 72, "column": 12 }, "end": { "line": 72, "column": 19 } },
            "30": { "start": { "line": 74, "column": 8 }, "end": { "line": 77, "column": 9 } },
            "31": { "start": { "line": 75, "column": 12 }, "end": { "line": 75, "column": 61 } },
            "32": { "start": { "line": 76, "column": 12 }, "end": { "line": 76, "column": 19 } },
            "33": { "start": { "line": 78, "column": 8 }, "end": { "line": 81, "column": 9 } },
            "34": { "start": { "line": 79, "column": 12 }, "end": { "line": 79, "column": 68 } },
            "35": { "start": { "line": 80, "column": 12 }, "end": { "line": 80, "column": 19 } },
            "36": { "start": { "line": 83, "column": 8 }, "end": { "line": 86, "column": 9 } },
            "37": { "start": { "line": 84, "column": 12 }, "end": { "line": 84, "column": 67 } },
            "38": { "start": { "line": 85, "column": 12 }, "end": { "line": 85, "column": 19 } },
            "39": { "start": { "line": 88, "column": 8 }, "end": { "line": 91, "column": 9 } },
            "40": { "start": { "line": 89, "column": 12 }, "end": { "line": 89, "column": 70 } },
            "41": { "start": { "line": 90, "column": 12 }, "end": { "line": 90, "column": 19 } },
            "42": { "start": { "line": 93, "column": 26 }, "end": { "line": 93, "column": 90 } },
            "43": { "start": { "line": 95, "column": 8 }, "end": { "line": 131, "column": 9 } },
            "44": { "start": { "line": 96, "column": 30 }, "end": { "line": 104, "column": 13 } },
            "45": { "start": { "line": 97, "column": 16 }, "end": { "line": 103, "column": 19 } },
            "46": { "start": { "line": 98, "column": 35 }, "end": { "line": 98, "column": 51 } },
            "47": { "start": { "line": 99, "column": 20 }, "end": { "line": 99, "column": 85 } },
            "48": { "start": { "line": 99, "column": 61 }, "end": { "line": 99, "column": 83 } },
            "49": { "start": { "line": 100, "column": 20 }, "end": { "line": 100, "column": 109 } },
            "50": { "start": { "line": 100, "column": 59 }, "end": { "line": 100, "column": 107 } },
            "51": { "start": { "line": 102, "column": 20 }, "end": { "line": 102, "column": 47 } },
            "52": { "start": { "line": 106, "column": 31 }, "end": { "line": 106, "column": 33 } },
            "53": { "start": { "line": 108, "column": 12 }, "end": { "line": 110, "column": 13 } },
            "54": { "start": { "line": 109, "column": 16 }, "end": { "line": 109, "column": 58 } },
            "55": { "start": { "line": 112, "column": 29 }, "end": { "line": 118, "column": 14 } },
            "56": { "start": { "line": 119, "column": 12 }, "end": { "line": 119, "column": 38 } },
            "57": { "start": { "line": 120, "column": 12 }, "end": { "line": 120, "column": 37 } },
            "58": { "start": { "line": 121, "column": 12 }, "end": { "line": 124, "column": 13 } },
            "59": { "start": { "line": 122, "column": 16 }, "end": { "line": 122, "column": 29 } },
            "60": { "start": { "line": 123, "column": 16 }, "end": { "line": 123, "column": 43 } },
            "61": { "start": { "line": 126, "column": 12 }, "end": { "line": 130, "column": 13 } },
            "62": { "start": { "line": 127, "column": 16 }, "end": { "line": 127, "column": 102 } },
            "63": { "start": { "line": 129, "column": 16 }, "end": { "line": 129, "column": 74 } },
            "64": { "start": { "line": 134, "column": 4 }, "end": { "line": 134, "column": 96 } },
            "65": { "start": { "line": 134, "column": 17 }, "end": { "line": 134, "column": 96 } },
            "66": { "start": { "line": 136, "column": 4 }, "end": { "line": 185, "column": 6 } }
        },
        "fnMap": {
            "0": {
                "name": "NewArticle",
                "decl": { "start": { "line": 36, "column": 9 }, "end": { "line": 36, "column": 19 } },
                "loc": { "start": { "line": 36, "column": 22 }, "end": { "line": 186, "column": 1 } },
                "line": 36
            },
            "1": {
                "name": "(anonymous_1)",
                "decl": { "start": { "line": 48, "column": 31 }, "end": { "line": 48, "column": 32 } },
                "loc": { "start": { "line": 48, "column": 42 }, "end": { "line": 48, "column": 77 } },
                "line": 48
            },
            "2": {
                "name": "(anonymous_2)",
                "decl": { "start": { "line": 49, "column": 35 }, "end": { "line": 49, "column": 36 } },
                "loc": { "start": { "line": 49, "column": 46 }, "end": { "line": 56, "column": 5 } },
                "line": 49
            },
            "3": {
                "name": "(anonymous_3)",
                "decl": { "start": { "line": 57, "column": 37 }, "end": { "line": 57, "column": 38 } },
                "loc": { "start": { "line": 57, "column": 48 }, "end": { "line": 61, "column": 5 } },
                "line": 57
            },
            "4": {
                "name": "(anonymous_4)",
                "decl": { "start": { "line": 65, "column": 24 }, "end": { "line": 65, "column": 25 } },
                "loc": { "start": { "line": 65, "column": 41 }, "end": { "line": 132, "column": 5 } },
                "line": 65
            },
            "5": {
                "name": "(anonymous_5)",
                "decl": { "start": { "line": 96, "column": 30 }, "end": { "line": 96, "column": 31 } },
                "loc": { "start": { "line": 96, "column": 40 }, "end": { "line": 104, "column": 13 } },
                "line": 96
            },
            "6": {
                "name": "(anonymous_6)",
                "decl": { "start": { "line": 97, "column": 35 }, "end": { "line": 97, "column": 36 } },
                "loc": { "start": { "line": 97, "column": 56 }, "end": { "line": 103, "column": 17 } },
                "line": 97
            },
            "7": {
                "name": "(anonymous_7)",
                "decl": { "start": { "line": 99, "column": 55 }, "end": { "line": 99, "column": 56 } },
                "loc": { "start": { "line": 99, "column": 61 }, "end": { "line": 99, "column": 83 } },
                "line": 99
            },
            "8": {
                "name": "(anonymous_8)",
                "decl": { "start": { "line": 100, "column": 53 }, "end": { "line": 100, "column": 54 } },
                "loc": { "start": { "line": 100, "column": 59 }, "end": { "line": 100, "column": 107 } },
                "line": 100
            }
        },
        "branchMap": {
            "0": {
                "loc": { "start": { "line": 51, "column": 8 }, "end": { "line": 55, "column": 9 } },
                "type": "if",
                "locations": [
                    { "start": { "line": 51, "column": 8 }, "end": { "line": 55, "column": 9 } },
                    { "start": { "line": 53, "column": 15 }, "end": { "line": 55, "column": 9 } }
                ],
                "line": 51
            },
            "1": {
                "loc": { "start": { "line": 70, "column": 8 }, "end": { "line": 73, "column": 9 } },
                "type": "if",
                "locations": [
                    { "start": { "line": 70, "column": 8 }, "end": { "line": 73, "column": 9 } },
                    { "start": {}, "end": {} }
                ],
                "line": 70
            },
            "2": {
                "loc": { "start": { "line": 74, "column": 8 }, "end": { "line": 77, "column": 9 } },
                "type": "if",
                "locations": [
                    { "start": { "line": 74, "column": 8 }, "end": { "line": 77, "column": 9 } },
                    { "start": {}, "end": {} }
                ],
                "line": 74
            },
            "3": {
                "loc": { "start": { "line": 78, "column": 8 }, "end": { "line": 81, "column": 9 } },
                "type": "if",
                "locations": [
                    { "start": { "line": 78, "column": 8 }, "end": { "line": 81, "column": 9 } },
                    { "start": {}, "end": {} }
                ],
                "line": 78
            },
            "4": {
                "loc": { "start": { "line": 83, "column": 8 }, "end": { "line": 86, "column": 9 } },
                "type": "if",
                "locations": [
                    { "start": { "line": 83, "column": 8 }, "end": { "line": 86, "column": 9 } },
                    { "start": {}, "end": {} }
                ],
                "line": 83
            },
            "5": {
                "loc": { "start": { "line": 88, "column": 8 }, "end": { "line": 91, "column": 9 } },
                "type": "if",
                "locations": [
                    { "start": { "line": 88, "column": 8 }, "end": { "line": 91, "column": 9 } },
                    { "start": {}, "end": {} }
                ],
                "line": 88
            },
            "6": {
                "loc": { "start": { "line": 93, "column": 26 }, "end": { "line": 93, "column": 90 } },
                "type": "cond-expr",
                "locations": [
                    { "start": { "line": 93, "column": 54 }, "end": { "line": 93, "column": 71 } },
                    { "start": { "line": 93, "column": 74 }, "end": { "line": 93, "column": 90 } }
                ],
                "line": 93
            },
            "7": {
                "loc": { "start": { "line": 108, "column": 12 }, "end": { "line": 110, "column": 13 } },
                "type": "if",
                "locations": [
                    { "start": { "line": 108, "column": 12 }, "end": { "line": 110, "column": 13 } },
                    { "start": {}, "end": {} }
                ],
                "line": 108
            },
            "8": {
                "loc": { "start": { "line": 121, "column": 12 }, "end": { "line": 124, "column": 13 } },
                "type": "if",
                "locations": [
                    { "start": { "line": 121, "column": 12 }, "end": { "line": 124, "column": 13 } },
                    { "start": {}, "end": {} }
                ],
                "line": 121
            },
            "9": {
                "loc": { "start": { "line": 126, "column": 12 }, "end": { "line": 130, "column": 13 } },
                "type": "if",
                "locations": [
[...]
                "type": "cond-expr",
                "locations": [
                    { "start": { "line": 89, "column": 102 }, "end": { "line": 89, "column": 124 } },
                    { "start": { "line": 89, "column": 127 }, "end": { "line": 89, "column": 129 } }
                ],
                "line": 89
            },
            "8": {
                "loc": { "start": { "line": 91, "column": 49 }, "end": { "line": 91, "column": 81 } },
                "type": "binary-expr",
                "locations": [
                    { "start": { "line": 91, "column": 49 }, "end": { "line": 91, "column": 62 } },
                    { "start": { "line": 91, "column": 66 }, "end": { "line": 91, "column": 81 } }
                ],
                "line": 91
            }
        },
        "s": {
            "0": 46,
            "1": 46,
            "2": 46,
            "3": 46,
            "4": 46,
            "5": 46,
            "6": 1,
            "7": 1,
            "8": 1,
            "9": 1,
            "10": 2,
            "11": 4,
            "12": 1,
            "13": 0,
            "14": 0,
            "15": 46,
            "16": 12,
            "17": 34,
            "18": 0,
            "19": 34,
            "20": 30,
            "21": 30,
            "22": 1
        },
        "f": { "0": 46, "1": 1, "2": 1, "3": 2, "4": 4, "5": 30, "6": 1 },
        "b": {
            "0": [1, 0],
            "1": [0, 0],
            "2": [12, 34],
            "3": [0, 34],
            "4": [24, 10],
            "5": [34, 34],
            "6": [24, 6],
            "7": [6, 24],
            "8": [30, 0]
        },
        "_coverageSchema": "1a1c01bbd47fc00a2c39e90264f33305004495a9",
        "hash": "7ad5afc4eefe0e35c3b28ec20c4c5ba568bcb776"
    },
    "D:\\webproject\\some_news_project\\src\\pages\\userFullArticle\\UserFullArticle.jsx": {
        "path": "D:\\webproject\\some_news_project\\src\\pages\\userFullArticle\\UserFullArticle.jsx",
        "statementMap": {
            "0": { "start": { "line": 13, "column": 24 }, "end": { "line": 139, "column": 1 } },
            "1": { "start": { "line": 14, "column": 4 }, "end": { "line": 14, "column": 24 } },
            "2": { "start": { "line": 15, "column": 30 }, "end": { "line": 15, "column": 46 } },
            "3": { "start": { "line": 16, "column": 35 }, "end": { "line": 16, "column": 56 } },
            "4": { "start": { "line": 17, "column": 34 }, "end": { "line": 17, "column": 48 } },
            "5": { "start": { "line": 18, "column": 34 }, "end": { "line": 26, "column": 6 } },
            "6": { "start": { "line": 27, "column": 50 }, "end": { "line": 27, "column": 65 } },
            "7": { "start": { "line": 29, "column": 21 }, "end": { "line": 29, "column": 34 } },
            "8": { "start": { "line": 30, "column": 26 }, "end": { "line": 30, "column": 40 } },
            "9": { "start": { "line": 32, "column": 4 }, "end": { "line": 45, "column": 7 } },
            "10": { "start": { "line": 33, "column": 30 }, "end": { "line": 42, "column": 9 } },
            "11": { "start": { "line": 34, "column": 12 }, "end": { "line": 41, "column": 13 } },
            "12": { "start": { "line": 35, "column": 16 }, "end": { "line": 37, "column": 17 } },
            "13": { "start": { "line": 36, "column": 20 }, "end": { "line": 36, "column": 45 } },
            "14": { "start": { "line": 39, "column": 16 }, "end": { "line": 39, "column": 43 } },
            "15": { "start": { "line": 40, "column": 16 }, "end": { "line": 40, "column": 34 } },
            "16": { "start": { "line": 44, "column": 8 }, "end": { "line": 44, "column": 24 } },
            "17": { "start": { "line": 47, "column": 4 }, "end": { "line": 65, "column": 24 } },
            "18": { "start": { "line": 48, "column": 33 }, "end": { "line": 61, "column": 9 } },
            "19": { "start": { "line": 49, "column": 12 }, "end": { "line": 60, "column": 13 } },
            "20": { "start": { "line": 50, "column": 36 }, "end": { "line": 54, "column": 18 } },
            "21": { "start": { "line": 55, "column": 16 }, "end": { "line": 55, "column": 53 } },
            "22": { "start": { "line": 56, "column": 16 }, "end": { "line": 56, "column": 34 } },
            "23": { "start": { "line": 58, "column": 16 }, "end": { "line": 58, "column": 43 } },
            "24": { "start": { "line": 59, "column": 16 }, "end": { "line": 59, "column": 34 } },
            "25": { "start": { "line": 63, "column": 8 }, "end": { "line": 63, "column": 30 } },
            "26": { "start": { "line": 64, "column": 8 }, "end": { "line": 64, "column": 27 } },
            "27": { "start": { "line": 67, "column": 32 }, "end": { "line": 85, "column": 5 } },
            "28": { "start": { "line": 68, "column": 8 }, "end": { "line": 68, "column": 31 } },
            "29": { "start": { "line": 70, "column": 8 }, "end": { "line": 70, "column": 26 } },
            "30": { "start": { "line": 70, "column": 19 }, "end": { "line": 70, "column": 26 } },
            "31": { "start": { "line": 72, "column": 8 }, "end": { "line": 84, "column": 9 } },
            "32": { "start": { "line": 73, "column": 29 }, "end": { "line": 76, "column": 14 } },
            "33": { "start": { "line": 77, "column": 12 }, "end": { "line": 77, "column": 49 } },
            "34": { "start": { "line": 78, "column": 12 }, "end": { "line": 78, "column": 40 } },
            "35": { "start": { "line": 79, "column": 12 }, "end": { "line": 79, "column": 46 } },
            "36": { "start": { "line": 80, "column": 12 }, "end": { "line": 80, "column": 37 } },
            "37": { "start": { "line": 82, "column": 12 }, "end": { "line": 82, "column": 39 } },
            "38": { "start": { "line": 83, "column": 12 }, "end": { "line": 83, "column": 49 } },
            "39": { "start": { "line": 87, "column": 4 }, "end": { "line": 89, "column": 5 } },
            "40": { "start": { "line": 88, "column": 8 }, "end": { "line": 88, "column": 47 } },
            "41": { "start": { "line": 91, "column": 4 }, "end": { "line": 93, "column": 5 } },
            "42": { "start": { "line": 92, "column": 8 }, "end": { "line": 92, "column": 44 } },
            "43": { "start": { "line": 95, "column": 4 }, "end": { "line": 95, "column": 96 } },
            "44": { "start": { "line": 95, "column": 17 }, "end": { "line": 95, "column": 96 } },
            "45": { "start": { "line": 97, "column": 4 }, "end": { "line": 99, "column": 5 } },
            "46": { "start": { "line": 98, "column": 8 }, "end": { "line": 98, "column": 51 } },
            "47": { "start": { "line": 101, "column": 4 }, "end": { "line": 103, "column": 5 } },
            "48": { "start": { "line": 102, "column": 8 }, "end": { "line": 102, "column": 54 } },
            "49": { "start": { "line": 105, "column": 4 }, "end": { "line": 138, "column": 6 } }
        },
        "fnMap": {
            "0": {
                "name": "(anonymous_0)",
                "decl": { "start": { "line": 13, "column": 24 }, "end": { "line": 13, "column": 25 } },
                "loc": { "start": { "line": 13, "column": 30 }, "end": { "line": 139, "column": 1 } },
                "line": 13
            },
            "1": {
                "name": "(anonymous_1)",
                "decl": { "start": { "line": 32, "column": 14 }, "end": { "line": 32, "column": 15 } },
                "loc": { "start": { "line": 32, "column": 20 }, "end": { "line": 45, "column": 5 } },
                "line": 32
            },
            "2": {
                "name": "(anonymous_2)",
                "decl": { "start": { "line": 33, "column": 30 }, "end": { "line": 33, "column": 31 } },
                "loc": { "start": { "line": 33, "column": 42 }, "end": { "line": 42, "column": 9 } },
                "line": 33
            },
            "3": {
                "name": "(anonymous_3)",
                "decl": { "start": { "line": 47, "column": 14 }, "end": { "line": 47, "column": 15 } },
                "loc": { "start": { "line": 47, "column": 20 }, "end": { "line": 65, "column": 5 } },
                "line": 47
            },
            "4": {
                "name": "(anonymous_4)",
                "decl": { "start": { "line": 48, "column": 33 }, "end": { "line": 48, "column": 34 } },
                "loc": { "start": { "line": 48, "column": 45 }, "end": { "line": 61, "column": 9 } },
                "line": 48
            },
            "5": {
                "name": "(anonymous_5)",
                "decl": { "start": { "line": 67, "column": 32 }, "end": { "line": 67, "column": 33 } },
                "loc": { "start": { "line": 67, "column": 49 }, "end": { "line": 85, "column": 5 } },
                "line": 67
            }
        },
        "branchMap": {
            "0": {
                "loc": { "start": { "line": 35, "column": 16 }, "end": { "line": 37, "column": 17 } },
                "type": "if",
                "locations": [
                    { "start": { "line": 35, "column": 16 }, "end": { "line": 37, "column": 17 } },
                    { "start": {}, "end": {} }
                ],
                "line": 35
            },
            "1": {
                "loc": { "start": { "line": 70, "column": 8 }, "end": { "line": 70, "column": 26 } },
                "type": "if",
                "locations": [
                    { "start": { "line": 70, "column": 8 }, "end": { "line": 70, "column": 26 } },
                    { "start": {}, "end": {} }
                ],
                "line": 70
            },
            "2": {
                "loc": { "start": { "line": 87, "column": 4 }, "end": { "line": 89, "column": 5 } },
                "type": "if",
                "locations": [
                    { "start": { "line": 87, "column": 4 }, "end": { "line": 89, "column": 5 } },
                    { "start": {}, "end": {} }
                ],
                "line": 87
            },
            "3": {
                "loc": { "start": { "line": 91, "column": 4 }, "end": { "line": 93, "column": 5 } },
                "type": "if",
                "locations": [
                    { "start": { "line": 91, "column": 4 }, "end": { "line": 93, "column": 5 } },
                    { "start": {}, "end": {} }
                ],
                "line": 91
            },
            "4": {
                "loc": { "start": { "line": 95, "column": 4 }, "end": { "line": 95, "column": 96 } },
                "type": "if",
                "locations": [
                    { "start": { "line": 95, "column": 4 }, "end": { "line": 95, "column": 96 } },
                    { "start": {}, "end": {} }
                ],
                "line": 95
            },
            "5": {
                "loc": { "start": { "line": 97, "column": 4 }, "end": { "line": 99, "column": 5 } },
                "type": "if",
                "locations": [
                    { "start": { "line": 97, "column": 4 }, "end": { "line": 99, "column": 5 } },
                    { "start": {}, "end": {} }
                ],
                "line": 97
            },
            "6": {
                "loc": { "start": { "line": 101, "column": 4 }, "end": { "line": 103, "column": 5 } },
                "type": "if",
                "locations": [
                    { "start": { "line": 101, "column": 4 }, "end": { "line": 103, "column": 5 } },
                    { "start": {}, "end": {} }
                ],
                "line": 101
            },
            "7": {
                "loc": { "start": { "line": 114, "column": 62 }, "end": { "line": 114, "column": 99 } },
                "type": "cond-expr",
                "locations": [
                    { "start": { "line": 114, "column": 91 }, "end": { "line": 114, "column": 93 } },
                    { "start": { "line": 114, "column": 96 }, "end": { "line": 114, "column": 99 } }
                ],
                "line": 114
            },
            "8": {
                "loc": { "start": { "line": 117, "column": 83 }, "end": { "line": 117, "column": 129 } },
                "type": "cond-expr",
                "locations": [
                    { "start": { "line": 117, "column": 101 }, "end": { "line": 117, "column": 124 } },
                    { "start": { "line": 117, "column": 127 }, "end": { "line": 117, "column": 129 } }
                ],
                "line": 117
            },
            "9": {
                "loc": { "start": { "line": 120, "column": 39 }, "end": { "line": 120, "column": 66 } },
                "type": "cond-expr",
                "locations": [
                    { "start": { "line": 120, "column": 57 }, "end": { "line": 120, "column": 61 } },
                    { "start": { "line": 120, "column": 64 }, "end": { "line": 120, "column": 66 } }
                ],
                "line": 120
            },
            "10": {
                "loc": { "start": { "line": 126, "column": 21 }, "end": { "line": 126, "column": 85 } },
                "type": "binary-expr",
                "locations": [
                    { "start": { "line": 126, "column": 21 }, "end": { "line": 126, "column": 37 } },
                    { "start": { "line": 126, "column": 41 }, "end": { "line": 126, "column": 85 } }
                ],
                "line": 126
            }
        },
        "s": {
            "0": 40,
            "1": 44,
            "2": 44,
            "3": 44,
            "4": 44,
            "5": 44,
            "6": 44,
            "7": 44,
            "8": 44,
            "9": 44,
            "10": 25,
            "11": 25,
            "12": 25,
            "13": 3,
            "14": 0,
            "15": 0,
            "16": 25,
            "17": 44,
            "18": 12,
            "19": 12,
            "20": 12,
            "21": 6,
            "22": 6,
            "23": 0,
            "24": 0,
            "25": 12,
            "26": 12,
            "27": 44,
            "28": 4,
            "29": 4,
            "30": 0,
            "31": 4,
            "32": 4,
            "33": 4,
            "34": 4,
            "35": 4,
            "36": 4,
            "37": 0,
            "38": 0,
            "39": 44,
            "40": 0,
            "41": 44,
            "42": 0,
            "43": 44,
            "44": 14,
            "45": 30,
            "46": 0,
            "47": 30,
            "48": 0,
            "49": 30
        },
        "f": { "0": 44, "1": 25, "2": 25, "3": 12, "4": 12, "5": 4 },
        "b": {
            "0": [3, 22],
            "1": [0, 4],
            "2": [0, 44],
            "3": [0, 44],
            "4": [14, 30],
            "5": [0, 30],
            "6": [0, 30],
            "7": [18, 12],
            "8": [12, 18],
            "9": [12, 18],
            "10": [30, 26]
        },
        "_coverageSchema": "1a1c01bbd47fc00a2c39e90264f33305004495a9",
        "hash": "6b1fbfbe05fc601aebc69d5f319632c3b78dc778"
    },
    "D:\\webproject\\some_news_project\\src\\utils\\auth.js": {
        "path": "D:\\webproject\\some_news_project\\src\\utils\\auth.js",
        "statementMap": {
            "0": { "start": { "line": 3, "column": 31 }, "end": { "line": 23, "column": 1 } },
            "1": { "start": { "line": 4, "column": 18 }, "end": { "line": 4, "column": 47 } },
            "2": { "start": { "line": 5, "column": 4 }, "end": { "line": 7, "column": 5 } },
            "3": { "start": { "line": 6, "column": 8 }, "end": { "line": 6, "column": 21 } },
            "4": { "start": { "line": 9, "column": 4 }, "end": { "line": 22, "column": 5 } },
            "5": { "start": { "line": 10, "column": 29 }, "end": { "line": 10, "column": 45 } },
            "6": { "start": { "line": 11, "column": 28 }, "end": { "line": 11, "column": 45 } },
            "7": { "start": { "line": 13, "column": 8 }, "end": { "line": 16, "column": 9 } },
            "8": { "start": { "line": 14, "column": 12 }, "end": { "line": 14, "column": 45 } },
            "9": { "start": { "line": 15, "column": 12 }, "end": { "line": 15, "column": 25 } },
            "10": { "start": { "line": 18, "column": 8 }, "end": { "line": 18, "column": 20 } },
            "11": { "start": { "line": 20, "column": 8 }, "end": { "line": 20, "column": 47 } },
            "12": { "start": { "line": 21, "column": 8 }, "end": { "line": 21, "column": 21 } },
            "13": { "start": { "line": 25, "column": 22 }, "end": { "line": 27, "column": 1 } },
            "14": { "start": { "line": 26, "column": 4 }, "end": { "line": 26, "column": 25 } }
        },
        "fnMap": {
            "0": {
                "name": "(anonymous_0)",
                "decl": { "start": { "line": 3, "column": 31 }, "end": { "line": 3, "column": 32 } },
                "loc": { "start": { "line": 3, "column": 37 }, "end": { "line": 23, "column": 1 } },
                "line": 3
            },
            "1": {
                "name": "(anonymous_1)",
                "decl": { "start": { "line": 25, "column": 22 }, "end": { "line": 25, "column": 23 } },
                "loc": { "start": { "line": 25, "column": 28 }, "end": { "line": 27, "column": 1 } },
                "line": 25
            }
        },
        "branchMap": {
            "0": {
                "loc": { "start": { "line": 5, "column": 4 }, "end": { "line": 7, "column": 5 } },
                "type": "if",
                "locations": [
                    { "start": { "line": 5, "column": 4 }, "end": { "line": 7, "column": 5 } },
                    { "start": {}, "end": {} }
                ],
                "line": 5
            },
            "1": {
                "loc": { "start": { "line": 13, "column": 8 }, "end": { "line": 16, "column": 9 } },
                "type": "if",
                "locations": [
                    { "start": { "line": 13, "column": 8 }, "end": { "line": 16, "column": 9 } },
                    { "start": {}, "end": {} }
                ],
                "line": 13
            }
        },
        "s": {
            "0": 40,
            "1": 220,
            "2": 220,
            "3": 74,
            "4": 146,
            "5": 146,
            "6": 146,
            "7": 146,
            "8": 0,
            "9": 0,
            "10": 146,
            "11": 0,
            "12": 0,
            "13": 40,
            "14": 3
        },
        "f": { "0": 220, "1": 3 },
        "b": { "0": [74, 146], "1": [0, 146] },
        "_coverageSchema": "1a1c01bbd47fc00a2c39e90264f33305004495a9",
        "hash": "d79249309b4a6d8151eab31f9dd8d557b4d98439"
    },
    "D:\\webproject\\some_news_project\\src\\utils\\userService.js": {
        "path": "D:\\webproject\\some_news_project\\src\\utils\\userService.js",
        "statementMap": {
            "0": { "start": { "line": 3, "column": 23 }, "end": { "line": 15, "column": 1 } },
            "1": { "start": { "line": 4, "column": 4 }, "end": { "line": 14, "column": 5 } },
            "2": { "start": { "line": 5, "column": 25 }, "end": { "line": 9, "column": 10 } },
            "3": { "start": { "line": 10, "column": 8 }, "end": { "line": 10, "column": 34 } },
            "4": { "start": { "line": 12, "column": 8 }, "end": { "line": 12, "column": 56 } },
            "5": { "start": { "line": 13, "column": 8 }, "end": { "line": 13, "column": 20 } }
        },
        "fnMap": {
            "0": {
                "name": "(anonymous_0)",
                "decl": { "start": { "line": 3, "column": 23 }, "end": { "line": 3, "column": 24 } },
                "loc": { "start": { "line": 3, "column": 35 }, "end": { "line": 15, "column": 1 } },
                "line": 3
            }
        },
        "branchMap": {},
        "s": { "0": 40, "1": 76, "2": 76, "3": 61, "4": 2, "5": 2 },
        "f": { "0": 76 },
        "b": {},
        "_coverageSchema": "1a1c01bbd47fc00a2c39e90264f33305004495a9",
        "hash": "85ba9f2ea5e9c5b29c8ce7052afd9a9355261f26"
    }
}
