TN:
SF:cypress\support\commands.js
FNF:0
FNH:0
LF:0
LH:0
BRF:0
BRH:0
end_of_record
TN:
SF:cypress\support\component.js
FNF:0
FNH:0
DA:24,13
LF:1
LH:1
BRF:0
BRH:0
end_of_record
TN:
SF:src\App.js
FN:86,App
FNF:1
FNH:1
FNDA:6,App
DA:18,3
DA:87,6
LF:2
LH:2
BRF:0
BRH:0
end_of_record
TN:
SF:src\Providers.js
FN:9,Providers
FNF:1
FNH:1
FNDA:6,Providers
DA:10,6
DA:21,3
LF:2
LH:2
BRF:0
BRH:0
end_of_record
TN:
SF:src\index.js
FNF:0
FNH:0
DA:8,3
LF:1
LH:1
BRF:0
BRH:0
end_of_record
TN:
SF:src\components\index.js
FNF:0
FNH:0
LF:0
LH:0
BRF:0
BRH:0
end_of_record
TN:
SF:src\components\footer\Footer.jsx
FN:6,Footer
FNF:1
FNH:1
FNDA:4,Footer
DA:7,4
LF:1
LH:1
BRF:0
BRH:0
end_of_record
TN:
SF:src\components\header\Header.jsx
FN:9,Header
FNF:1
FNH:1
FNDA:13,Header
DA:10,13
LF:1
LH:1
BRF:0
BRH:0
end_of_record
TN:
SF:src\components\navbar\Navbar.jsx
FN:11,Navbar
FN:21,(anonymous_1)
FN:25,(anonymous_2)
FN:32,checkpath
FNF:4
FNH:4
FNDA:96,Navbar
FNDA:15,(anonymous_1)
FNDA:7,(anonymous_2)
FNDA:96,checkpath
DA:12,96
DA:13,96
DA:15,96
DA:17,96
DA:18,96
DA:19,96
DA:21,96
DA:22,15
DA:25,96
DA:26,7
DA:27,7
DA:28,7
DA:29,7
DA:33,96
DA:34,92
DA:58,96
LF:16
LH:16
BRDA:33,0,0,92
BRDA:33,0,1,4
BRDA:37,1,0,92
BRDA:37,1,1,92
BRDA:39,2,0,92
BRDA:39,2,1,24
BRDA:61,3,0,20
BRDA:61,3,1,76
BRDA:61,4,0,96
BRDA:61,4,1,76
BRDA:66,5,0,14
BRDA:66,5,1,82
BRDA:69,6,0,5
BRDA:69,6,1,91
BRDA:72,7,0,5
BRDA:72,7,1,91
BRDA:75,8,0,5
BRDA:75,8,1,91
BRF:18
BRH:18
end_of_record
TN:
SF:src\components\newsPages\NewsPages.jsx
FN:18,NewsPages
FN:33,(anonymous_1)
FNF:2
FNH:2
FNDA:16,NewsPages
FNDA:40,(anonymous_1)
DA:14,16
DA:19,16
DA:21,16
DA:23,16
DA:25,16
DA:26,2
DA:28,2
DA:34,40
DA:36,40
LF:9
LH:9
BRDA:25,0,0,14
BRDA:25,0,1,2
BRDA:26,1,0,0
BRDA:26,1,1,2
BRDA:34,2,0,40
BRDA:34,2,1,0
BRDA:36,3,0,2
BRDA:36,3,1,38
BRDA:40,4,0,0
BRDA:40,4,1,2
BRDA:41,5,0,2
BRDA:41,5,1,0
BRDA:70,6,0,0
BRDA:70,6,1,38
BRDA:71,7,0,38
BRDA:71,7,1,0
BRF:16
BRH:10
end_of_record
TN:
SF:src\contexts\AuthContext.js
FN:6,(anonymous_0)
FN:10,(anonymous_1)
FN:20,(anonymous_2)
FNF:3
FNH:3
FNDA:200,(anonymous_0)
FNDA:47,(anonymous_1)
FNDA:7,(anonymous_2)
DA:4,13
DA:6,13
DA:7,200
DA:10,13
DA:11,47
DA:17,47
DA:18,47
DA:20,47
DA:21,7
DA:22,7
DA:23,7
DA:26,47
DA:33,13
LF:13
LH:13
BRF:0
BRH:0
end_of_record
TN:
SF:src\contexts\CommunityContext.js
FN:8,(anonymous_0)
FN:12,(anonymous_1)
FNF:2
FNH:1
FNDA:0,(anonymous_0)
FNDA:47,(anonymous_1)
DA:6,13
DA:8,13
DA:9,0
DA:12,13
DA:13,47
DA:14,47
DA:15,47
DA:16,47
DA:18,47
DA:36,13
LF:10
LH:9
BRF:0
BRH:0
end_of_record
TN:
SF:src\contexts\NewsApiContext.js
FN:6,(anonymous_0)
FN:10,(anonymous_1)
FNF:2
FNH:2
FNDA:20,(anonymous_0)
FNDA:40,(anonymous_1)
DA:4,13
DA:6,13
DA:7,20
DA:10,13
DA:11,40
DA:12,40
DA:13,40
DA:14,40
DA:16,40
DA:23,13
LF:10
LH:10
BRF:0
BRH:0
end_of_record
TN:
SF:src\contexts\UserArticlesContext.js
FN:8,(anonymous_0)
FN:12,(anonymous_1)
FN:18,(anonymous_2)
FNF:3
FNH:3
FNDA:96,(anonymous_0)
FNDA:47,(anonymous_1)
FNDA:7,(anonymous_2)
DA:6,13
DA:8,13
DA:9,96
DA:12,13
DA:13,47
DA:14,47
DA:15,47
DA:16,47
DA:18,47
DA:19,7
DA:20,7
DA:23,47
DA:42,13
LF:13
LH:13
BRF:0
BRH:0
end_of_record
TN:
SF:src\hooks\useAuthentication.js
FN:7,(anonymous_0)
FN:11,(anonymous_1)
FN:26,(anonymous_2)
FNF:3
FNH:3
FNDA:16,(anonymous_0)
FNDA:8,(anonymous_1)
FNDA:8,(anonymous_2)
DA:7,16
DA:8,16
DA:9,16
DA:11,16
DA:12,8
DA:13,8
DA:14,8
DA:15,8
DA:16,0
DA:17,0
DA:19,4
DA:21,4
DA:26,16
DA:27,8
DA:28,8
LF:15
LH:13
BRDA:12,0,0,8
BRDA:12,0,1,0
BRDA:12,1,0,8
BRDA:12,1,1,8
BRF:4
BRH:3
end_of_record
TN:
SF:src\hooks\useFetchCommunityArticles.js
FN:6,useFetchCommunityArticles
FN:10,(anonymous_1)
FN:25,(anonymous_2)
FNF:3
FNH:0
FNDA:0,useFetchCommunityArticles
FNDA:0,(anonymous_1)
FNDA:0,(anonymous_2)
DA:8,0
DA:10,0
DA:11,0
DA:12,0
DA:13,0
DA:14,0
DA:15,0
DA:17,0
DA:18,0
DA:20,0
DA:21,0
DA:25,0
DA:26,0
DA:27,0
LF:14
LH:0
BRDA:26,0,0,0
BRDA:26,0,1,0
BRDA:26,1,0,0
BRDA:26,1,1,0
BRF:4
BRH:0
end_of_record
TN:
SF:src\hooks\useFetchNews.js
FN:6,useFetchNews
FN:9,(anonymous_1)
FN:26,(anonymous_2)
FNF:3
FNH:3
FNDA:16,useFetchNews
FNDA:10,(anonymous_1)
FNDA:10,(anonymous_2)
DA:7,16
DA:9,16
DA:10,10
DA:11,8
DA:12,8
DA:13,8
DA:15,3
DA:16,3
DA:17,3
DA:19,0
DA:20,0
DA:21,0
DA:26,16
DA:27,10
LF:14
LH:11
BRDA:10,0,0,8
BRDA:10,0,1,2
BRDA:10,1,0,10
BRDA:10,1,1,2
BRF:4
BRH:4
end_of_record
TN:
SF:src\hooks\useFetchUserArticles.js
FN:7,useFetchUserArticles
FN:12,(anonymous_1)
FN:34,(anonymous_2)
FNF:3
FNH:0
FNDA:0,useFetchUserArticles
FNDA:0,(anonymous_1)
FNDA:0,(anonymous_2)
DA:9,0
DA:10,0
DA:12,0
DA:13,0
DA:14,0
DA:15,0
DA:19,0
DA:20,0
DA:21,0
DA:23,0
DA:24,0
DA:26,0
DA:28,0
DA:29,0
DA:31,0
DA:34,0
DA:35,0
DA:36,0
LF:18
LH:0
BRDA:19,0,0,0
BRDA:19,0,1,0
BRDA:35,1,0,0
BRDA:35,1,1,0
BRDA:35,2,0,0
BRDA:35,2,1,0
BRDA:35,2,2,0
BRF:7
BRH:0
end_of_record
TN:
SF:src\hooks\useIsAuthenticated.js
FN:6,useIsAuthenticated
FN:9,(anonymous_1)
FNF:2
FNH:2
FNDA:10,useIsAuthenticated
FNDA:4,(anonymous_1)
DA:7,10
DA:9,10
DA:10,4
DA:11,4
LF:4
LH:4
BRDA:10,0,0,4
BRDA:10,0,1,0
BRF:2
BRH:1
end_of_record
TN:
SF:src\pages\profile\Profile.jsx
FN:31,Profile
FN:44,(anonymous_1)
FN:46,(anonymous_2)
FN:47,(anonymous_3)
FN:48,(anonymous_4)
FN:54,(anonymous_5)
FN:56,(anonymous_6)
FN:61,(anonymous_7)
FN:62,(anonymous_8)
FN:68,(anonymous_9)
FN:75,(anonymous_10)
FN:81,(anonymous_11)
FN:96,(anonymous_12)
FN:99,(anonymous_13)
FN:102,(anonymous_14)
FN:114,(anonymous_15)
FN:117,(anonymous_16)
FN:120,(anonymous_17)
FN:163,(anonymous_18)
FN:180,(anonymous_19)
FN:271,(anonymous_20)
FN:286,(anonymous_21)
FNF:22
FNH:0
FNDA:0,Profile
FNDA:0,(anonymous_1)
FNDA:0,(anonymous_2)
FNDA:0,(anonymous_3)
FNDA:0,(anonymous_4)
FNDA:0,(anonymous_5)
FNDA:0,(anonymous_6)
FNDA:0,(anonymous_7)
FNDA:0,(anonymous_8)
FNDA:0,(anonymous_9)
FNDA:0,(anonymous_10)
FNDA:0,(anonymous_11)
FNDA:0,(anonymous_12)
FNDA:0,(anonymous_13)
FNDA:0,(anonymous_14)
FNDA:0,(anonymous_15)
FNDA:0,(anonymous_16)
FNDA:0,(anonymous_17)
FNDA:0,(anonymous_18)
FNDA:0,(anonymous_19)
FNDA:0,(anonymous_20)
FNDA:0,(anonymous_21)
DA:17,3
DA:32,0
DA:34,0
DA:35,0
DA:37,0
DA:39,0
DA:41,0
DA:42,0
DA:43,0
DA:44,0
DA:46,0
DA:47,0
DA:48,0
DA:51,0
DA:53,0
DA:54,0
DA:56,0
DA:59,0
DA:60,0
DA:61,0
DA:62,0
DA:63,0
DA:64,0
DA:65,0
DA:68,0
DA:69,0
DA:70,0
DA:71,0
DA:72,0
DA:75,0
DA:76,0
DA:77,0
DA:78,0
DA:79,0
DA:81,0
DA:82,0
DA:83,0
DA:89,0
DA:90,0
DA:93,0
DA:94,0
DA:96,0
DA:97,0
DA:99,0
DA:102,0
DA:103,0
DA:104,0
DA:105,0
DA:110,0
DA:111,0
DA:113,0
DA:114,0
DA:115,0
DA:117,0
DA:120,0
DA:121,0
DA:123,0
DA:124,0
DA:125,0
DA:127,0
DA:128,0
DA:129,0
DA:132,0
DA:133,0
DA:146,0
DA:147,0
DA:148,0
DA:149,0
DA:150,0
DA:151,0
DA:154,0
DA:155,0
DA:157,0
DA:158,0
DA:163,0
DA:164,0
DA:166,0
DA:167,0
DA:170,0
DA:171,0
DA:181,0
DA:182,0
DA:184,0
DA:188,0
DA:189,0
DA:193,0
DA:195,0
DA:196,0
DA:199,0
DA:272,0
DA:287,0
LF:91
LH:1
BRDA:89,0,0,0
BRDA:89,0,1,0
BRDA:123,1,0,0
BRDA:123,1,1,0
BRDA:127,2,0,0
BRDA:127,2,1,0
BRDA:146,3,0,0
BRDA:146,3,1,0
BRDA:154,4,0,0
BRDA:154,4,1,0
BRDA:166,5,0,0
BRDA:166,5,1,0
BRDA:181,6,0,0
BRDA:181,6,1,0
BRDA:193,7,0,0
BRDA:193,7,1,0
BRDA:195,8,0,0
BRDA:195,8,1,0
BRDA:205,9,0,0
BRDA:205,9,1,0
BRDA:239,10,0,0
BRDA:239,10,1,0
BRDA:242,11,0,0
BRDA:242,11,1,0
BRDA:245,12,0,0
BRDA:245,12,1,0
BRDA:342,13,0,0
BRDA:342,13,1,0
BRDA:377,14,0,0
BRDA:377,14,1,0
BRF:30
BRH:0
end_of_record
TN:
SF:src\utils\auth.js
FN:3,(anonymous_0)
FN:25,(anonymous_1)
FNF:2
FNH:2
FNDA:4,(anonymous_0)
FNDA:7,(anonymous_1)
DA:3,13
DA:4,4
DA:5,4
DA:6,4
DA:9,0
DA:10,0
DA:11,0
DA:13,0
DA:14,0
DA:15,0
DA:18,0
DA:20,0
DA:21,0
DA:25,13
DA:26,7
LF:15
LH:6
BRDA:5,0,0,4
BRDA:5,0,1,0
BRDA:13,1,0,0
BRDA:13,1,1,0
BRF:4
BRH:1
end_of_record
TN:
SF:src\utils\userService.js
FN:3,(anonymous_0)
FNF:1
FNH:1
FNDA:2,(anonymous_0)
DA:3,13
DA:4,2
DA:5,2
DA:10,0
DA:12,2
DA:13,2
LF:6
LH:5
BRF:0
BRH:0
end_of_record
