TN:
SF:cypress\support\commands.js
FNF:0
FNH:0
LF:0
LH:0
BRF:0
BRH:0
end_of_record
TN:
SF:cypress\support\component.js
FNF:0
FNH:0
DA:24,70
LF:1
LH:1
BRF:0
BRH:0
end_of_record
TN:
SF:src\components\index.js
FNF:0
FNH:0
LF:0
LH:0
BRF:0
BRH:0
end_of_record
TN:
SF:src\components\footer\Footer.jsx
FN:6,Footer
FNF:1
FNH:1
FNDA:56,Footer
DA:7,56
LF:1
LH:1
BRF:0
BRH:0
end_of_record
TN:
SF:src\components\header\Header.jsx
FN:9,Header
FNF:1
FNH:1
FNDA:62,Header
DA:10,62
LF:1
LH:1
BRF:0
BRH:0
end_of_record
TN:
SF:src\components\navbar\Navbar.jsx
FN:11,Navbar
FN:21,(anonymous_1)
FN:25,(anonymous_2)
FN:32,checkpath
FNF:4
FNH:4
FNDA:404,Navbar
FNDA:60,(anonymous_1)
FNDA:28,(anonymous_2)
FNDA:404,checkpath
DA:12,404
DA:13,404
DA:15,404
DA:17,404
DA:18,404
DA:19,404
DA:21,404
DA:22,60
DA:25,404
DA:26,28
DA:27,28
DA:28,28
DA:29,28
DA:33,404
DA:34,388
DA:58,404
LF:16
LH:16
BRDA:33,0,0,388
BRDA:33,0,1,16
BRDA:37,1,0,388
BRDA:37,1,1,388
BRDA:39,2,0,388
BRDA:39,2,1,96
BRDA:61,3,0,86
BRDA:61,3,1,318
BRDA:61,4,0,404
BRDA:61,4,1,324
BRDA:66,5,0,62
BRDA:66,5,1,342
BRDA:69,6,0,20
BRDA:69,6,1,384
BRDA:72,7,0,20
BRDA:72,7,1,384
BRDA:75,8,0,20
BRDA:75,8,1,384
BRF:18
BRH:18
end_of_record
TN:
SF:src\components\newsPages\NewsPages.jsx
FN:18,NewsPages
FN:33,(anonymous_1)
FNF:2
FNH:2
FNDA:50,NewsPages
FNDA:200,(anonymous_1)
DA:14,70
DA:19,50
DA:21,50
DA:23,50
DA:25,50
DA:26,10
DA:28,10
DA:34,200
DA:36,200
LF:9
LH:9
BRDA:25,0,0,40
BRDA:25,0,1,10
BRDA:26,1,0,0
BRDA:26,1,1,10
BRDA:34,2,0,200
BRDA:34,2,1,0
BRDA:36,3,0,10
BRDA:36,3,1,190
BRDA:40,4,0,0
BRDA:40,4,1,10
BRDA:41,5,0,10
BRDA:41,5,1,0
BRDA:70,6,0,0
BRDA:70,6,1,190
BRDA:71,7,0,190
BRDA:71,7,1,0
BRF:16
BRH:10
end_of_record
TN:
SF:src\contexts\AuthContext.js
FN:6,(anonymous_0)
FN:10,(anonymous_1)
FN:20,(anonymous_2)
FNF:3
FNH:3
FNDA:910,(anonymous_0)
FNDA:228,(anonymous_1)
FNDA:28,(anonymous_2)
DA:4,70
DA:6,70
DA:7,910
DA:10,70
DA:11,228
DA:17,228
DA:18,228
DA:20,228
DA:21,28
DA:22,28
DA:23,28
DA:26,228
DA:33,70
LF:13
LH:13
BRF:0
BRH:0
end_of_record
TN:
SF:src\contexts\CommunityContext.js
FN:8,(anonymous_0)
FN:12,(anonymous_1)
FNF:2
FNH:1
FNDA:0,(anonymous_0)
FNDA:228,(anonymous_1)
DA:6,70
DA:8,70
DA:9,0
DA:12,70
DA:13,228
DA:14,228
DA:15,228
DA:16,228
DA:18,228
DA:36,70
LF:10
LH:9
BRF:0
BRH:0
end_of_record
TN:
SF:src\contexts\NewsApiContext.js
FN:6,(anonymous_0)
FN:10,(anonymous_1)
FNF:2
FNH:2
FNDA:100,(anonymous_0)
FNDA:200,(anonymous_1)
DA:4,70
DA:6,70
DA:7,100
DA:10,70
DA:11,200
DA:12,200
DA:13,200
DA:14,200
DA:16,200
DA:23,70
LF:10
LH:10
BRF:0
BRH:0
end_of_record
TN:
SF:src\contexts\UserArticlesContext.js
FN:8,(anonymous_0)
FN:12,(anonymous_1)
FN:18,(anonymous_2)
FNF:3
FNH:3
FNDA:404,(anonymous_0)
FNDA:228,(anonymous_1)
FNDA:28,(anonymous_2)
DA:6,70
DA:8,70
DA:9,404
DA:12,70
DA:13,228
DA:14,228
DA:15,228
DA:16,228
DA:18,228
DA:19,28
DA:20,28
DA:23,228
DA:42,70
LF:13
LH:13
BRF:0
BRH:0
end_of_record
TN:
SF:src\hooks\useAuthentication.js
FN:7,(anonymous_0)
FN:11,(anonymous_1)
FN:26,(anonymous_2)
FNF:3
FNH:3
FNDA:50,(anonymous_0)
FNDA:10,(anonymous_1)
FNDA:10,(anonymous_2)
DA:7,70
DA:8,50
DA:9,50
DA:11,50
DA:12,10
DA:13,10
DA:14,10
DA:15,10
DA:16,0
DA:17,0
DA:19,10
DA:21,10
DA:26,50
DA:27,10
DA:28,10
LF:15
LH:13
BRDA:12,0,0,10
BRDA:12,0,1,0
BRDA:12,1,0,10
BRDA:12,1,1,10
BRF:4
BRH:3
end_of_record
TN:
SF:src\hooks\useFetchNews.js
FN:6,useFetchNews
FN:9,(anonymous_1)
FN:26,(anonymous_2)
FNF:3
FNH:3
FNDA:50,useFetchNews
FNDA:20,(anonymous_1)
FNDA:20,(anonymous_2)
DA:7,50
DA:9,50
DA:10,20
DA:11,10
DA:12,10
DA:13,10
DA:15,10
DA:16,10
DA:17,10
DA:19,0
DA:20,0
DA:21,0
DA:26,50
DA:27,20
LF:14
LH:11
BRDA:10,0,0,10
BRDA:10,0,1,10
BRDA:10,1,0,20
BRDA:10,1,1,10
BRF:4
BRH:4
end_of_record
TN:
SF:src\hooks\useIsAuthenticated.js
FN:6,useIsAuthenticated
FN:9,(anonymous_1)
FNF:2
FNH:2
FNDA:50,useIsAuthenticated
FNDA:20,(anonymous_1)
DA:7,50
DA:9,50
DA:10,20
DA:11,20
LF:4
LH:4
BRDA:10,0,0,20
BRDA:10,0,1,0
BRF:2
BRH:1
end_of_record
TN:
SF:src\utils\auth.js
FN:3,(anonymous_0)
FN:25,(anonymous_1)
FNF:2
FNH:2
FNDA:20,(anonymous_0)
FNDA:28,(anonymous_1)
DA:3,70
DA:4,20
DA:5,20
DA:6,20
DA:9,0
DA:10,0
DA:11,0
DA:13,0
DA:14,0
DA:15,0
DA:18,0
DA:20,0
DA:21,0
DA:25,70
DA:26,28
LF:15
LH:6
BRDA:5,0,0,20
BRDA:5,0,1,0
BRDA:13,1,0,0
BRDA:13,1,1,0
BRF:4
BRH:1
end_of_record
TN:
SF:src\utils\userService.js
FN:3,(anonymous_0)
FNF:1
FNH:1
FNDA:10,(anonymous_0)
DA:3,70
DA:4,10
DA:5,10
DA:10,0
DA:12,10
DA:13,10
LF:6
LH:5
BRF:0
BRH:0
end_of_record
